<?xml version="1.0" encoding="utf-8"?>
<CoverageSession>
  <Summary numSequencePoints="670" visitedSequencePoints="397" numBranchPoints="302" visitedBranchPoints="158" sequenceCoverage="59.25" branchCoverage="52.31" maxCyclomaticComplexity="149" minCyclomaticComplexity="46" visitedClasses="8" numClasses="11" visitedMethods="43" numMethods="65" />
  <Modules>
    <Module hash="DAD0F09A-2D8F-4797-9CA3-C07BDF9C8666">
      <ModulePath>DependencyGraph.dll</ModulePath>
      <ModuleTime>2020-02-14T05:19:06</ModuleTime>
      <ModuleName>DependencyGraph</ModuleName>
      <Files>
        <File uid="1" fullPath="C:\Users\garre\source\repos\CS3500\spreadsheet-garrettkeefe75\Spreadsheet\DependencyGraph\DependencyGraph.cs" />
      </Files>
      <Classes>
        <Class>
          <Summary numSequencePoints="69" visitedSequencePoints="46" numBranchPoints="34" visitedBranchPoints="20" sequenceCoverage="66.66" branchCoverage="58.82" maxCyclomaticComplexity="6" minCyclomaticComplexity="1" visitedClasses="1" numClasses="1" visitedMethods="7" numMethods="11" />
          <FullName>SpreadsheetUtilities.DependencyGraph</FullName>
          <Methods>
            <Method cyclomaticComplexity="1" nPathComplexity="0" sequenceCoverage="0" branchCoverage="100" isConstructor="False" isGetter="True" isSetter="False" isStatic="True">
              <Summary numSequencePoints="1" visitedSequencePoints="0" numBranchPoints="0" visitedBranchPoints="0" sequenceCoverage="0" branchCoverage="100" maxCyclomaticComplexity="1" minCyclomaticComplexity="1" visitedClasses="0" numClasses="0" visitedMethods="0" numMethods="1" />
              <MetadataToken />
              <Name>System.Int32 SpreadsheetUtilities.DependencyGraph::get_Size()</Name>
              <FileRef uid="1" />
              <SequencePoints>
                <SequencePoint vc="0" uspid="42" ordinal="0" sl="42" sc="1" el="42" ec="2" bec="0" bev="0" fileid="1" />
              </SequencePoints>
              <BranchPoints />
              <MethodPoint vc="0" uspid="0" p8:type="SequencePoint" ordinal="0" offset="0" sc="0" sl="42" ec="1" el="42" bec="0" bev="0" fileid="1" xmlns:p8="xsi" />
            </Method>
            <Method cyclomaticComplexity="2" nPathComplexity="0" sequenceCoverage="0" branchCoverage="0" isConstructor="False" isGetter="True" isSetter="False" isStatic="True">
              <Summary numSequencePoints="4" visitedSequencePoints="0" numBranchPoints="2" visitedBranchPoints="0" sequenceCoverage="0" branchCoverage="0" maxCyclomaticComplexity="2" minCyclomaticComplexity="2" visitedClasses="0" numClasses="0" visitedMethods="0" numMethods="1" />
              <MetadataToken />
              <Name>System.Int32 SpreadsheetUtilities.DependencyGraph::get_Item(System.String)</Name>
              <FileRef uid="1" />
              <SequencePoints>
                <SequencePoint vc="0" uspid="54" ordinal="0" sl="54" sc="1" el="54" ec="2" bec="0" bev="0" fileid="1" />
                <SequencePoint vc="0" uspid="55" ordinal="1" sl="55" sc="1" el="55" ec="2" bec="0" bev="0" fileid="1" />
                <SequencePoint vc="0" uspid="56" ordinal="2" sl="56" sc="1" el="56" ec="2" bec="0" bev="0" fileid="1" />
                <SequencePoint vc="0" uspid="57" ordinal="3" sl="57" sc="1" el="57" ec="2" bec="0" bev="0" fileid="1" />
              </SequencePoints>
              <BranchPoints>
                <BranchPoint vc="0" uspid="54" ordinal="0" path="0" offset="17" offsetend="19" sl="54" fileid="1" />
                <BranchPoint vc="0" uspid="54" ordinal="1" path="1" offset="17" offsetend="28" sl="54" fileid="1" />
              </BranchPoints>
              <MethodPoint vc="0" uspid="0" p8:type="SequencePoint" ordinal="1" offset="1" sc="0" sl="54" ec="1" el="57" bec="0" bev="0" fileid="1" xmlns:p8="xsi" />
            </Method>
            <Method cyclomaticComplexity="4" nPathComplexity="0" sequenceCoverage="100" branchCoverage="100" isConstructor="False" isGetter="False" isSetter="False" isStatic="True">
              <Summary numSequencePoints="5" visitedSequencePoints="5" numBranchPoints="4" visitedBranchPoints="4" sequenceCoverage="100" branchCoverage="100" maxCyclomaticComplexity="4" minCyclomaticComplexity="4" visitedClasses="0" numClasses="0" visitedMethods="1" numMethods="1" />
              <MetadataToken />
              <Name>System.Boolean SpreadsheetUtilities.DependencyGraph::HasDependents(System.String)</Name>
              <FileRef uid="1" />
              <SequencePoints>
                <SequencePoint vc="53" uspid="65" ordinal="0" sl="65" sc="1" el="65" ec="2" bec="0" bev="0" fileid="1" />
                <SequencePoint vc="53" uspid="66" ordinal="1" sl="66" sc="1" el="66" ec="2" bec="0" bev="0" fileid="1" />
                <SequencePoint vc="21" uspid="67" ordinal="2" sl="67" sc="1" el="67" ec="2" bec="0" bev="0" fileid="1" />
                <SequencePoint vc="32" uspid="68" ordinal="3" sl="68" sc="1" el="68" ec="2" bec="0" bev="0" fileid="1" />
                <SequencePoint vc="53" uspid="69" ordinal="4" sl="69" sc="1" el="69" ec="2" bec="0" bev="0" fileid="1" />
              </SequencePoints>
              <BranchPoints>
                <BranchPoint vc="23" uspid="66" ordinal="0" path="0" offset="13" offsetend="15" sl="66" fileid="1" />
                <BranchPoint vc="30" uspid="66" ordinal="1" path="1" offset="13" offsetend="37" sl="66" fileid="1" />
                <BranchPoint vc="21" uspid="66" ordinal="2" path="0" offset="40" offsetend="42" sl="66" fileid="1" />
                <BranchPoint vc="32" uspid="66" ordinal="3" path="1" offset="40" offsetend="46" sl="66" fileid="1" />
              </BranchPoints>
              <MethodPoint vc="5" uspid="0" p8:type="SequencePoint" ordinal="2" offset="2" sc="0" sl="65" ec="1" el="69" bec="0" bev="0" fileid="1" xmlns:p8="xsi" />
            </Method>
            <Method cyclomaticComplexity="4" nPathComplexity="0" sequenceCoverage="0" branchCoverage="0" isConstructor="False" isGetter="False" isSetter="False" isStatic="True">
              <Summary numSequencePoints="5" visitedSequencePoints="0" numBranchPoints="4" visitedBranchPoints="0" sequenceCoverage="0" branchCoverage="0" maxCyclomaticComplexity="4" minCyclomaticComplexity="4" visitedClasses="0" numClasses="0" visitedMethods="0" numMethods="1" />
              <MetadataToken />
              <Name>System.Boolean SpreadsheetUtilities.DependencyGraph::HasDependees(System.String)</Name>
              <FileRef uid="1" />
              <SequencePoints>
                <SequencePoint vc="0" uspid="76" ordinal="0" sl="76" sc="1" el="76" ec="2" bec="0" bev="0" fileid="1" />
                <SequencePoint vc="0" uspid="77" ordinal="1" sl="77" sc="1" el="77" ec="2" bec="0" bev="0" fileid="1" />
                <SequencePoint vc="0" uspid="78" ordinal="2" sl="78" sc="1" el="78" ec="2" bec="0" bev="0" fileid="1" />
                <SequencePoint vc="0" uspid="79" ordinal="3" sl="79" sc="1" el="79" ec="2" bec="0" bev="0" fileid="1" />
                <SequencePoint vc="0" uspid="80" ordinal="4" sl="80" sc="1" el="80" ec="2" bec="0" bev="0" fileid="1" />
              </SequencePoints>
              <BranchPoints>
                <BranchPoint vc="0" uspid="77" ordinal="0" path="0" offset="13" offsetend="15" sl="77" fileid="1" />
                <BranchPoint vc="0" uspid="77" ordinal="1" path="1" offset="13" offsetend="37" sl="77" fileid="1" />
                <BranchPoint vc="0" uspid="77" ordinal="2" path="0" offset="40" offsetend="42" sl="77" fileid="1" />
                <BranchPoint vc="0" uspid="77" ordinal="3" path="1" offset="40" offsetend="46" sl="77" fileid="1" />
              </BranchPoints>
              <MethodPoint vc="0" uspid="0" p8:type="SequencePoint" ordinal="3" offset="3" sc="0" sl="76" ec="1" el="80" bec="0" bev="0" fileid="1" xmlns:p8="xsi" />
            </Method>
            <Method cyclomaticComplexity="2" nPathComplexity="0" sequenceCoverage="100" branchCoverage="100" isConstructor="False" isGetter="False" isSetter="False" isStatic="True">
              <Summary numSequencePoints="6" visitedSequencePoints="6" numBranchPoints="2" visitedBranchPoints="2" sequenceCoverage="100" branchCoverage="100" maxCyclomaticComplexity="2" minCyclomaticComplexity="2" visitedClasses="0" numClasses="0" visitedMethods="1" numMethods="1" />
              <MetadataToken />
              <Name>System.Collections.Generic.IEnumerable`1&lt;System.String&gt; SpreadsheetUtilities.DependencyGraph::GetDependents(System.String)</Name>
              <FileRef uid="1" />
              <SequencePoints>
                <SequencePoint vc="66" uspid="87" ordinal="0" sl="87" sc="1" el="87" ec="2" bec="0" bev="0" fileid="1" />
                <SequencePoint vc="66" uspid="88" ordinal="1" sl="88" sc="1" el="88" ec="2" bec="0" bev="0" fileid="1" />
                <SequencePoint vc="66" uspid="89" ordinal="2" sl="89" sc="1" el="89" ec="2" bec="0" bev="0" fileid="1" />
                <SequencePoint vc="55" uspid="90" ordinal="3" sl="90" sc="1" el="90" ec="2" bec="0" bev="0" fileid="1" />
                <SequencePoint vc="66" uspid="91" ordinal="4" sl="91" sc="1" el="91" ec="2" bec="0" bev="0" fileid="1" />
                <SequencePoint vc="66" uspid="92" ordinal="5" sl="92" sc="1" el="92" ec="2" bec="0" bev="0" fileid="1" />
              </SequencePoints>
              <BranchPoints>
                <BranchPoint vc="55" uspid="89" ordinal="0" path="0" offset="23" offsetend="25" sl="89" fileid="1" />
                <BranchPoint vc="66" uspid="89" ordinal="1" path="1" offset="23" offsetend="27" sl="89" fileid="1" />
              </BranchPoints>
              <MethodPoint vc="6" uspid="0" p8:type="SequencePoint" ordinal="4" offset="4" sc="0" sl="87" ec="1" el="92" bec="0" bev="0" fileid="1" xmlns:p8="xsi" />
            </Method>
            <Method cyclomaticComplexity="2" nPathComplexity="0" sequenceCoverage="100" branchCoverage="100" isConstructor="False" isGetter="False" isSetter="False" isStatic="True">
              <Summary numSequencePoints="6" visitedSequencePoints="6" numBranchPoints="2" visitedBranchPoints="2" sequenceCoverage="100" branchCoverage="100" maxCyclomaticComplexity="2" minCyclomaticComplexity="2" visitedClasses="0" numClasses="0" visitedMethods="1" numMethods="1" />
              <MetadataToken />
              <Name>System.Collections.Generic.IEnumerable`1&lt;System.String&gt; SpreadsheetUtilities.DependencyGraph::GetDependees(System.String)</Name>
              <FileRef uid="1" />
              <SequencePoints>
                <SequencePoint vc="43" uspid="98" ordinal="0" sl="98" sc="1" el="98" ec="2" bec="0" bev="0" fileid="1" />
                <SequencePoint vc="43" uspid="99" ordinal="1" sl="99" sc="1" el="99" ec="2" bec="0" bev="0" fileid="1" />
                <SequencePoint vc="43" uspid="100" ordinal="2" sl="100" sc="1" el="100" ec="2" bec="0" bev="0" fileid="1" />
                <SequencePoint vc="15" uspid="101" ordinal="3" sl="101" sc="1" el="101" ec="2" bec="0" bev="0" fileid="1" />
                <SequencePoint vc="43" uspid="102" ordinal="4" sl="102" sc="1" el="102" ec="2" bec="0" bev="0" fileid="1" />
                <SequencePoint vc="43" uspid="103" ordinal="5" sl="103" sc="1" el="103" ec="2" bec="0" bev="0" fileid="1" />
              </SequencePoints>
              <BranchPoints>
                <BranchPoint vc="15" uspid="100" ordinal="0" path="0" offset="23" offsetend="25" sl="100" fileid="1" />
                <BranchPoint vc="43" uspid="100" ordinal="1" path="1" offset="23" offsetend="27" sl="100" fileid="1" />
              </BranchPoints>
              <MethodPoint vc="6" uspid="0" p8:type="SequencePoint" ordinal="5" offset="5" sc="0" sl="98" ec="1" el="103" bec="0" bev="0" fileid="1" xmlns:p8="xsi" />
            </Method>
            <Method cyclomaticComplexity="4" nPathComplexity="0" sequenceCoverage="100" branchCoverage="75" isConstructor="False" isGetter="False" isSetter="False" isStatic="True">
              <Summary numSequencePoints="4" visitedSequencePoints="4" numBranchPoints="4" visitedBranchPoints="3" sequenceCoverage="100" branchCoverage="75" maxCyclomaticComplexity="4" minCyclomaticComplexity="4" visitedClasses="0" numClasses="0" visitedMethods="1" numMethods="1" />
              <MetadataToken />
              <Name>System.Void SpreadsheetUtilities.DependencyGraph::AddDependency(System.String,System.String)</Name>
              <FileRef uid="1" />
              <SequencePoints>
                <SequencePoint vc="60" uspid="117" ordinal="0" sl="117" sc="1" el="117" ec="2" bec="0" bev="0" fileid="1" />
                <SequencePoint vc="60" uspid="118" ordinal="1" sl="118" sc="1" el="118" ec="2" bec="0" bev="0" fileid="1" />
                <SequencePoint vc="60" uspid="119" ordinal="2" sl="119" sc="1" el="119" ec="2" bec="0" bev="0" fileid="1" />
                <SequencePoint vc="60" uspid="120" ordinal="3" sl="120" sc="1" el="120" ec="2" bec="0" bev="0" fileid="1" />
              </SequencePoints>
              <BranchPoints>
                <BranchPoint vc="60" uspid="118" ordinal="0" path="0" offset="14" offsetend="16" sl="118" fileid="1" />
                <BranchPoint vc="0" uspid="118" ordinal="1" path="1" offset="14" offsetend="31" sl="118" fileid="1" />
                <BranchPoint vc="60" uspid="118" ordinal="2" path="0" offset="34" offsetend="36" sl="118" fileid="1" />
                <BranchPoint vc="60" uspid="118" ordinal="3" path="1" offset="34" offsetend="50" sl="118" fileid="1" />
              </BranchPoints>
              <MethodPoint vc="4" uspid="0" p8:type="SequencePoint" ordinal="6" offset="6" sc="0" sl="117" ec="1" el="120" bec="0" bev="0" fileid="1" xmlns:p8="xsi" />
            </Method>
            <Method cyclomaticComplexity="4" nPathComplexity="0" sequenceCoverage="100" branchCoverage="75" isConstructor="False" isGetter="False" isSetter="False" isStatic="True">
              <Summary numSequencePoints="4" visitedSequencePoints="4" numBranchPoints="4" visitedBranchPoints="3" sequenceCoverage="100" branchCoverage="75" maxCyclomaticComplexity="4" minCyclomaticComplexity="4" visitedClasses="0" numClasses="0" visitedMethods="1" numMethods="1" />
              <MetadataToken />
              <Name>System.Void SpreadsheetUtilities.DependencyGraph::RemoveDependency(System.String,System.String)</Name>
              <FileRef uid="1" />
              <SequencePoints>
                <SequencePoint vc="27" uspid="129" ordinal="0" sl="129" sc="1" el="129" ec="2" bec="0" bev="0" fileid="1" />
                <SequencePoint vc="27" uspid="130" ordinal="1" sl="130" sc="1" el="130" ec="2" bec="0" bev="0" fileid="1" />
                <SequencePoint vc="27" uspid="131" ordinal="2" sl="131" sc="1" el="131" ec="2" bec="0" bev="0" fileid="1" />
                <SequencePoint vc="27" uspid="132" ordinal="3" sl="132" sc="1" el="132" ec="2" bec="0" bev="0" fileid="1" />
              </SequencePoints>
              <BranchPoints>
                <BranchPoint vc="27" uspid="130" ordinal="0" path="0" offset="14" offsetend="16" sl="130" fileid="1" />
                <BranchPoint vc="0" uspid="130" ordinal="1" path="1" offset="14" offsetend="31" sl="130" fileid="1" />
                <BranchPoint vc="27" uspid="130" ordinal="2" path="0" offset="34" offsetend="36" sl="130" fileid="1" />
                <BranchPoint vc="27" uspid="130" ordinal="3" path="1" offset="34" offsetend="50" sl="130" fileid="1" />
              </BranchPoints>
              <MethodPoint vc="4" uspid="0" p8:type="SequencePoint" ordinal="7" offset="7" sc="0" sl="129" ec="1" el="132" bec="0" bev="0" fileid="1" xmlns:p8="xsi" />
            </Method>
            <Method cyclomaticComplexity="6" nPathComplexity="0" sequenceCoverage="0" branchCoverage="0" isConstructor="False" isGetter="False" isSetter="False" isStatic="True">
              <Summary numSequencePoints="13" visitedSequencePoints="0" numBranchPoints="6" visitedBranchPoints="0" sequenceCoverage="0" branchCoverage="0" maxCyclomaticComplexity="6" minCyclomaticComplexity="6" visitedClasses="0" numClasses="0" visitedMethods="0" numMethods="1" />
              <MetadataToken />
              <Name>System.Void SpreadsheetUtilities.DependencyGraph::ReplaceDependents(System.String,System.Collections.Generic.IEnumerable`1&lt;System.String&gt;)</Name>
              <FileRef uid="1" />
              <SequencePoints>
                <SequencePoint vc="0" uspid="140" ordinal="0" sl="140" sc="1" el="140" ec="2" bec="0" bev="0" fileid="1" />
                <SequencePoint vc="0" uspid="142" ordinal="1" sl="142" sc="1" el="142" ec="2" bec="0" bev="0" fileid="1" />
                <SequencePoint vc="0" uspid="143" ordinal="2" sl="143" sc="1" el="143" ec="2" bec="0" bev="0" fileid="1" />
                <SequencePoint vc="0" uspid="144" ordinal="3" sl="144" sc="1" el="144" ec="2" bec="0" bev="0" fileid="1" />
                <SequencePoint vc="0" uspid="145" ordinal="4" sl="145" sc="1" el="145" ec="2" bec="0" bev="0" fileid="1" />
                <SequencePoint vc="0" uspid="146" ordinal="5" sl="146" sc="1" el="146" ec="2" bec="0" bev="0" fileid="1" />
                <SequencePoint vc="0" uspid="147" ordinal="6" sl="147" sc="1" el="147" ec="2" bec="0" bev="0" fileid="1" />
                <SequencePoint vc="0" uspid="148" ordinal="7" sl="148" sc="1" el="148" ec="2" bec="0" bev="0" fileid="1" />
                <SequencePoint vc="0" uspid="150" ordinal="8" sl="150" sc="1" el="150" ec="2" bec="0" bev="0" fileid="1" />
                <SequencePoint vc="0" uspid="151" ordinal="9" sl="151" sc="1" el="151" ec="2" bec="0" bev="0" fileid="1" />
                <SequencePoint vc="0" uspid="152" ordinal="10" sl="152" sc="1" el="152" ec="2" bec="0" bev="0" fileid="1" />
                <SequencePoint vc="0" uspid="153" ordinal="11" sl="153" sc="1" el="153" ec="2" bec="0" bev="0" fileid="1" />
                <SequencePoint vc="0" uspid="154" ordinal="12" sl="154" sc="1" el="154" ec="2" bec="0" bev="0" fileid="1" />
              </SequencePoints>
              <BranchPoints>
                <BranchPoint vc="0" uspid="142" ordinal="0" path="0" offset="17" offsetend="19" sl="142" fileid="1" />
                <BranchPoint vc="0" uspid="144" ordinal="3" path="1" offset="59" offsetend="35" sl="144" fileid="1" />
                <BranchPoint vc="0" uspid="144" ordinal="2" path="0" offset="59" offsetend="61" sl="144" fileid="1" />
                <BranchPoint vc="0" uspid="142" ordinal="1" path="1" offset="17" offsetend="75" sl="142" fileid="1" />
                <BranchPoint vc="0" uspid="150" ordinal="5" path="1" offset="114" offsetend="86" sl="150" fileid="1" />
                <BranchPoint vc="0" uspid="150" ordinal="4" path="0" offset="114" offsetend="116" sl="150" fileid="1" />
              </BranchPoints>
              <MethodPoint vc="0" uspid="0" p8:type="SequencePoint" ordinal="8" offset="8" sc="0" sl="140" ec="1" el="154" bec="0" bev="0" fileid="1" xmlns:p8="xsi" />
            </Method>
            <Method cyclomaticComplexity="6" nPathComplexity="0" sequenceCoverage="100" branchCoverage="100" isConstructor="False" isGetter="False" isSetter="False" isStatic="True">
              <Summary numSequencePoints="13" visitedSequencePoints="13" numBranchPoints="6" visitedBranchPoints="6" sequenceCoverage="100" branchCoverage="100" maxCyclomaticComplexity="6" minCyclomaticComplexity="6" visitedClasses="0" numClasses="0" visitedMethods="1" numMethods="1" />
              <MetadataToken />
              <Name>System.Void SpreadsheetUtilities.DependencyGraph::ReplaceDependees(System.String,System.Collections.Generic.IEnumerable`1&lt;System.String&gt;)</Name>
              <FileRef uid="1" />
              <SequencePoints>
                <SequencePoint vc="54" uspid="162" ordinal="0" sl="162" sc="1" el="162" ec="2" bec="0" bev="0" fileid="1" />
                <SequencePoint vc="54" uspid="164" ordinal="1" sl="164" sc="1" el="164" ec="2" bec="0" bev="0" fileid="1" />
                <SequencePoint vc="16" uspid="165" ordinal="2" sl="165" sc="1" el="165" ec="2" bec="0" bev="0" fileid="1" />
                <SequencePoint vc="102" uspid="166" ordinal="3" sl="166" sc="1" el="166" ec="2" bec="0" bev="0" fileid="1" />
                <SequencePoint vc="27" uspid="167" ordinal="4" sl="167" sc="1" el="167" ec="2" bec="0" bev="0" fileid="1" />
                <SequencePoint vc="27" uspid="168" ordinal="5" sl="168" sc="1" el="168" ec="2" bec="0" bev="0" fileid="1" />
                <SequencePoint vc="27" uspid="169" ordinal="6" sl="169" sc="1" el="169" ec="2" bec="0" bev="0" fileid="1" />
                <SequencePoint vc="16" uspid="170" ordinal="7" sl="170" sc="1" el="170" ec="2" bec="0" bev="0" fileid="1" />
                <SequencePoint vc="282" uspid="172" ordinal="8" sl="172" sc="1" el="172" ec="2" bec="0" bev="0" fileid="1" />
                <SequencePoint vc="60" uspid="173" ordinal="9" sl="173" sc="1" el="173" ec="2" bec="0" bev="0" fileid="1" />
                <SequencePoint vc="60" uspid="174" ordinal="10" sl="174" sc="1" el="174" ec="2" bec="0" bev="0" fileid="1" />
                <SequencePoint vc="60" uspid="175" ordinal="11" sl="175" sc="1" el="175" ec="2" bec="0" bev="0" fileid="1" />
                <SequencePoint vc="54" uspid="176" ordinal="12" sl="176" sc="1" el="176" ec="2" bec="0" bev="0" fileid="1" />
              </SequencePoints>
              <BranchPoints>
                <BranchPoint vc="16" uspid="164" ordinal="0" path="0" offset="17" offsetend="19" sl="164" fileid="1" />
                <BranchPoint vc="27" uspid="166" ordinal="3" path="1" offset="59" offsetend="35" sl="166" fileid="1" />
                <BranchPoint vc="16" uspid="166" ordinal="2" path="0" offset="59" offsetend="61" sl="166" fileid="1" />
                <BranchPoint vc="54" uspid="164" ordinal="1" path="1" offset="17" offsetend="75" sl="164" fileid="1" />
                <BranchPoint vc="60" uspid="172" ordinal="5" path="1" offset="114" offsetend="86" sl="172" fileid="1" />
                <BranchPoint vc="54" uspid="172" ordinal="4" path="0" offset="114" offsetend="116" sl="172" fileid="1" />
              </BranchPoints>
              <MethodPoint vc="13" uspid="0" p8:type="SequencePoint" ordinal="9" offset="9" sc="0" sl="162" ec="1" el="176" bec="0" bev="0" fileid="1" xmlns:p8="xsi" />
            </Method>
            <Method cyclomaticComplexity="1" nPathComplexity="0" sequenceCoverage="100" branchCoverage="100" isConstructor="True" isGetter="False" isSetter="False" isStatic="True">
              <Summary numSequencePoints="8" visitedSequencePoints="8" numBranchPoints="0" visitedBranchPoints="0" sequenceCoverage="100" branchCoverage="100" maxCyclomaticComplexity="1" minCyclomaticComplexity="1" visitedClasses="0" numClasses="0" visitedMethods="1" numMethods="1" />
              <MetadataToken />
              <Name>System.Void SpreadsheetUtilities.DependencyGraph::.ctor()</Name>
              <FileRef uid="1" />
              <SequencePoints>
                <SequencePoint vc="42" uspid="25" ordinal="0" sl="25" sc="1" el="25" ec="2" bec="0" bev="0" fileid="1" />
                <SequencePoint vc="42" uspid="26" ordinal="1" sl="26" sc="1" el="26" ec="2" bec="0" bev="0" fileid="1" />
                <SequencePoint vc="42" uspid="31" ordinal="2" sl="31" sc="1" el="31" ec="2" bec="0" bev="0" fileid="1" />
                <SequencePoint vc="42" uspid="32" ordinal="3" sl="32" sc="1" el="32" ec="2" bec="0" bev="0" fileid="1" />
                <SequencePoint vc="42" uspid="33" ordinal="4" sl="33" sc="1" el="33" ec="2" bec="0" bev="0" fileid="1" />
                <SequencePoint vc="42" uspid="34" ordinal="5" sl="34" sc="1" el="34" ec="2" bec="0" bev="0" fileid="1" />
                <SequencePoint vc="42" uspid="35" ordinal="6" sl="35" sc="1" el="35" ec="2" bec="0" bev="0" fileid="1" />
                <SequencePoint vc="42" uspid="36" ordinal="7" sl="36" sc="1" el="36" ec="2" bec="0" bev="0" fileid="1" />
              </SequencePoints>
              <BranchPoints />
              <MethodPoint vc="8" uspid="0" p8:type="SequencePoint" ordinal="10" offset="10" sc="0" sl="25" ec="1" el="36" bec="0" bev="0" fileid="1" xmlns:p8="xsi" />
            </Method>
          </Methods>
        </Class>
        <Class>
          <Summary numSequencePoints="22" visitedSequencePoints="19" numBranchPoints="10" visitedBranchPoints="6" sequenceCoverage="86.36" branchCoverage="60" maxCyclomaticComplexity="6" minCyclomaticComplexity="4" visitedClasses="1" numClasses="1" visitedMethods="2" numMethods="2" />
          <FullName>SpreadsheetUtilities.extensions</FullName>
          <Methods>
            <Method cyclomaticComplexity="6" nPathComplexity="0" sequenceCoverage="86.66" branchCoverage="66.66" isConstructor="False" isGetter="False" isSetter="False" isStatic="True">
              <Summary numSequencePoints="15" visitedSequencePoints="13" numBranchPoints="6" visitedBranchPoints="4" sequenceCoverage="86.66" branchCoverage="66.66" maxCyclomaticComplexity="6" minCyclomaticComplexity="6" visitedClasses="0" numClasses="0" visitedMethods="1" numMethods="1" />
              <MetadataToken />
              <Name>System.Boolean SpreadsheetUtilities.extensions::addValues(System.Collections.Generic.Dictionary`2&lt;System.String,System.Collections.Generic.HashSet`1&lt;System.String&gt;&gt;,System.String,System.String)</Name>
              <FileRef uid="1" />
              <SequencePoints>
                <SequencePoint vc="120" uspid="193" ordinal="0" sl="193" sc="1" el="193" ec="2" bec="0" bev="0" fileid="1" />
                <SequencePoint vc="120" uspid="194" ordinal="1" sl="194" sc="1" el="194" ec="2" bec="0" bev="0" fileid="1" />
                <SequencePoint vc="39" uspid="195" ordinal="2" sl="195" sc="1" el="195" ec="2" bec="0" bev="0" fileid="1" />
                <SequencePoint vc="39" uspid="196" ordinal="3" sl="196" sc="1" el="196" ec="2" bec="0" bev="0" fileid="1" />
                <SequencePoint vc="39" uspid="197" ordinal="4" sl="197" sc="1" el="197" ec="2" bec="0" bev="0" fileid="1" />
                <SequencePoint vc="39" uspid="198" ordinal="5" sl="198" sc="1" el="198" ec="2" bec="0" bev="0" fileid="1" />
                <SequencePoint vc="39" uspid="199" ordinal="6" sl="199" sc="1" el="199" ec="2" bec="0" bev="0" fileid="1" />
                <SequencePoint vc="81" uspid="202" ordinal="7" sl="202" sc="1" el="202" ec="2" bec="0" bev="0" fileid="1" />
                <SequencePoint vc="81" uspid="203" ordinal="8" sl="203" sc="1" el="203" ec="2" bec="0" bev="0" fileid="1" />
                <SequencePoint vc="81" uspid="204" ordinal="9" sl="204" sc="1" el="204" ec="2" bec="0" bev="0" fileid="1" />
                <SequencePoint vc="81" uspid="205" ordinal="10" sl="205" sc="1" el="205" ec="2" bec="0" bev="0" fileid="1" />
                <SequencePoint vc="81" uspid="206" ordinal="11" sl="206" sc="1" el="206" ec="2" bec="0" bev="0" fileid="1" />
                <SequencePoint vc="0" uspid="208" ordinal="12" sl="208" sc="1" el="208" ec="2" bec="0" bev="0" fileid="1" />
                <SequencePoint vc="0" uspid="209" ordinal="13" sl="209" sc="1" el="209" ec="2" bec="0" bev="0" fileid="1" />
                <SequencePoint vc="120" uspid="210" ordinal="14" sl="210" sc="1" el="210" ec="2" bec="0" bev="0" fileid="1" />
              </SequencePoints>
              <BranchPoints>
                <BranchPoint vc="39" uspid="194" ordinal="0" path="0" offset="13" offsetend="15" sl="194" fileid="1" />
                <BranchPoint vc="81" uspid="194" ordinal="1" path="1" offset="13" offsetend="43" sl="194" fileid="1" />
                <BranchPoint vc="81" uspid="203" ordinal="2" path="0" offset="53" offsetend="55" sl="203" fileid="1" />
                <BranchPoint vc="0" uspid="203" ordinal="3" path="1" offset="53" offsetend="67" sl="203" fileid="1" />
                <BranchPoint vc="81" uspid="203" ordinal="4" path="0" offset="72" offsetend="74" sl="203" fileid="1" />
                <BranchPoint vc="0" uspid="203" ordinal="5" path="1" offset="72" offsetend="93" sl="203" fileid="1" />
              </BranchPoints>
              <MethodPoint vc="13" uspid="0" p8:type="SequencePoint" ordinal="0" offset="0" sc="0" sl="193" ec="1" el="210" bec="0" bev="0" fileid="1" xmlns:p8="xsi" />
            </Method>
            <Method cyclomaticComplexity="4" nPathComplexity="0" sequenceCoverage="85.71" branchCoverage="50" isConstructor="False" isGetter="False" isSetter="False" isStatic="True">
              <Summary numSequencePoints="7" visitedSequencePoints="6" numBranchPoints="4" visitedBranchPoints="2" sequenceCoverage="85.71" branchCoverage="50" maxCyclomaticComplexity="4" minCyclomaticComplexity="4" visitedClasses="0" numClasses="0" visitedMethods="1" numMethods="1" />
              <MetadataToken />
              <Name>System.Boolean SpreadsheetUtilities.extensions::removeValues(System.Collections.Generic.Dictionary`2&lt;System.String,System.Collections.Generic.HashSet`1&lt;System.String&gt;&gt;,System.String,System.String)</Name>
              <FileRef uid="1" />
              <SequencePoints>
                <SequencePoint vc="54" uspid="219" ordinal="0" sl="219" sc="1" el="219" ec="2" bec="0" bev="0" fileid="1" />
                <SequencePoint vc="54" uspid="220" ordinal="1" sl="220" sc="1" el="220" ec="2" bec="0" bev="0" fileid="1" />
                <SequencePoint vc="54" uspid="221" ordinal="2" sl="221" sc="1" el="221" ec="2" bec="0" bev="0" fileid="1" />
                <SequencePoint vc="54" uspid="222" ordinal="3" sl="222" sc="1" el="222" ec="2" bec="0" bev="0" fileid="1" />
                <SequencePoint vc="54" uspid="223" ordinal="4" sl="223" sc="1" el="223" ec="2" bec="0" bev="0" fileid="1" />
                <SequencePoint vc="0" uspid="225" ordinal="5" sl="225" sc="1" el="225" ec="2" bec="0" bev="0" fileid="1" />
                <SequencePoint vc="54" uspid="226" ordinal="6" sl="226" sc="1" el="226" ec="2" bec="0" bev="0" fileid="1" />
              </SequencePoints>
              <BranchPoints>
                <BranchPoint vc="54" uspid="220" ordinal="0" path="0" offset="8" offsetend="10" sl="220" fileid="1" />
                <BranchPoint vc="0" uspid="220" ordinal="1" path="1" offset="8" offsetend="25" sl="220" fileid="1" />
                <BranchPoint vc="54" uspid="220" ordinal="2" path="0" offset="28" offsetend="30" sl="220" fileid="1" />
                <BranchPoint vc="0" uspid="220" ordinal="3" path="1" offset="28" offsetend="49" sl="220" fileid="1" />
              </BranchPoints>
              <MethodPoint vc="6" uspid="0" p8:type="SequencePoint" ordinal="1" offset="1" sc="0" sl="219" ec="1" el="226" bec="0" bev="0" fileid="1" xmlns:p8="xsi" />
            </Method>
          </Methods>
        </Class>
      </Classes>
    </Module>
    <Module hash="5BAE4E44-C6D6-4D4E-9779-DAD00EA79A79">
      <ModulePath>Formula.dll</ModulePath>
      <ModuleTime>2020-02-14T05:19:06</ModuleTime>
      <ModuleName>Formula</ModuleName>
      <Files>
        <File uid="2" fullPath="C:\Users\garre\source\repos\CS3500\spreadsheet-garrettkeefe75\Spreadsheet\Formula\Formula.cs" />
      </Files>
      <Classes>
        <Class>
          <Summary numSequencePoints="221" visitedSequencePoints="79" numBranchPoints="124" visitedBranchPoints="40" sequenceCoverage="35.74" branchCoverage="32.25" maxCyclomaticComplexity="40" minCyclomaticComplexity="2" visitedClasses="1" numClasses="1" visitedMethods="7" numMethods="11" />
          <FullName>SpreadsheetUtilities.Formula</FullName>
          <Methods>
            <Method cyclomaticComplexity="4" nPathComplexity="0" sequenceCoverage="100" branchCoverage="100" isConstructor="False" isGetter="False" isSetter="False" isStatic="True">
              <Summary numSequencePoints="8" visitedSequencePoints="8" numBranchPoints="4" visitedBranchPoints="4" sequenceCoverage="100" branchCoverage="100" maxCyclomaticComplexity="4" minCyclomaticComplexity="4" visitedClasses="0" numClasses="0" visitedMethods="1" numMethods="1" />
              <MetadataToken />
              <Name>System.Boolean SpreadsheetUtilities.Formula::parenthesesAndOperatorRule(System.Collections.ArrayList)</Name>
              <FileRef uid="2" />
              <SequencePoints>
                <SequencePoint vc="194" uspid="161" ordinal="0" sl="161" sc="1" el="161" ec="2" bec="0" bev="0" fileid="2" />
                <SequencePoint vc="194" uspid="162" ordinal="1" sl="162" sc="1" el="162" ec="2" bec="0" bev="0" fileid="2" />
                <SequencePoint vc="194" uspid="163" ordinal="2" sl="163" sc="1" el="163" ec="2" bec="0" bev="0" fileid="2" />
                <SequencePoint vc="194" uspid="165" ordinal="3" sl="165" sc="1" el="165" ec="2" bec="0" bev="0" fileid="2" />
                <SequencePoint vc="72" uspid="166" ordinal="4" sl="166" sc="1" el="166" ec="2" bec="0" bev="0" fileid="2" />
                <SequencePoint vc="72" uspid="168" ordinal="5" sl="168" sc="1" el="168" ec="2" bec="0" bev="0" fileid="2" />
                <SequencePoint vc="122" uspid="170" ordinal="6" sl="170" sc="1" el="170" ec="2" bec="0" bev="0" fileid="2" />
                <SequencePoint vc="194" uspid="171" ordinal="7" sl="171" sc="1" el="171" ec="2" bec="0" bev="0" fileid="2" />
              </SequencePoints>
              <BranchPoints>
                <BranchPoint vc="144" uspid="165" ordinal="0" path="0" offset="140" offsetend="142" sl="165" fileid="2" />
                <BranchPoint vc="50" uspid="165" ordinal="1" path="1" offset="140" offsetend="164" sl="165" fileid="2" />
                <BranchPoint vc="72" uspid="165" ordinal="2" path="0" offset="167" offsetend="169" sl="165" fileid="2" />
                <BranchPoint vc="122" uspid="165" ordinal="3" path="1" offset="167" offsetend="196" sl="165" fileid="2" />
              </BranchPoints>
              <MethodPoint vc="8" uspid="0" p8:type="SequencePoint" ordinal="0" offset="0" sc="0" sl="161" ec="1" el="171" bec="0" bev="0" fileid="2" xmlns:p8="xsi" />
            </Method>
            <Method cyclomaticComplexity="4" nPathComplexity="0" sequenceCoverage="100" branchCoverage="100" isConstructor="False" isGetter="False" isSetter="False" isStatic="True">
              <Summary numSequencePoints="8" visitedSequencePoints="8" numBranchPoints="4" visitedBranchPoints="4" sequenceCoverage="100" branchCoverage="100" maxCyclomaticComplexity="4" minCyclomaticComplexity="4" visitedClasses="0" numClasses="0" visitedMethods="1" numMethods="1" />
              <MetadataToken />
              <Name>System.Boolean SpreadsheetUtilities.Formula::numberAndVariableRule(System.Collections.ArrayList)</Name>
              <FileRef uid="2" />
              <SequencePoints>
                <SequencePoint vc="194" uspid="180" ordinal="0" sl="180" sc="1" el="180" ec="2" bec="0" bev="0" fileid="2" />
                <SequencePoint vc="194" uspid="181" ordinal="1" sl="181" sc="1" el="181" ec="2" bec="0" bev="0" fileid="2" />
                <SequencePoint vc="194" uspid="182" ordinal="2" sl="182" sc="1" el="182" ec="2" bec="0" bev="0" fileid="2" />
                <SequencePoint vc="194" uspid="184" ordinal="3" sl="184" sc="1" el="184" ec="2" bec="0" bev="0" fileid="2" />
                <SequencePoint vc="72" uspid="185" ordinal="4" sl="185" sc="1" el="185" ec="2" bec="0" bev="0" fileid="2" />
                <SequencePoint vc="72" uspid="187" ordinal="5" sl="187" sc="1" el="187" ec="2" bec="0" bev="0" fileid="2" />
                <SequencePoint vc="122" uspid="189" ordinal="6" sl="189" sc="1" el="189" ec="2" bec="0" bev="0" fileid="2" />
                <SequencePoint vc="194" uspid="190" ordinal="7" sl="190" sc="1" el="190" ec="2" bec="0" bev="0" fileid="2" />
              </SequencePoints>
              <BranchPoints>
                <BranchPoint vc="144" uspid="184" ordinal="0" path="0" offset="140" offsetend="142" sl="184" fileid="2" />
                <BranchPoint vc="50" uspid="184" ordinal="1" path="1" offset="140" offsetend="167" sl="184" fileid="2" />
                <BranchPoint vc="72" uspid="184" ordinal="2" path="0" offset="170" offsetend="172" sl="184" fileid="2" />
                <BranchPoint vc="122" uspid="184" ordinal="3" path="1" offset="170" offsetend="196" sl="184" fileid="2" />
              </BranchPoints>
              <MethodPoint vc="8" uspid="0" p8:type="SequencePoint" ordinal="1" offset="1" sc="0" sl="180" ec="1" el="190" bec="0" bev="0" fileid="2" xmlns:p8="xsi" />
            </Method>
            <Method cyclomaticComplexity="40" nPathComplexity="0" sequenceCoverage="0" branchCoverage="0" isConstructor="False" isGetter="False" isSetter="False" isStatic="True">
              <Summary numSequencePoints="93" visitedSequencePoints="0" numBranchPoints="40" visitedBranchPoints="0" sequenceCoverage="0" branchCoverage="0" maxCyclomaticComplexity="40" minCyclomaticComplexity="40" visitedClasses="0" numClasses="0" visitedMethods="0" numMethods="1" />
              <MetadataToken />
              <Name>System.Object SpreadsheetUtilities.Formula::Evaluate(System.Func`2&lt;System.String,System.Double&gt;)</Name>
              <FileRef uid="2" />
              <SequencePoints>
                <SequencePoint vc="0" uspid="214" ordinal="0" sl="214" sc="1" el="214" ec="2" bec="0" bev="0" fileid="2" />
                <SequencePoint vc="0" uspid="216" ordinal="1" sl="216" sc="1" el="216" ec="2" bec="0" bev="0" fileid="2" />
                <SequencePoint vc="0" uspid="217" ordinal="2" sl="217" sc="1" el="217" ec="2" bec="0" bev="0" fileid="2" />
                <SequencePoint vc="0" uspid="218" ordinal="3" sl="218" sc="1" el="218" ec="2" bec="0" bev="0" fileid="2" />
                <SequencePoint vc="0" uspid="220" ordinal="4" sl="220" sc="1" el="220" ec="2" bec="0" bev="0" fileid="2" />
                <SequencePoint vc="0" uspid="221" ordinal="5" sl="221" sc="1" el="221" ec="2" bec="0" bev="0" fileid="2" />
                <SequencePoint vc="0" uspid="222" ordinal="6" sl="222" sc="1" el="222" ec="2" bec="0" bev="0" fileid="2" />
                <SequencePoint vc="0" uspid="223" ordinal="7" sl="223" sc="1" el="223" ec="2" bec="0" bev="0" fileid="2" />
                <SequencePoint vc="0" uspid="225" ordinal="8" sl="225" sc="1" el="225" ec="2" bec="0" bev="0" fileid="2" />
                <SequencePoint vc="0" uspid="226" ordinal="9" sl="226" sc="1" el="226" ec="2" bec="0" bev="0" fileid="2" />
                <SequencePoint vc="0" uspid="228" ordinal="10" sl="228" sc="1" el="228" ec="2" bec="0" bev="0" fileid="2" />
                <SequencePoint vc="0" uspid="230" ordinal="11" sl="230" sc="1" el="230" ec="2" bec="0" bev="0" fileid="2" />
                <SequencePoint vc="0" uspid="231" ordinal="12" sl="231" sc="1" el="231" ec="2" bec="0" bev="0" fileid="2" />
                <SequencePoint vc="0" uspid="232" ordinal="13" sl="232" sc="1" el="232" ec="2" bec="0" bev="0" fileid="2" />
                <SequencePoint vc="0" uspid="233" ordinal="14" sl="233" sc="1" el="233" ec="2" bec="0" bev="0" fileid="2" />
                <SequencePoint vc="0" uspid="234" ordinal="15" sl="234" sc="1" el="234" ec="2" bec="0" bev="0" fileid="2" />
                <SequencePoint vc="0" uspid="235" ordinal="16" sl="235" sc="1" el="235" ec="2" bec="0" bev="0" fileid="2" />
                <SequencePoint vc="0" uspid="237" ordinal="17" sl="237" sc="1" el="237" ec="2" bec="0" bev="0" fileid="2" />
                <SequencePoint vc="0" uspid="238" ordinal="18" sl="238" sc="1" el="238" ec="2" bec="0" bev="0" fileid="2" />
                <SequencePoint vc="0" uspid="239" ordinal="19" sl="239" sc="1" el="239" ec="2" bec="0" bev="0" fileid="2" />
                <SequencePoint vc="0" uspid="240" ordinal="20" sl="240" sc="1" el="240" ec="2" bec="0" bev="0" fileid="2" />
                <SequencePoint vc="0" uspid="241" ordinal="21" sl="241" sc="1" el="241" ec="2" bec="0" bev="0" fileid="2" />
                <SequencePoint vc="0" uspid="242" ordinal="22" sl="242" sc="1" el="242" ec="2" bec="0" bev="0" fileid="2" />
                <SequencePoint vc="0" uspid="243" ordinal="23" sl="243" sc="1" el="243" ec="2" bec="0" bev="0" fileid="2" />
                <SequencePoint vc="0" uspid="244" ordinal="24" sl="244" sc="1" el="244" ec="2" bec="0" bev="0" fileid="2" />
                <SequencePoint vc="0" uspid="245" ordinal="25" sl="245" sc="1" el="245" ec="2" bec="0" bev="0" fileid="2" />
                <SequencePoint vc="0" uspid="246" ordinal="26" sl="246" sc="1" el="246" ec="2" bec="0" bev="0" fileid="2" />
                <SequencePoint vc="0" uspid="247" ordinal="27" sl="247" sc="1" el="247" ec="2" bec="0" bev="0" fileid="2" />
                <SequencePoint vc="0" uspid="248" ordinal="28" sl="248" sc="1" el="248" ec="2" bec="0" bev="0" fileid="2" />
                <SequencePoint vc="0" uspid="249" ordinal="29" sl="249" sc="1" el="249" ec="2" bec="0" bev="0" fileid="2" />
                <SequencePoint vc="0" uspid="250" ordinal="30" sl="250" sc="1" el="250" ec="2" bec="0" bev="0" fileid="2" />
                <SequencePoint vc="0" uspid="251" ordinal="31" sl="251" sc="1" el="251" ec="2" bec="0" bev="0" fileid="2" />
                <SequencePoint vc="0" uspid="253" ordinal="32" sl="253" sc="1" el="253" ec="2" bec="0" bev="0" fileid="2" />
                <SequencePoint vc="0" uspid="254" ordinal="33" sl="254" sc="1" el="254" ec="2" bec="0" bev="0" fileid="2" />
                <SequencePoint vc="0" uspid="255" ordinal="34" sl="255" sc="1" el="255" ec="2" bec="0" bev="0" fileid="2" />
                <SequencePoint vc="0" uspid="256" ordinal="35" sl="256" sc="1" el="256" ec="2" bec="0" bev="0" fileid="2" />
                <SequencePoint vc="0" uspid="257" ordinal="36" sl="257" sc="1" el="257" ec="2" bec="0" bev="0" fileid="2" />
                <SequencePoint vc="0" uspid="259" ordinal="37" sl="259" sc="1" el="259" ec="2" bec="0" bev="0" fileid="2" />
                <SequencePoint vc="0" uspid="260" ordinal="38" sl="260" sc="1" el="260" ec="2" bec="0" bev="0" fileid="2" />
                <SequencePoint vc="0" uspid="261" ordinal="39" sl="261" sc="1" el="261" ec="2" bec="0" bev="0" fileid="2" />
                <SequencePoint vc="0" uspid="262" ordinal="40" sl="262" sc="1" el="262" ec="2" bec="0" bev="0" fileid="2" />
                <SequencePoint vc="0" uspid="263" ordinal="41" sl="263" sc="1" el="263" ec="2" bec="0" bev="0" fileid="2" />
                <SequencePoint vc="0" uspid="264" ordinal="42" sl="264" sc="1" el="264" ec="2" bec="0" bev="0" fileid="2" />
                <SequencePoint vc="0" uspid="265" ordinal="43" sl="265" sc="1" el="265" ec="2" bec="0" bev="0" fileid="2" />
                <SequencePoint vc="0" uspid="266" ordinal="44" sl="266" sc="1" el="266" ec="2" bec="0" bev="0" fileid="2" />
                <SequencePoint vc="0" uspid="267" ordinal="45" sl="267" sc="1" el="267" ec="2" bec="0" bev="0" fileid="2" />
                <SequencePoint vc="0" uspid="268" ordinal="46" sl="268" sc="1" el="268" ec="2" bec="0" bev="0" fileid="2" />
                <SequencePoint vc="0" uspid="269" ordinal="47" sl="269" sc="1" el="269" ec="2" bec="0" bev="0" fileid="2" />
                <SequencePoint vc="0" uspid="270" ordinal="48" sl="270" sc="1" el="270" ec="2" bec="0" bev="0" fileid="2" />
                <SequencePoint vc="0" uspid="272" ordinal="49" sl="272" sc="1" el="272" ec="2" bec="0" bev="0" fileid="2" />
                <SequencePoint vc="0" uspid="274" ordinal="50" sl="274" sc="1" el="274" ec="2" bec="0" bev="0" fileid="2" />
                <SequencePoint vc="0" uspid="275" ordinal="51" sl="275" sc="1" el="275" ec="2" bec="0" bev="0" fileid="2" />
                <SequencePoint vc="0" uspid="276" ordinal="52" sl="276" sc="1" el="276" ec="2" bec="0" bev="0" fileid="2" />
                <SequencePoint vc="0" uspid="277" ordinal="53" sl="277" sc="1" el="277" ec="2" bec="0" bev="0" fileid="2" />
                <SequencePoint vc="0" uspid="278" ordinal="54" sl="278" sc="1" el="278" ec="2" bec="0" bev="0" fileid="2" />
                <SequencePoint vc="0" uspid="279" ordinal="55" sl="279" sc="1" el="279" ec="2" bec="0" bev="0" fileid="2" />
                <SequencePoint vc="0" uspid="280" ordinal="56" sl="280" sc="1" el="280" ec="2" bec="0" bev="0" fileid="2" />
                <SequencePoint vc="0" uspid="281" ordinal="57" sl="281" sc="1" el="281" ec="2" bec="0" bev="0" fileid="2" />
                <SequencePoint vc="0" uspid="282" ordinal="58" sl="282" sc="1" el="282" ec="2" bec="0" bev="0" fileid="2" />
                <SequencePoint vc="0" uspid="283" ordinal="59" sl="283" sc="1" el="283" ec="2" bec="0" bev="0" fileid="2" />
                <SequencePoint vc="0" uspid="284" ordinal="60" sl="284" sc="1" el="284" ec="2" bec="0" bev="0" fileid="2" />
                <SequencePoint vc="0" uspid="285" ordinal="61" sl="285" sc="1" el="285" ec="2" bec="0" bev="0" fileid="2" />
                <SequencePoint vc="0" uspid="286" ordinal="62" sl="286" sc="1" el="286" ec="2" bec="0" bev="0" fileid="2" />
                <SequencePoint vc="0" uspid="288" ordinal="63" sl="288" sc="1" el="288" ec="2" bec="0" bev="0" fileid="2" />
                <SequencePoint vc="0" uspid="289" ordinal="64" sl="289" sc="1" el="289" ec="2" bec="0" bev="0" fileid="2" />
                <SequencePoint vc="0" uspid="290" ordinal="65" sl="290" sc="1" el="290" ec="2" bec="0" bev="0" fileid="2" />
                <SequencePoint vc="0" uspid="291" ordinal="66" sl="291" sc="1" el="291" ec="2" bec="0" bev="0" fileid="2" />
                <SequencePoint vc="0" uspid="292" ordinal="67" sl="292" sc="1" el="292" ec="2" bec="0" bev="0" fileid="2" />
                <SequencePoint vc="0" uspid="293" ordinal="68" sl="293" sc="1" el="293" ec="2" bec="0" bev="0" fileid="2" />
                <SequencePoint vc="0" uspid="294" ordinal="69" sl="294" sc="1" el="294" ec="2" bec="0" bev="0" fileid="2" />
                <SequencePoint vc="0" uspid="295" ordinal="70" sl="295" sc="1" el="295" ec="2" bec="0" bev="0" fileid="2" />
                <SequencePoint vc="0" uspid="296" ordinal="71" sl="296" sc="1" el="296" ec="2" bec="0" bev="0" fileid="2" />
                <SequencePoint vc="0" uspid="297" ordinal="72" sl="297" sc="1" el="297" ec="2" bec="0" bev="0" fileid="2" />
                <SequencePoint vc="0" uspid="298" ordinal="73" sl="298" sc="1" el="298" ec="2" bec="0" bev="0" fileid="2" />
                <SequencePoint vc="0" uspid="299" ordinal="74" sl="299" sc="1" el="299" ec="2" bec="0" bev="0" fileid="2" />
                <SequencePoint vc="0" uspid="300" ordinal="75" sl="300" sc="1" el="300" ec="2" bec="0" bev="0" fileid="2" />
                <SequencePoint vc="0" uspid="301" ordinal="76" sl="301" sc="1" el="301" ec="2" bec="0" bev="0" fileid="2" />
                <SequencePoint vc="0" uspid="302" ordinal="77" sl="302" sc="1" el="302" ec="2" bec="0" bev="0" fileid="2" />
                <SequencePoint vc="0" uspid="304" ordinal="78" sl="304" sc="1" el="304" ec="2" bec="0" bev="0" fileid="2" />
                <SequencePoint vc="0" uspid="305" ordinal="79" sl="305" sc="1" el="305" ec="2" bec="0" bev="0" fileid="2" />
                <SequencePoint vc="0" uspid="306" ordinal="80" sl="306" sc="1" el="306" ec="2" bec="0" bev="0" fileid="2" />
                <SequencePoint vc="0" uspid="307" ordinal="81" sl="307" sc="1" el="307" ec="2" bec="0" bev="0" fileid="2" />
                <SequencePoint vc="0" uspid="308" ordinal="82" sl="308" sc="1" el="308" ec="2" bec="0" bev="0" fileid="2" />
                <SequencePoint vc="0" uspid="309" ordinal="83" sl="309" sc="1" el="309" ec="2" bec="0" bev="0" fileid="2" />
                <SequencePoint vc="0" uspid="310" ordinal="84" sl="310" sc="1" el="310" ec="2" bec="0" bev="0" fileid="2" />
                <SequencePoint vc="0" uspid="311" ordinal="85" sl="311" sc="1" el="311" ec="2" bec="0" bev="0" fileid="2" />
                <SequencePoint vc="0" uspid="312" ordinal="86" sl="312" sc="1" el="312" ec="2" bec="0" bev="0" fileid="2" />
                <SequencePoint vc="0" uspid="313" ordinal="87" sl="313" sc="1" el="313" ec="2" bec="0" bev="0" fileid="2" />
                <SequencePoint vc="0" uspid="314" ordinal="88" sl="314" sc="1" el="314" ec="2" bec="0" bev="0" fileid="2" />
                <SequencePoint vc="0" uspid="315" ordinal="89" sl="315" sc="1" el="315" ec="2" bec="0" bev="0" fileid="2" />
                <SequencePoint vc="0" uspid="316" ordinal="90" sl="316" sc="1" el="316" ec="2" bec="0" bev="0" fileid="2" />
                <SequencePoint vc="0" uspid="318" ordinal="91" sl="318" sc="1" el="318" ec="2" bec="0" bev="0" fileid="2" />
                <SequencePoint vc="0" uspid="319" ordinal="92" sl="319" sc="1" el="319" ec="2" bec="0" bev="0" fileid="2" />
              </SequencePoints>
              <BranchPoints>
                <BranchPoint vc="0" uspid="220" ordinal="33" path="1" offset="713" offsetend="109" sl="220" fileid="2" />
                <BranchPoint vc="0" uspid="222" ordinal="0" path="0" offset="138" offsetend="143" sl="222" fileid="2" />
                <BranchPoint vc="0" uspid="225" ordinal="2" path="0" offset="157" offsetend="159" sl="225" fileid="2" />
                <BranchPoint vc="0" uspid="225" ordinal="3" path="1" offset="157" offsetend="165" sl="225" fileid="2" />
                <BranchPoint vc="0" uspid="239" ordinal="4" path="0" offset="229" offsetend="231" sl="239" fileid="2" />
                <BranchPoint vc="0" uspid="239" ordinal="5" path="1" offset="229" offsetend="249" sl="239" fileid="2" />
                <BranchPoint vc="0" uspid="244" ordinal="6" path="0" offset="264" offsetend="266" sl="244" fileid="2" />
                <BranchPoint vc="0" uspid="246" ordinal="8" path="0" offset="295" offsetend="297" sl="246" fileid="2" />
                <BranchPoint vc="0" uspid="246" ordinal="9" path="1" offset="295" offsetend="319" sl="246" fileid="2" />
                <BranchPoint vc="0" uspid="244" ordinal="7" path="1" offset="264" offsetend="334" sl="244" fileid="2" />
                <BranchPoint vc="0" uspid="222" ordinal="1" path="1" offset="138" offsetend="340" sl="222" fileid="2" />
                <BranchPoint vc="0" uspid="254" ordinal="10" path="0" offset="353" offsetend="355" sl="254" fileid="2" />
                <BranchPoint vc="0" uspid="254" ordinal="12" path="0" offset="367" offsetend="369" sl="254" fileid="2" />
                <BranchPoint vc="0" uspid="254" ordinal="11" path="1" offset="353" offsetend="383" sl="254" fileid="2" />
                <BranchPoint vc="0" uspid="254" ordinal="13" path="1" offset="367" offsetend="383" sl="254" fileid="2" />
                <BranchPoint vc="0" uspid="254" ordinal="14" path="0" offset="388" offsetend="390" sl="254" fileid="2" />
                <BranchPoint vc="0" uspid="254" ordinal="15" path="1" offset="388" offsetend="406" sl="254" fileid="2" />
                <BranchPoint vc="0" uspid="259" ordinal="16" path="0" offset="422" offsetend="427" sl="259" fileid="2" />
                <BranchPoint vc="0" uspid="261" ordinal="18" path="0" offset="443" offsetend="445" sl="261" fileid="2" />
                <BranchPoint vc="0" uspid="261" ordinal="19" path="1" offset="443" offsetend="463" sl="261" fileid="2" />
                <BranchPoint vc="0" uspid="266" ordinal="20" path="0" offset="478" offsetend="480" sl="266" fileid="2" />
                <BranchPoint vc="0" uspid="266" ordinal="21" path="1" offset="478" offsetend="496" sl="266" fileid="2" />
                <BranchPoint vc="0" uspid="274" ordinal="22" path="0" offset="518" offsetend="520" sl="274" fileid="2" />
                <BranchPoint vc="0" uspid="274" ordinal="23" path="1" offset="518" offsetend="538" sl="274" fileid="2" />
                <BranchPoint vc="0" uspid="279" ordinal="24" path="0" offset="553" offsetend="555" sl="279" fileid="2" />
                <BranchPoint vc="0" uspid="281" ordinal="26" path="0" offset="584" offsetend="586" sl="281" fileid="2" />
                <BranchPoint vc="0" uspid="281" ordinal="27" path="1" offset="584" offsetend="608" sl="281" fileid="2" />
                <BranchPoint vc="0" uspid="279" ordinal="25" path="1" offset="553" offsetend="623" sl="279" fileid="2" />
                <BranchPoint vc="0" uspid="259" ordinal="17" path="1" offset="422" offsetend="626" sl="259" fileid="2" />
                <BranchPoint vc="0" uspid="289" ordinal="28" path="0" offset="642" offsetend="644" sl="289" fileid="2" />
                <BranchPoint vc="0" uspid="289" ordinal="29" path="1" offset="642" offsetend="662" sl="289" fileid="2" />
                <BranchPoint vc="0" uspid="294" ordinal="30" path="0" offset="677" offsetend="679" sl="294" fileid="2" />
                <BranchPoint vc="0" uspid="294" ordinal="31" path="1" offset="677" offsetend="695" sl="294" fileid="2" />
                <BranchPoint vc="0" uspid="220" ordinal="32" path="0" offset="713" offsetend="718" sl="220" fileid="2" />
                <BranchPoint vc="0" uspid="304" ordinal="34" path="0" offset="754" offsetend="756" sl="304" fileid="2" />
                <BranchPoint vc="0" uspid="306" ordinal="36" path="0" offset="772" offsetend="774" sl="306" fileid="2" />
                <BranchPoint vc="0" uspid="306" ordinal="37" path="1" offset="772" offsetend="792" sl="306" fileid="2" />
                <BranchPoint vc="0" uspid="311" ordinal="38" path="0" offset="807" offsetend="809" sl="311" fileid="2" />
                <BranchPoint vc="0" uspid="311" ordinal="39" path="1" offset="807" offsetend="825" sl="311" fileid="2" />
                <BranchPoint vc="0" uspid="304" ordinal="35" path="1" offset="754" offsetend="826" sl="304" fileid="2" />
              </BranchPoints>
              <MethodPoint vc="0" uspid="0" p8:type="SequencePoint" ordinal="2" offset="2" sc="0" sl="214" ec="1" el="319" bec="0" bev="0" fileid="2" xmlns:p8="xsi" />
            </Method>
            <Method cyclomaticComplexity="8" nPathComplexity="0" sequenceCoverage="100" branchCoverage="100" isConstructor="False" isGetter="False" isSetter="False" isStatic="True">
              <Summary numSequencePoints="12" visitedSequencePoints="12" numBranchPoints="8" visitedBranchPoints="8" sequenceCoverage="100" branchCoverage="100" maxCyclomaticComplexity="8" minCyclomaticComplexity="8" visitedClasses="0" numClasses="0" visitedMethods="1" numMethods="1" />
              <MetadataToken />
              <Name>System.Collections.Generic.IEnumerable`1&lt;System.String&gt; SpreadsheetUtilities.Formula::GetVariables()</Name>
              <FileRef uid="2" />
              <SequencePoints>
                <SequencePoint vc="43" uspid="333" ordinal="0" sl="333" sc="1" el="333" ec="2" bec="0" bev="0" fileid="2" />
                <SequencePoint vc="43" uspid="334" ordinal="1" sl="334" sc="1" el="334" ec="2" bec="0" bev="0" fileid="2" />
                <SequencePoint vc="43" uspid="335" ordinal="2" sl="335" sc="1" el="335" ec="2" bec="0" bev="0" fileid="2" />
                <SequencePoint vc="475" uspid="336" ordinal="3" sl="336" sc="1" el="336" ec="2" bec="0" bev="0" fileid="2" />
                <SequencePoint vc="173" uspid="337" ordinal="4" sl="337" sc="1" el="337" ec="2" bec="0" bev="0" fileid="2" />
                <SequencePoint vc="173" uspid="339" ordinal="5" sl="339" sc="1" el="339" ec="2" bec="0" bev="0" fileid="2" />
                <SequencePoint vc="60" uspid="340" ordinal="6" sl="340" sc="1" el="340" ec="2" bec="0" bev="0" fileid="2" />
                <SequencePoint vc="60" uspid="341" ordinal="7" sl="341" sc="1" el="341" ec="2" bec="0" bev="0" fileid="2" />
                <SequencePoint vc="60" uspid="342" ordinal="8" sl="342" sc="1" el="342" ec="2" bec="0" bev="0" fileid="2" />
                <SequencePoint vc="173" uspid="343" ordinal="9" sl="343" sc="1" el="343" ec="2" bec="0" bev="0" fileid="2" />
                <SequencePoint vc="43" uspid="344" ordinal="10" sl="344" sc="1" el="344" ec="2" bec="0" bev="0" fileid="2" />
                <SequencePoint vc="43" uspid="345" ordinal="11" sl="345" sc="1" el="345" ec="2" bec="0" bev="0" fileid="2" />
              </SequencePoints>
              <BranchPoints>
                <BranchPoint vc="173" uspid="336" ordinal="7" path="1" offset="173" offsetend="100" sl="336" fileid="2" />
                <BranchPoint vc="131" uspid="339" ordinal="0" path="0" offset="121" offsetend="123" sl="339" fileid="2" />
                <BranchPoint vc="66" uspid="339" ordinal="2" path="0" offset="130" offsetend="132" sl="339" fileid="2" />
                <BranchPoint vc="107" uspid="339" ordinal="1" path="1" offset="121" offsetend="144" sl="339" fileid="2" />
                <BranchPoint vc="107" uspid="339" ordinal="3" path="1" offset="130" offsetend="144" sl="339" fileid="2" />
                <BranchPoint vc="60" uspid="339" ordinal="4" path="0" offset="149" offsetend="151" sl="339" fileid="2" />
                <BranchPoint vc="173" uspid="339" ordinal="5" path="1" offset="149" offsetend="166" sl="339" fileid="2" />
                <BranchPoint vc="43" uspid="336" ordinal="6" path="0" offset="173" offsetend="175" sl="336" fileid="2" />
              </BranchPoints>
              <MethodPoint vc="12" uspid="0" p8:type="SequencePoint" ordinal="3" offset="3" sc="0" sl="333" ec="1" el="345" bec="0" bev="0" fileid="2" xmlns:p8="xsi" />
            </Method>
            <Method cyclomaticComplexity="2" nPathComplexity="0" sequenceCoverage="100" branchCoverage="100" isConstructor="False" isGetter="False" isSetter="False" isStatic="True">
              <Summary numSequencePoints="8" visitedSequencePoints="8" numBranchPoints="2" visitedBranchPoints="2" sequenceCoverage="100" branchCoverage="100" maxCyclomaticComplexity="2" minCyclomaticComplexity="2" visitedClasses="0" numClasses="0" visitedMethods="1" numMethods="1" />
              <MetadataToken />
              <Name>System.String SpreadsheetUtilities.Formula::ToString()</Name>
              <FileRef uid="2" />
              <SequencePoints>
                <SequencePoint vc="9" uspid="358" ordinal="0" sl="358" sc="1" el="358" ec="2" bec="0" bev="0" fileid="2" />
                <SequencePoint vc="9" uspid="360" ordinal="1" sl="360" sc="1" el="360" ec="2" bec="0" bev="0" fileid="2" />
                <SequencePoint vc="101" uspid="361" ordinal="2" sl="361" sc="1" el="361" ec="2" bec="0" bev="0" fileid="2" />
                <SequencePoint vc="37" uspid="362" ordinal="3" sl="362" sc="1" el="362" ec="2" bec="0" bev="0" fileid="2" />
                <SequencePoint vc="37" uspid="363" ordinal="4" sl="363" sc="1" el="363" ec="2" bec="0" bev="0" fileid="2" />
                <SequencePoint vc="37" uspid="364" ordinal="5" sl="364" sc="1" el="364" ec="2" bec="0" bev="0" fileid="2" />
                <SequencePoint vc="9" uspid="365" ordinal="6" sl="365" sc="1" el="365" ec="2" bec="0" bev="0" fileid="2" />
                <SequencePoint vc="9" uspid="366" ordinal="7" sl="366" sc="1" el="366" ec="2" bec="0" bev="0" fileid="2" />
              </SequencePoints>
              <BranchPoints>
                <BranchPoint vc="37" uspid="361" ordinal="1" path="1" offset="50" offsetend="22" sl="361" fileid="2" />
                <BranchPoint vc="9" uspid="361" ordinal="0" path="0" offset="50" offsetend="52" sl="361" fileid="2" />
              </BranchPoints>
              <MethodPoint vc="8" uspid="0" p8:type="SequencePoint" ordinal="4" offset="4" sc="0" sl="358" ec="1" el="366" bec="0" bev="0" fileid="2" xmlns:p8="xsi" />
            </Method>
            <Method cyclomaticComplexity="6" nPathComplexity="0" sequenceCoverage="71.42" branchCoverage="50" isConstructor="False" isGetter="False" isSetter="False" isStatic="True">
              <Summary numSequencePoints="7" visitedSequencePoints="5" numBranchPoints="6" visitedBranchPoints="3" sequenceCoverage="71.42" branchCoverage="50" maxCyclomaticComplexity="6" minCyclomaticComplexity="6" visitedClasses="0" numClasses="0" visitedMethods="1" numMethods="1" />
              <MetadataToken />
              <Name>System.Boolean SpreadsheetUtilities.Formula::Equals(System.Object)</Name>
              <FileRef uid="2" />
              <SequencePoints>
                <SequencePoint vc="2" uspid="389" ordinal="0" sl="389" sc="1" el="389" ec="2" bec="0" bev="0" fileid="2" />
                <SequencePoint vc="2" uspid="390" ordinal="1" sl="390" sc="1" el="390" ec="2" bec="0" bev="0" fileid="2" />
                <SequencePoint vc="0" uspid="391" ordinal="2" sl="391" sc="1" el="391" ec="2" bec="0" bev="0" fileid="2" />
                <SequencePoint vc="2" uspid="393" ordinal="3" sl="393" sc="1" el="393" ec="2" bec="0" bev="0" fileid="2" />
                <SequencePoint vc="2" uspid="394" ordinal="4" sl="394" sc="1" el="394" ec="2" bec="0" bev="0" fileid="2" />
                <SequencePoint vc="0" uspid="395" ordinal="5" sl="395" sc="1" el="395" ec="2" bec="0" bev="0" fileid="2" />
                <SequencePoint vc="2" uspid="396" ordinal="6" sl="396" sc="1" el="396" ec="2" bec="0" bev="0" fileid="2" />
              </SequencePoints>
              <BranchPoints>
                <BranchPoint vc="0" uspid="390" ordinal="0" path="0" offset="15" offsetend="17" sl="390" fileid="2" />
                <BranchPoint vc="2" uspid="390" ordinal="1" path="1" offset="15" offsetend="21" sl="390" fileid="2" />
                <BranchPoint vc="2" uspid="393" ordinal="2" path="0" offset="22" offsetend="24" sl="393" fileid="2" />
                <BranchPoint vc="0" uspid="393" ordinal="3" path="1" offset="22" offsetend="43" sl="393" fileid="2" />
                <BranchPoint vc="2" uspid="393" ordinal="4" path="0" offset="46" offsetend="48" sl="393" fileid="2" />
                <BranchPoint vc="0" uspid="393" ordinal="5" path="1" offset="46" offsetend="52" sl="393" fileid="2" />
              </BranchPoints>
              <MethodPoint vc="5" uspid="0" p8:type="SequencePoint" ordinal="5" offset="5" sc="0" sl="389" ec="1" el="396" bec="0" bev="0" fileid="2" xmlns:p8="xsi" />
            </Method>
            <Method cyclomaticComplexity="14" nPathComplexity="0" sequenceCoverage="0" branchCoverage="0" isConstructor="False" isGetter="False" isSetter="False" isStatic="True">
              <Summary numSequencePoints="11" visitedSequencePoints="0" numBranchPoints="14" visitedBranchPoints="0" sequenceCoverage="0" branchCoverage="0" maxCyclomaticComplexity="14" minCyclomaticComplexity="14" visitedClasses="0" numClasses="0" visitedMethods="0" numMethods="1" />
              <MetadataToken />
              <Name>System.Boolean SpreadsheetUtilities.Formula::op_Equality(SpreadsheetUtilities.Formula,SpreadsheetUtilities.Formula)</Name>
              <FileRef uid="2" />
              <SequencePoints>
                <SequencePoint vc="0" uspid="404" ordinal="0" sl="404" sc="1" el="404" ec="2" bec="0" bev="0" fileid="2" />
                <SequencePoint vc="0" uspid="405" ordinal="1" sl="405" sc="1" el="405" ec="2" bec="0" bev="0" fileid="2" />
                <SequencePoint vc="0" uspid="406" ordinal="2" sl="406" sc="1" el="406" ec="2" bec="0" bev="0" fileid="2" />
                <SequencePoint vc="0" uspid="407" ordinal="3" sl="407" sc="1" el="407" ec="2" bec="0" bev="0" fileid="2" />
                <SequencePoint vc="0" uspid="408" ordinal="4" sl="408" sc="1" el="408" ec="2" bec="0" bev="0" fileid="2" />
                <SequencePoint vc="0" uspid="409" ordinal="5" sl="409" sc="1" el="409" ec="2" bec="0" bev="0" fileid="2" />
                <SequencePoint vc="0" uspid="410" ordinal="6" sl="410" sc="1" el="410" ec="2" bec="0" bev="0" fileid="2" />
                <SequencePoint vc="0" uspid="411" ordinal="7" sl="411" sc="1" el="411" ec="2" bec="0" bev="0" fileid="2" />
                <SequencePoint vc="0" uspid="412" ordinal="8" sl="412" sc="1" el="412" ec="2" bec="0" bev="0" fileid="2" />
                <SequencePoint vc="0" uspid="413" ordinal="9" sl="413" sc="1" el="413" ec="2" bec="0" bev="0" fileid="2" />
                <SequencePoint vc="0" uspid="414" ordinal="10" sl="414" sc="1" el="414" ec="2" bec="0" bev="0" fileid="2" />
              </SequencePoints>
              <BranchPoints>
                <BranchPoint vc="0" uspid="405" ordinal="0" path="0" offset="2" offsetend="4" sl="405" fileid="2" />
                <BranchPoint vc="0" uspid="405" ordinal="1" path="1" offset="2" offsetend="10" sl="405" fileid="2" />
                <BranchPoint vc="0" uspid="405" ordinal="2" path="0" offset="13" offsetend="15" sl="405" fileid="2" />
                <BranchPoint vc="0" uspid="405" ordinal="3" path="1" offset="13" offsetend="19" sl="405" fileid="2" />
                <BranchPoint vc="0" uspid="407" ordinal="4" path="0" offset="20" offsetend="22" sl="407" fileid="2" />
                <BranchPoint vc="0" uspid="407" ordinal="5" path="1" offset="20" offsetend="28" sl="407" fileid="2" />
                <BranchPoint vc="0" uspid="407" ordinal="6" path="0" offset="31" offsetend="33" sl="407" fileid="2" />
                <BranchPoint vc="0" uspid="407" ordinal="7" path="1" offset="31" offsetend="37" sl="407" fileid="2" />
                <BranchPoint vc="0" uspid="409" ordinal="8" path="0" offset="38" offsetend="40" sl="409" fileid="2" />
                <BranchPoint vc="0" uspid="409" ordinal="9" path="1" offset="38" offsetend="46" sl="409" fileid="2" />
                <BranchPoint vc="0" uspid="409" ordinal="10" path="0" offset="49" offsetend="51" sl="409" fileid="2" />
                <BranchPoint vc="0" uspid="409" ordinal="11" path="1" offset="49" offsetend="55" sl="409" fileid="2" />
                <BranchPoint vc="0" uspid="411" ordinal="12" path="0" offset="66" offsetend="68" sl="411" fileid="2" />
                <BranchPoint vc="0" uspid="411" ordinal="13" path="1" offset="66" offsetend="72" sl="411" fileid="2" />
              </BranchPoints>
              <MethodPoint vc="0" uspid="0" p8:type="SequencePoint" ordinal="6" offset="6" sc="0" sl="404" ec="1" el="414" bec="0" bev="0" fileid="2" xmlns:p8="xsi" />
            </Method>
            <Method cyclomaticComplexity="14" nPathComplexity="0" sequenceCoverage="0" branchCoverage="0" isConstructor="False" isGetter="False" isSetter="False" isStatic="True">
              <Summary numSequencePoints="11" visitedSequencePoints="0" numBranchPoints="14" visitedBranchPoints="0" sequenceCoverage="0" branchCoverage="0" maxCyclomaticComplexity="14" minCyclomaticComplexity="14" visitedClasses="0" numClasses="0" visitedMethods="0" numMethods="1" />
              <MetadataToken />
              <Name>System.Boolean SpreadsheetUtilities.Formula::op_Inequality(SpreadsheetUtilities.Formula,SpreadsheetUtilities.Formula)</Name>
              <FileRef uid="2" />
              <SequencePoints>
                <SequencePoint vc="0" uspid="422" ordinal="0" sl="422" sc="1" el="422" ec="2" bec="0" bev="0" fileid="2" />
                <SequencePoint vc="0" uspid="423" ordinal="1" sl="423" sc="1" el="423" ec="2" bec="0" bev="0" fileid="2" />
                <SequencePoint vc="0" uspid="424" ordinal="2" sl="424" sc="1" el="424" ec="2" bec="0" bev="0" fileid="2" />
                <SequencePoint vc="0" uspid="425" ordinal="3" sl="425" sc="1" el="425" ec="2" bec="0" bev="0" fileid="2" />
                <SequencePoint vc="0" uspid="426" ordinal="4" sl="426" sc="1" el="426" ec="2" bec="0" bev="0" fileid="2" />
                <SequencePoint vc="0" uspid="427" ordinal="5" sl="427" sc="1" el="427" ec="2" bec="0" bev="0" fileid="2" />
                <SequencePoint vc="0" uspid="428" ordinal="6" sl="428" sc="1" el="428" ec="2" bec="0" bev="0" fileid="2" />
                <SequencePoint vc="0" uspid="429" ordinal="7" sl="429" sc="1" el="429" ec="2" bec="0" bev="0" fileid="2" />
                <SequencePoint vc="0" uspid="430" ordinal="8" sl="430" sc="1" el="430" ec="2" bec="0" bev="0" fileid="2" />
                <SequencePoint vc="0" uspid="431" ordinal="9" sl="431" sc="1" el="431" ec="2" bec="0" bev="0" fileid="2" />
                <SequencePoint vc="0" uspid="432" ordinal="10" sl="432" sc="1" el="432" ec="2" bec="0" bev="0" fileid="2" />
              </SequencePoints>
              <BranchPoints>
                <BranchPoint vc="0" uspid="423" ordinal="0" path="0" offset="2" offsetend="4" sl="423" fileid="2" />
                <BranchPoint vc="0" uspid="423" ordinal="1" path="1" offset="2" offsetend="10" sl="423" fileid="2" />
                <BranchPoint vc="0" uspid="423" ordinal="2" path="0" offset="13" offsetend="15" sl="423" fileid="2" />
                <BranchPoint vc="0" uspid="423" ordinal="3" path="1" offset="13" offsetend="19" sl="423" fileid="2" />
                <BranchPoint vc="0" uspid="425" ordinal="4" path="0" offset="20" offsetend="22" sl="425" fileid="2" />
                <BranchPoint vc="0" uspid="425" ordinal="5" path="1" offset="20" offsetend="28" sl="425" fileid="2" />
                <BranchPoint vc="0" uspid="425" ordinal="6" path="0" offset="31" offsetend="33" sl="425" fileid="2" />
                <BranchPoint vc="0" uspid="425" ordinal="7" path="1" offset="31" offsetend="37" sl="425" fileid="2" />
                <BranchPoint vc="0" uspid="427" ordinal="8" path="0" offset="38" offsetend="40" sl="427" fileid="2" />
                <BranchPoint vc="0" uspid="427" ordinal="9" path="1" offset="38" offsetend="46" sl="427" fileid="2" />
                <BranchPoint vc="0" uspid="427" ordinal="10" path="0" offset="49" offsetend="51" sl="427" fileid="2" />
                <BranchPoint vc="0" uspid="427" ordinal="11" path="1" offset="49" offsetend="55" sl="427" fileid="2" />
                <BranchPoint vc="0" uspid="429" ordinal="12" path="0" offset="69" offsetend="71" sl="429" fileid="2" />
                <BranchPoint vc="0" uspid="429" ordinal="13" path="1" offset="69" offsetend="75" sl="429" fileid="2" />
              </BranchPoints>
              <MethodPoint vc="0" uspid="0" p8:type="SequencePoint" ordinal="7" offset="7" sc="0" sl="422" ec="1" el="432" bec="0" bev="0" fileid="2" xmlns:p8="xsi" />
            </Method>
            <Method cyclomaticComplexity="2" nPathComplexity="0" sequenceCoverage="0" branchCoverage="0" isConstructor="False" isGetter="False" isSetter="False" isStatic="True">
              <Summary numSequencePoints="7" visitedSequencePoints="0" numBranchPoints="2" visitedBranchPoints="0" sequenceCoverage="0" branchCoverage="0" maxCyclomaticComplexity="2" minCyclomaticComplexity="2" visitedClasses="0" numClasses="0" visitedMethods="0" numMethods="1" />
              <MetadataToken />
              <Name>System.Int32 SpreadsheetUtilities.Formula::GetHashCode()</Name>
              <FileRef uid="2" />
              <SequencePoints>
                <SequencePoint vc="0" uspid="440" ordinal="0" sl="440" sc="1" el="440" ec="2" bec="0" bev="0" fileid="2" />
                <SequencePoint vc="0" uspid="443" ordinal="1" sl="443" sc="1" el="443" ec="2" bec="0" bev="0" fileid="2" />
                <SequencePoint vc="0" uspid="444" ordinal="2" sl="444" sc="1" el="444" ec="2" bec="0" bev="0" fileid="2" />
                <SequencePoint vc="0" uspid="445" ordinal="3" sl="445" sc="1" el="445" ec="2" bec="0" bev="0" fileid="2" />
                <SequencePoint vc="0" uspid="446" ordinal="4" sl="446" sc="1" el="446" ec="2" bec="0" bev="0" fileid="2" />
                <SequencePoint vc="0" uspid="447" ordinal="5" sl="447" sc="1" el="447" ec="2" bec="0" bev="0" fileid="2" />
                <SequencePoint vc="0" uspid="448" ordinal="6" sl="448" sc="1" el="448" ec="2" bec="0" bev="0" fileid="2" />
              </SequencePoints>
              <BranchPoints>
                <BranchPoint vc="0" uspid="445" ordinal="1" path="1" offset="63" offsetend="35" sl="445" fileid="2" />
                <BranchPoint vc="0" uspid="445" ordinal="0" path="0" offset="63" offsetend="65" sl="445" fileid="2" />
              </BranchPoints>
              <MethodPoint vc="0" uspid="0" p8:type="SequencePoint" ordinal="8" offset="8" sc="0" sl="440" ec="1" el="448" bec="0" bev="0" fileid="2" xmlns:p8="xsi" />
            </Method>
            <Method cyclomaticComplexity="4" nPathComplexity="0" sequenceCoverage="100" branchCoverage="100" isConstructor="True" isGetter="False" isSetter="False" isStatic="True">
              <Summary numSequencePoints="3" visitedSequencePoints="3" numBranchPoints="4" visitedBranchPoints="4" sequenceCoverage="100" branchCoverage="100" maxCyclomaticComplexity="4" minCyclomaticComplexity="4" visitedClasses="0" numClasses="0" visitedMethods="1" numMethods="1" />
              <MetadataToken />
              <Name>System.Void SpreadsheetUtilities.Formula::.ctor(System.String)</Name>
              <FileRef uid="2" />
              <SequencePoints>
                <SequencePoint vc="10" uspid="59" ordinal="0" sl="59" sc="1" el="59" ec="2" bec="0" bev="0" fileid="2" />
                <SequencePoint vc="7" uspid="60" ordinal="1" sl="60" sc="1" el="60" ec="2" bec="0" bev="0" fileid="2" />
                <SequencePoint vc="7" uspid="61" ordinal="2" sl="61" sc="1" el="61" ec="2" bec="0" bev="0" fileid="2" />
              </SequencePoints>
              <BranchPoints>
                <BranchPoint vc="1" uspid="59" ordinal="0" path="0" offset="8" offsetend="10" sl="59" fileid="2" />
                <BranchPoint vc="7" uspid="59" ordinal="1" path="1" offset="8" offsetend="33" sl="59" fileid="2" />
                <BranchPoint vc="1" uspid="59" ordinal="2" path="0" offset="39" offsetend="41" sl="59" fileid="2" />
                <BranchPoint vc="7" uspid="59" ordinal="3" path="1" offset="39" offsetend="64" sl="59" fileid="2" />
              </BranchPoints>
              <MethodPoint vc="3" uspid="0" p8:type="SequencePoint" ordinal="9" offset="9" sc="0" sl="59" ec="1" el="61" bec="0" bev="0" fileid="2" xmlns:p8="xsi" />
            </Method>
            <Method cyclomaticComplexity="26" nPathComplexity="0" sequenceCoverage="66.03" branchCoverage="57.69" isConstructor="True" isGetter="False" isSetter="False" isStatic="True">
              <Summary numSequencePoints="53" visitedSequencePoints="35" numBranchPoints="26" visitedBranchPoints="15" sequenceCoverage="66.03" branchCoverage="57.69" maxCyclomaticComplexity="26" minCyclomaticComplexity="26" visitedClasses="0" numClasses="0" visitedMethods="1" numMethods="1" />
              <MetadataToken />
              <Name>System.Void SpreadsheetUtilities.Formula::.ctor(System.String,System.Func`2&lt;System.String,System.String&gt;,System.Func`2&lt;System.String,System.Boolean&gt;)</Name>
              <FileRef uid="2" />
              <SequencePoints>
                <SequencePoint vc="50" uspid="85" ordinal="0" sl="85" sc="1" el="85" ec="2" bec="0" bev="0" fileid="2" />
                <SequencePoint vc="50" uspid="86" ordinal="1" sl="86" sc="1" el="86" ec="2" bec="0" bev="0" fileid="2" />
                <SequencePoint vc="50" uspid="88" ordinal="2" sl="88" sc="1" el="88" ec="2" bec="0" bev="0" fileid="2" />
                <SequencePoint vc="0" uspid="89" ordinal="3" sl="89" sc="1" el="89" ec="2" bec="0" bev="0" fileid="2" />
                <SequencePoint vc="50" uspid="91" ordinal="4" sl="91" sc="1" el="91" ec="2" bec="0" bev="0" fileid="2" />
                <SequencePoint vc="50" uspid="92" ordinal="5" sl="92" sc="1" el="92" ec="2" bec="0" bev="0" fileid="2" />
                <SequencePoint vc="50" uspid="93" ordinal="6" sl="93" sc="1" el="93" ec="2" bec="0" bev="0" fileid="2" />
                <SequencePoint vc="50" uspid="94" ordinal="7" sl="94" sc="1" el="94" ec="2" bec="0" bev="0" fileid="2" />
                <SequencePoint vc="538" uspid="96" ordinal="8" sl="96" sc="1" el="96" ec="2" bec="0" bev="0" fileid="2" />
                <SequencePoint vc="194" uspid="97" ordinal="9" sl="97" sc="1" el="97" ec="2" bec="0" bev="0" fileid="2" />
                <SequencePoint vc="194" uspid="99" ordinal="10" sl="99" sc="1" el="99" ec="2" bec="0" bev="0" fileid="2" />
                <SequencePoint vc="122" uspid="100" ordinal="11" sl="100" sc="1" el="100" ec="2" bec="0" bev="0" fileid="2" />
                <SequencePoint vc="122" uspid="101" ordinal="12" sl="101" sc="1" el="101" ec="2" bec="0" bev="0" fileid="2" />
                <SequencePoint vc="55" uspid="102" ordinal="13" sl="102" sc="1" el="102" ec="2" bec="0" bev="0" fileid="2" />
                <SequencePoint vc="55" uspid="103" ordinal="14" sl="103" sc="1" el="103" ec="2" bec="0" bev="0" fileid="2" />
                <SequencePoint vc="55" uspid="104" ordinal="15" sl="104" sc="1" el="104" ec="2" bec="0" bev="0" fileid="2" />
                <SequencePoint vc="67" uspid="106" ordinal="16" sl="106" sc="1" el="106" ec="2" bec="0" bev="0" fileid="2" />
                <SequencePoint vc="67" uspid="107" ordinal="17" sl="107" sc="1" el="107" ec="2" bec="0" bev="0" fileid="2" />
                <SequencePoint vc="67" uspid="108" ordinal="18" sl="108" sc="1" el="108" ec="2" bec="0" bev="0" fileid="2" />
                <SequencePoint vc="0" uspid="110" ordinal="19" sl="110" sc="1" el="110" ec="2" bec="0" bev="0" fileid="2" />
                <SequencePoint vc="67" uspid="111" ordinal="20" sl="111" sc="1" el="111" ec="2" bec="0" bev="0" fileid="2" />
                <SequencePoint vc="122" uspid="112" ordinal="21" sl="112" sc="1" el="112" ec="2" bec="0" bev="0" fileid="2" />
                <SequencePoint vc="72" uspid="114" ordinal="22" sl="114" sc="1" el="114" ec="2" bec="0" bev="0" fileid="2" />
                <SequencePoint vc="72" uspid="115" ordinal="23" sl="115" sc="1" el="115" ec="2" bec="0" bev="0" fileid="2" />
                <SequencePoint vc="0" uspid="116" ordinal="24" sl="116" sc="1" el="116" ec="2" bec="0" bev="0" fileid="2" />
                <SequencePoint vc="0" uspid="117" ordinal="25" sl="117" sc="1" el="117" ec="2" bec="0" bev="0" fileid="2" />
                <SequencePoint vc="0" uspid="118" ordinal="26" sl="118" sc="1" el="118" ec="2" bec="0" bev="0" fileid="2" />
                <SequencePoint vc="0" uspid="119" ordinal="27" sl="119" sc="1" el="119" ec="2" bec="0" bev="0" fileid="2" />
                <SequencePoint vc="72" uspid="122" ordinal="28" sl="122" sc="1" el="122" ec="2" bec="0" bev="0" fileid="2" />
                <SequencePoint vc="0" uspid="123" ordinal="29" sl="123" sc="1" el="123" ec="2" bec="0" bev="0" fileid="2" />
                <SequencePoint vc="0" uspid="124" ordinal="30" sl="124" sc="1" el="124" ec="2" bec="0" bev="0" fileid="2" />
                <SequencePoint vc="72" uspid="127" ordinal="31" sl="127" sc="1" el="127" ec="2" bec="0" bev="0" fileid="2" />
                <SequencePoint vc="0" uspid="128" ordinal="32" sl="128" sc="1" el="128" ec="2" bec="0" bev="0" fileid="2" />
                <SequencePoint vc="0" uspid="129" ordinal="33" sl="129" sc="1" el="129" ec="2" bec="0" bev="0" fileid="2" />
                <SequencePoint vc="0" uspid="130" ordinal="34" sl="130" sc="1" el="130" ec="2" bec="0" bev="0" fileid="2" />
                <SequencePoint vc="0" uspid="133" ordinal="35" sl="133" sc="1" el="133" ec="2" bec="0" bev="0" fileid="2" />
                <SequencePoint vc="0" uspid="134" ordinal="36" sl="134" sc="1" el="134" ec="2" bec="0" bev="0" fileid="2" />
                <SequencePoint vc="0" uspid="135" ordinal="37" sl="135" sc="1" el="135" ec="2" bec="0" bev="0" fileid="2" />
                <SequencePoint vc="72" uspid="137" ordinal="38" sl="137" sc="1" el="137" ec="2" bec="0" bev="0" fileid="2" />
                <SequencePoint vc="72" uspid="138" ordinal="39" sl="138" sc="1" el="138" ec="2" bec="0" bev="0" fileid="2" />
                <SequencePoint vc="72" uspid="139" ordinal="40" sl="139" sc="1" el="139" ec="2" bec="0" bev="0" fileid="2" />
[...]
                <SequencePoint vc="1" uspid="413" ordinal="4" sl="413" sc="1" el="413" ec="2" bec="0" bev="0" fileid="4" />
                <SequencePoint vc="0" uspid="414" ordinal="5" sl="414" sc="1" el="414" ec="2" bec="0" bev="0" fileid="4" />
                <SequencePoint vc="1" uspid="416" ordinal="6" sl="416" sc="1" el="416" ec="2" bec="0" bev="0" fileid="4" />
                <SequencePoint vc="1" uspid="417" ordinal="7" sl="417" sc="1" el="417" ec="2" bec="0" bev="0" fileid="4" />
                <SequencePoint vc="1" uspid="418" ordinal="8" sl="418" sc="1" el="418" ec="2" bec="0" bev="0" fileid="4" />
                <SequencePoint vc="1" uspid="419" ordinal="9" sl="419" sc="1" el="419" ec="2" bec="0" bev="0" fileid="4" />
                <SequencePoint vc="15" uspid="420" ordinal="10" sl="420" sc="1" el="420" ec="2" bec="0" bev="0" fileid="4" />
                <SequencePoint vc="6" uspid="421" ordinal="11" sl="421" sc="1" el="421" ec="2" bec="0" bev="0" fileid="4" />
                <SequencePoint vc="6" uspid="422" ordinal="12" sl="422" sc="1" el="422" ec="2" bec="0" bev="0" fileid="4" />
                <SequencePoint vc="6" uspid="423" ordinal="13" sl="423" sc="1" el="423" ec="2" bec="0" bev="0" fileid="4" />
                <SequencePoint vc="6" uspid="425" ordinal="14" sl="425" sc="1" el="425" ec="2" bec="0" bev="0" fileid="4" />
                <SequencePoint vc="5" uspid="426" ordinal="15" sl="426" sc="1" el="426" ec="2" bec="0" bev="0" fileid="4" />
                <SequencePoint vc="1" uspid="429" ordinal="16" sl="429" sc="1" el="429" ec="2" bec="0" bev="0" fileid="4" />
                <SequencePoint vc="6" uspid="431" ordinal="17" sl="431" sc="1" el="431" ec="2" bec="0" bev="0" fileid="4" />
                <SequencePoint vc="6" uspid="432" ordinal="18" sl="432" sc="1" el="432" ec="2" bec="0" bev="0" fileid="4" />
                <SequencePoint vc="1" uspid="433" ordinal="19" sl="433" sc="1" el="433" ec="2" bec="0" bev="0" fileid="4" />
                <SequencePoint vc="1" uspid="434" ordinal="20" sl="434" sc="1" el="434" ec="2" bec="0" bev="0" fileid="4" />
                <SequencePoint vc="1" uspid="436" ordinal="21" sl="436" sc="1" el="436" ec="2" bec="0" bev="0" fileid="4" />
                <SequencePoint vc="1" uspid="437" ordinal="22" sl="437" sc="1" el="437" ec="2" bec="0" bev="0" fileid="4" />
              </SequencePoints>
              <BranchPoints>
                <BranchPoint vc="0" uspid="413" ordinal="0" path="0" offset="38" offsetend="40" sl="413" fileid="4" />
                <BranchPoint vc="1" uspid="413" ordinal="1" path="1" offset="38" offsetend="51" sl="413" fileid="4" />
                <BranchPoint vc="6" uspid="420" ordinal="5" path="1" offset="238" offsetend="105" sl="420" fileid="4" />
                <BranchPoint vc="5" uspid="425" ordinal="2" path="0" offset="160" offsetend="162" sl="425" fileid="4" />
                <BranchPoint vc="1" uspid="425" ordinal="3" path="1" offset="160" offsetend="199" sl="425" fileid="4" />
                <BranchPoint vc="1" uspid="420" ordinal="4" path="0" offset="238" offsetend="243" sl="420" fileid="4" />
              </BranchPoints>
              <MethodPoint vc="22" uspid="0" p8:type="SequencePoint" ordinal="11" offset="11" sc="0" sl="406" ec="1" el="437" bec="0" bev="0" fileid="4" xmlns:p8="xsi" />
            </Method>
            <Method cyclomaticComplexity="6" nPathComplexity="0" sequenceCoverage="0" branchCoverage="0" isConstructor="False" isGetter="False" isSetter="False" isStatic="True">
              <Summary numSequencePoints="9" visitedSequencePoints="0" numBranchPoints="6" visitedBranchPoints="0" sequenceCoverage="0" branchCoverage="0" maxCyclomaticComplexity="6" minCyclomaticComplexity="6" visitedClasses="0" numClasses="0" visitedMethods="0" numMethods="1" />
              <MetadataToken />
              <Name>System.Object SS.Spreadsheet::GetCellValue(System.String)</Name>
              <FileRef uid="4" />
              <SequencePoints>
                <SequencePoint vc="0" uspid="440" ordinal="0" sl="440" sc="1" el="440" ec="2" bec="0" bev="0" fileid="4" />
                <SequencePoint vc="0" uspid="441" ordinal="1" sl="441" sc="1" el="441" ec="2" bec="0" bev="0" fileid="4" />
                <SequencePoint vc="0" uspid="443" ordinal="2" sl="443" sc="1" el="443" ec="2" bec="0" bev="0" fileid="4" />
                <SequencePoint vc="0" uspid="444" ordinal="3" sl="444" sc="1" el="444" ec="2" bec="0" bev="0" fileid="4" />
                <SequencePoint vc="0" uspid="446" ordinal="4" sl="446" sc="1" el="446" ec="2" bec="0" bev="0" fileid="4" />
                <SequencePoint vc="0" uspid="447" ordinal="5" sl="447" sc="1" el="447" ec="2" bec="0" bev="0" fileid="4" />
                <SequencePoint vc="0" uspid="449" ordinal="6" sl="449" sc="1" el="449" ec="2" bec="0" bev="0" fileid="4" />
                <SequencePoint vc="0" uspid="450" ordinal="7" sl="450" sc="1" el="450" ec="2" bec="0" bev="0" fileid="4" />
                <SequencePoint vc="0" uspid="452" ordinal="8" sl="452" sc="1" el="452" ec="2" bec="0" bev="0" fileid="4" />
              </SequencePoints>
              <BranchPoints>
                <BranchPoint vc="0" uspid="443" ordinal="0" path="0" offset="16" offsetend="18" sl="443" fileid="4" />
                <BranchPoint vc="0" uspid="443" ordinal="1" path="1" offset="16" offsetend="30" sl="443" fileid="4" />
                <BranchPoint vc="0" uspid="443" ordinal="2" path="0" offset="33" offsetend="35" sl="443" fileid="4" />
                <BranchPoint vc="0" uspid="443" ordinal="3" path="1" offset="33" offsetend="41" sl="443" fileid="4" />
                <BranchPoint vc="0" uspid="446" ordinal="4" path="0" offset="57" offsetend="59" sl="446" fileid="4" />
                <BranchPoint vc="0" uspid="446" ordinal="5" path="1" offset="57" offsetend="80" sl="446" fileid="4" />
              </BranchPoints>
              <MethodPoint vc="0" uspid="0" p8:type="SequencePoint" ordinal="12" offset="12" sc="0" sl="440" ec="1" el="452" bec="0" bev="0" fileid="4" xmlns:p8="xsi" />
            </Method>
            <Method cyclomaticComplexity="2" nPathComplexity="0" sequenceCoverage="0" branchCoverage="0" isConstructor="False" isGetter="False" isSetter="False" isStatic="True">
              <Summary numSequencePoints="5" visitedSequencePoints="0" numBranchPoints="2" visitedBranchPoints="0" sequenceCoverage="0" branchCoverage="0" maxCyclomaticComplexity="2" minCyclomaticComplexity="2" visitedClasses="0" numClasses="0" visitedMethods="0" numMethods="1" />
              <MetadataToken />
              <Name>System.Double SS.Spreadsheet::getCellDouble(System.String)</Name>
              <FileRef uid="4" />
              <SequencePoints>
                <SequencePoint vc="0" uspid="455" ordinal="0" sl="455" sc="1" el="455" ec="2" bec="0" bev="0" fileid="4" />
                <SequencePoint vc="0" uspid="456" ordinal="1" sl="456" sc="1" el="456" ec="2" bec="0" bev="0" fileid="4" />
                <SequencePoint vc="0" uspid="457" ordinal="2" sl="457" sc="1" el="457" ec="2" bec="0" bev="0" fileid="4" />
                <SequencePoint vc="0" uspid="459" ordinal="3" sl="459" sc="1" el="459" ec="2" bec="0" bev="0" fileid="4" />
                <SequencePoint vc="0" uspid="460" ordinal="4" sl="460" sc="1" el="460" ec="2" bec="0" bev="0" fileid="4" />
              </SequencePoints>
              <BranchPoints>
                <BranchPoint vc="0" uspid="456" ordinal="0" path="0" offset="18" offsetend="20" sl="456" fileid="4" />
                <BranchPoint vc="0" uspid="456" ordinal="1" path="1" offset="18" offsetend="40" sl="456" fileid="4" />
              </BranchPoints>
              <MethodPoint vc="0" uspid="0" p8:type="SequencePoint" ordinal="13" offset="13" sc="0" sl="455" ec="1" el="460" bec="0" bev="0" fileid="4" xmlns:p8="xsi" />
            </Method>
            <Method cyclomaticComplexity="1" nPathComplexity="0" sequenceCoverage="0" branchCoverage="100" isConstructor="True" isGetter="False" isSetter="False" isStatic="True">
              <Summary numSequencePoints="8" visitedSequencePoints="0" numBranchPoints="0" visitedBranchPoints="0" sequenceCoverage="0" branchCoverage="100" maxCyclomaticComplexity="1" minCyclomaticComplexity="1" visitedClasses="0" numClasses="0" visitedMethods="0" numMethods="1" />
              <MetadataToken />
              <Name>System.Void SS.Spreadsheet::.ctor(System.Func`2&lt;System.String,System.Boolean&gt;,System.Func`2&lt;System.String,System.String&gt;,System.String)</Name>
              <FileRef uid="4" />
              <SequencePoints>
                <SequencePoint vc="0" uspid="91" ordinal="0" sl="91" sc="1" el="91" ec="2" bec="0" bev="0" fileid="4" />
                <SequencePoint vc="0" uspid="92" ordinal="1" sl="92" sc="1" el="92" ec="2" bec="0" bev="0" fileid="4" />
                <SequencePoint vc="0" uspid="99" ordinal="2" sl="99" sc="1" el="99" ec="2" bec="0" bev="0" fileid="4" />
                <SequencePoint vc="0" uspid="100" ordinal="3" sl="100" sc="1" el="100" ec="2" bec="0" bev="0" fileid="4" />
                <SequencePoint vc="0" uspid="101" ordinal="4" sl="101" sc="1" el="101" ec="2" bec="0" bev="0" fileid="4" />
                <SequencePoint vc="0" uspid="102" ordinal="5" sl="102" sc="1" el="102" ec="2" bec="0" bev="0" fileid="4" />
                <SequencePoint vc="0" uspid="103" ordinal="6" sl="103" sc="1" el="103" ec="2" bec="0" bev="0" fileid="4" />
                <SequencePoint vc="0" uspid="104" ordinal="7" sl="104" sc="1" el="104" ec="2" bec="0" bev="0" fileid="4" />
              </SequencePoints>
              <BranchPoints />
              <MethodPoint vc="0" uspid="0" p8:type="SequencePoint" ordinal="14" offset="14" sc="0" sl="91" ec="1" el="104" bec="0" bev="0" fileid="4" xmlns:p8="xsi" />
            </Method>
            <Method cyclomaticComplexity="4" nPathComplexity="0" sequenceCoverage="100" branchCoverage="100" isConstructor="True" isGetter="False" isSetter="False" isStatic="True">
              <Summary numSequencePoints="6" visitedSequencePoints="6" numBranchPoints="4" visitedBranchPoints="4" sequenceCoverage="100" branchCoverage="100" maxCyclomaticComplexity="4" minCyclomaticComplexity="4" visitedClasses="0" numClasses="0" visitedMethods="1" numMethods="1" />
              <MetadataToken />
              <Name>System.Void SS.Spreadsheet::.ctor()</Name>
              <FileRef uid="4" />
              <SequencePoints>
                <SequencePoint vc="357" uspid="106" ordinal="0" sl="106" sc="1" el="106" ec="2" bec="0" bev="0" fileid="4" />
                <SequencePoint vc="20" uspid="107" ordinal="1" sl="107" sc="1" el="107" ec="2" bec="0" bev="0" fileid="4" />
                <SequencePoint vc="20" uspid="108" ordinal="2" sl="108" sc="1" el="108" ec="2" bec="0" bev="0" fileid="4" />
                <SequencePoint vc="20" uspid="109" ordinal="3" sl="109" sc="1" el="109" ec="2" bec="0" bev="0" fileid="4" />
                <SequencePoint vc="20" uspid="110" ordinal="4" sl="110" sc="1" el="110" ec="2" bec="0" bev="0" fileid="4" />
                <SequencePoint vc="20" uspid="111" ordinal="5" sl="111" sc="1" el="111" ec="2" bec="0" bev="0" fileid="4" />
              </SequencePoints>
              <BranchPoints>
                <BranchPoint vc="1" uspid="106" ordinal="0" path="0" offset="29" offsetend="31" sl="106" fileid="4" />
                <BranchPoint vc="20" uspid="106" ordinal="1" path="1" offset="29" offsetend="54" sl="106" fileid="4" />
                <BranchPoint vc="1" uspid="106" ordinal="2" path="0" offset="60" offsetend="62" sl="106" fileid="4" />
                <BranchPoint vc="20" uspid="106" ordinal="3" path="1" offset="60" offsetend="85" sl="106" fileid="4" />
              </BranchPoints>
              <MethodPoint vc="6" uspid="0" p8:type="SequencePoint" ordinal="15" offset="15" sc="0" sl="106" ec="1" el="111" bec="0" bev="0" fileid="4" xmlns:p8="xsi" />
            </Method>
            <Method cyclomaticComplexity="20" nPathComplexity="0" sequenceCoverage="77.14" branchCoverage="80" isConstructor="True" isGetter="False" isSetter="False" isStatic="True">
              <Summary numSequencePoints="35" visitedSequencePoints="27" numBranchPoints="20" visitedBranchPoints="16" sequenceCoverage="77.14" branchCoverage="80" maxCyclomaticComplexity="20" minCyclomaticComplexity="20" visitedClasses="0" numClasses="0" visitedMethods="1" numMethods="1" />
              <MetadataToken />
              <Name>System.Void SS.Spreadsheet::.ctor(System.String,System.Func`2&lt;System.String,System.Boolean&gt;,System.Func`2&lt;System.String,System.String&gt;,System.String)</Name>
              <FileRef uid="4" />
              <SequencePoints>
                <SequencePoint vc="1" uspid="113" ordinal="0" sl="113" sc="1" el="113" ec="2" bec="0" bev="0" fileid="4" />
                <SequencePoint vc="1" uspid="114" ordinal="1" sl="114" sc="1" el="114" ec="2" bec="0" bev="0" fileid="4" />
                <SequencePoint vc="1" uspid="115" ordinal="2" sl="115" sc="1" el="115" ec="2" bec="0" bev="0" fileid="4" />
                <SequencePoint vc="0" uspid="116" ordinal="3" sl="116" sc="1" el="116" ec="2" bec="0" bev="0" fileid="4" />
                <SequencePoint vc="1" uspid="118" ordinal="4" sl="118" sc="1" el="118" ec="2" bec="0" bev="0" fileid="4" />
                <SequencePoint vc="1" uspid="119" ordinal="5" sl="119" sc="1" el="119" ec="2" bec="0" bev="0" fileid="4" />
                <SequencePoint vc="1" uspid="120" ordinal="6" sl="120" sc="1" el="120" ec="2" bec="0" bev="0" fileid="4" />
                <SequencePoint vc="1" uspid="121" ordinal="7" sl="121" sc="1" el="121" ec="2" bec="0" bev="0" fileid="4" />
                <SequencePoint vc="1" uspid="122" ordinal="8" sl="122" sc="1" el="122" ec="2" bec="0" bev="0" fileid="4" />
                <SequencePoint vc="1" uspid="123" ordinal="9" sl="123" sc="1" el="123" ec="2" bec="0" bev="0" fileid="4" />
                <SequencePoint vc="42" uspid="124" ordinal="10" sl="124" sc="1" el="124" ec="2" bec="0" bev="0" fileid="4" />
                <SequencePoint vc="41" uspid="125" ordinal="11" sl="125" sc="1" el="125" ec="2" bec="0" bev="0" fileid="4" />
                <SequencePoint vc="41" uspid="126" ordinal="12" sl="126" sc="1" el="126" ec="2" bec="0" bev="0" fileid="4" />
                <SequencePoint vc="12" uspid="127" ordinal="13" sl="127" sc="1" el="127" ec="2" bec="0" bev="0" fileid="4" />
                <SequencePoint vc="11" uspid="128" ordinal="14" sl="128" sc="1" el="128" ec="2" bec="0" bev="0" fileid="4" />
                <SequencePoint vc="11" uspid="130" ordinal="15" sl="130" sc="1" el="130" ec="2" bec="0" bev="0" fileid="4" />
                <SequencePoint vc="11" uspid="131" ordinal="16" sl="131" sc="1" el="131" ec="2" bec="0" bev="0" fileid="4" />
                <SequencePoint vc="0" uspid="132" ordinal="17" sl="132" sc="1" el="132" ec="2" bec="0" bev="0" fileid="4" />
                <SequencePoint vc="11" uspid="133" ordinal="18" sl="133" sc="1" el="133" ec="2" bec="0" bev="0" fileid="4" />
                <SequencePoint vc="11" uspid="134" ordinal="19" sl="134" sc="1" el="134" ec="2" bec="0" bev="0" fileid="4" />
                <SequencePoint vc="0" uspid="135" ordinal="20" sl="135" sc="1" el="135" ec="2" bec="0" bev="0" fileid="4" />
                <SequencePoint vc="0" uspid="136" ordinal="21" sl="136" sc="1" el="136" ec="2" bec="0" bev="0" fileid="4" />
                <SequencePoint vc="0" uspid="137" ordinal="22" sl="137" sc="1" el="137" ec="2" bec="0" bev="0" fileid="4" />
                <SequencePoint vc="0" uspid="139" ordinal="23" sl="139" sc="1" el="139" ec="2" bec="0" bev="0" fileid="4" />
                <SequencePoint vc="0" uspid="140" ordinal="24" sl="140" sc="1" el="140" ec="2" bec="0" bev="0" fileid="4" />
                <SequencePoint vc="0" uspid="141" ordinal="25" sl="141" sc="1" el="141" ec="2" bec="0" bev="0" fileid="4" />
                <SequencePoint vc="11" uspid="143" ordinal="26" sl="143" sc="1" el="143" ec="2" bec="0" bev="0" fileid="4" />
                <SequencePoint vc="41" uspid="144" ordinal="27" sl="144" sc="1" el="144" ec="2" bec="0" bev="0" fileid="4" />
                <SequencePoint vc="6" uspid="145" ordinal="28" sl="145" sc="1" el="145" ec="2" bec="0" bev="0" fileid="4" />
                <SequencePoint vc="41" uspid="146" ordinal="29" sl="146" sc="1" el="146" ec="2" bec="0" bev="0" fileid="4" />
                <SequencePoint vc="6" uspid="147" ordinal="30" sl="147" sc="1" el="147" ec="2" bec="0" bev="0" fileid="4" />
                <SequencePoint vc="41" uspid="148" ordinal="31" sl="148" sc="1" el="148" ec="2" bec="0" bev="0" fileid="4" />
                <SequencePoint vc="1" uspid="149" ordinal="32" sl="149" sc="1" el="149" ec="2" bec="0" bev="0" fileid="4" />
                <SequencePoint vc="1" uspid="151" ordinal="33" sl="151" sc="1" el="151" ec="2" bec="0" bev="0" fileid="4" />
                <SequencePoint vc="1" uspid="152" ordinal="34" sl="152" sc="1" el="152" ec="2" bec="0" bev="0" fileid="4" />
              </SequencePoints>
              <BranchPoints>
                <BranchPoint vc="0" uspid="115" ordinal="0" path="0" offset="53" offsetend="55" sl="115" fileid="4" />
                <BranchPoint vc="1" uspid="115" ordinal="1" path="1" offset="53" offsetend="66" sl="115" fileid="4" />
                <BranchPoint vc="41" uspid="124" ordinal="19" path="1" offset="301" offsetend="105" sl="124" fileid="4" />
                <BranchPoint vc="12" uspid="126" ordinal="2" path="0" offset="126" offsetend="128" sl="126" fileid="4" />
                <BranchPoint vc="11" uspid="127" ordinal="4" path="0" offset="129" offsetend="131" sl="127" fileid="4" />
                <BranchPoint vc="1" uspid="127" ordinal="5" path="1" offset="129" offsetend="137" sl="127" fileid="4" />
                <BranchPoint vc="11" uspid="127" ordinal="6" path="0" offset="142" offsetend="144" sl="127" fileid="4" />
                <BranchPoint vc="11" uspid="131" ordinal="8" path="0" offset="147" offsetend="149" sl="131" fileid="4" />
                <BranchPoint vc="11" uspid="131" ordinal="10" path="0" offset="156" offsetend="158" sl="131" fileid="4" />
                <BranchPoint vc="0" uspid="131" ordinal="9" path="1" offset="147" offsetend="175" sl="131" fileid="4" />
                <BranchPoint vc="0" uspid="131" ordinal="11" path="1" offset="156" offsetend="175" sl="131" fileid="4" />
                <BranchPoint vc="0" uspid="131" ordinal="12" path="0" offset="180" offsetend="182" sl="131" fileid="4" />
                <BranchPoint vc="11" uspid="131" ordinal="13" path="1" offset="180" offsetend="193" sl="131" fileid="4" />
                <BranchPoint vc="41" uspid="126" ordinal="3" path="1" offset="126" offsetend="232" sl="126" fileid="4" />
                <BranchPoint vc="41" uspid="127" ordinal="7" path="1" offset="142" offsetend="232" sl="127" fileid="4" />
                <BranchPoint vc="6" uspid="144" ordinal="14" path="0" offset="252" offsetend="254" sl="144" fileid="4" />
                <BranchPoint vc="41" uspid="144" ordinal="15" path="1" offset="252" offsetend="261" sl="144" fileid="4" />
                <BranchPoint vc="6" uspid="146" ordinal="16" path="0" offset="281" offsetend="283" sl="146" fileid="4" />
                <BranchPoint vc="41" uspid="146" ordinal="17" path="1" offset="281" offsetend="290" sl="146" fileid="4" />
                <BranchPoint vc="1" uspid="124" ordinal="18" path="0" offset="301" offsetend="306" sl="124" fileid="4" />
              </BranchPoints>
              <MethodPoint vc="27" uspid="0" p8:type="SequencePoint" ordinal="16" offset="16" sc="0" sl="113" ec="1" el="152" bec="0" bev="0" fileid="4" xmlns:p8="xsi" />
            </Method>
          </Methods>
        </Class>
      </Classes>
    </Module>
  </Modules>
</CoverageSession>