<?xml version="1.0" encoding="utf-8"?>
<CoverageSession>
  <Summary numSequencePoints="299" visitedSequencePoints="288" numBranchPoints="146" visitedBranchPoints="137" sequenceCoverage="96.32" branchCoverage="93.83" maxCyclomaticComplexity="149" minCyclomaticComplexity="149" visitedClasses="5" numClasses="5" visitedMethods="20" numMethods="21" />
  <Modules>
    <Module hash="3D96A45B-7CEB-484B-9BE2-E19496581B9C">
      <ModulePath>Formula.dll</ModulePath>
      <ModuleTime>2020-02-08T10:30:50</ModuleTime>
      <ModuleName>Formula</ModuleName>
      <Files>
        <File uid="1" fullPath="C:\Users\garre\source\repos\CS3500\spreadsheet-garrettkeefe75\Spreadsheet\Formula\Formula.cs" />
      </Files>
      <Classes>
        <Class>
          <Summary numSequencePoints="221" visitedSequencePoints="220" numBranchPoints="124" visitedBranchPoints="121" sequenceCoverage="99.54" branchCoverage="97.58" maxCyclomaticComplexity="40" minCyclomaticComplexity="2" visitedClasses="1" numClasses="1" visitedMethods="11" numMethods="11" />
          <FullName>SpreadsheetUtilities.Formula</FullName>
          <Methods>
            <Method cyclomaticComplexity="4" nPathComplexity="0" sequenceCoverage="100" branchCoverage="100" isConstructor="False" isGetter="False" isSetter="False" isStatic="True">
              <Summary numSequencePoints="8" visitedSequencePoints="8" numBranchPoints="4" visitedBranchPoints="4" sequenceCoverage="100" branchCoverage="100" maxCyclomaticComplexity="4" minCyclomaticComplexity="4" visitedClasses="0" numClasses="0" visitedMethods="1" numMethods="1" />
              <MetadataToken />
              <Name>System.Boolean SpreadsheetUtilities.Formula::parenthesesAndOperatorRule(System.Collections.ArrayList)</Name>
              <FileRef uid="1" />
              <SequencePoints>
                <SequencePoint vc="145" uspid="161" ordinal="0" sl="161" sc="1" el="161" ec="2" bec="0" bev="0" fileid="1" />
                <SequencePoint vc="145" uspid="162" ordinal="1" sl="162" sc="1" el="162" ec="2" bec="0" bev="0" fileid="1" />
                <SequencePoint vc="145" uspid="163" ordinal="2" sl="163" sc="1" el="163" ec="2" bec="0" bev="0" fileid="1" />
                <SequencePoint vc="145" uspid="165" ordinal="3" sl="165" sc="1" el="165" ec="2" bec="0" bev="0" fileid="1" />
                <SequencePoint vc="56" uspid="166" ordinal="4" sl="166" sc="1" el="166" ec="2" bec="0" bev="0" fileid="1" />
                <SequencePoint vc="56" uspid="168" ordinal="5" sl="168" sc="1" el="168" ec="2" bec="0" bev="0" fileid="1" />
                <SequencePoint vc="89" uspid="170" ordinal="6" sl="170" sc="1" el="170" ec="2" bec="0" bev="0" fileid="1" />
                <SequencePoint vc="145" uspid="171" ordinal="7" sl="171" sc="1" el="171" ec="2" bec="0" bev="0" fileid="1" />
              </SequencePoints>
              <BranchPoints>
                <BranchPoint vc="112" uspid="165" ordinal="0" path="0" offset="140" offsetend="142" sl="165" fileid="1" />
                <BranchPoint vc="33" uspid="165" ordinal="1" path="1" offset="140" offsetend="164" sl="165" fileid="1" />
                <BranchPoint vc="56" uspid="165" ordinal="2" path="0" offset="167" offsetend="169" sl="165" fileid="1" />
                <BranchPoint vc="89" uspid="165" ordinal="3" path="1" offset="167" offsetend="196" sl="165" fileid="1" />
              </BranchPoints>
              <MethodPoint vc="8" uspid="0" p8:type="SequencePoint" ordinal="0" offset="0" sc="0" sl="161" ec="1" el="171" bec="0" bev="0" fileid="1" xmlns:p8="xsi" />
            </Method>
            <Method cyclomaticComplexity="4" nPathComplexity="0" sequenceCoverage="100" branchCoverage="100" isConstructor="False" isGetter="False" isSetter="False" isStatic="True">
              <Summary numSequencePoints="8" visitedSequencePoints="8" numBranchPoints="4" visitedBranchPoints="4" sequenceCoverage="100" branchCoverage="100" maxCyclomaticComplexity="4" minCyclomaticComplexity="4" visitedClasses="0" numClasses="0" visitedMethods="1" numMethods="1" />
              <MetadataToken />
              <Name>System.Boolean SpreadsheetUtilities.Formula::numberAndVariableRule(System.Collections.ArrayList)</Name>
              <FileRef uid="1" />
              <SequencePoints>
                <SequencePoint vc="144" uspid="180" ordinal="0" sl="180" sc="1" el="180" ec="2" bec="0" bev="0" fileid="1" />
                <SequencePoint vc="144" uspid="181" ordinal="1" sl="181" sc="1" el="181" ec="2" bec="0" bev="0" fileid="1" />
                <SequencePoint vc="144" uspid="182" ordinal="2" sl="182" sc="1" el="182" ec="2" bec="0" bev="0" fileid="1" />
                <SequencePoint vc="144" uspid="184" ordinal="3" sl="184" sc="1" el="184" ec="2" bec="0" bev="0" fileid="1" />
                <SequencePoint vc="56" uspid="185" ordinal="4" sl="185" sc="1" el="185" ec="2" bec="0" bev="0" fileid="1" />
                <SequencePoint vc="56" uspid="187" ordinal="5" sl="187" sc="1" el="187" ec="2" bec="0" bev="0" fileid="1" />
                <SequencePoint vc="88" uspid="189" ordinal="6" sl="189" sc="1" el="189" ec="2" bec="0" bev="0" fileid="1" />
                <SequencePoint vc="144" uspid="190" ordinal="7" sl="190" sc="1" el="190" ec="2" bec="0" bev="0" fileid="1" />
              </SequencePoints>
              <BranchPoints>
                <BranchPoint vc="111" uspid="184" ordinal="0" path="0" offset="140" offsetend="142" sl="184" fileid="1" />
                <BranchPoint vc="33" uspid="184" ordinal="1" path="1" offset="140" offsetend="167" sl="184" fileid="1" />
                <BranchPoint vc="56" uspid="184" ordinal="2" path="0" offset="170" offsetend="172" sl="184" fileid="1" />
                <BranchPoint vc="88" uspid="184" ordinal="3" path="1" offset="170" offsetend="196" sl="184" fileid="1" />
              </BranchPoints>
              <MethodPoint vc="8" uspid="0" p8:type="SequencePoint" ordinal="1" offset="1" sc="0" sl="180" ec="1" el="190" bec="0" bev="0" fileid="1" xmlns:p8="xsi" />
            </Method>
            <Method cyclomaticComplexity="40" nPathComplexity="0" sequenceCoverage="98.92" branchCoverage="97.5" isConstructor="False" isGetter="False" isSetter="False" isStatic="True">
              <Summary numSequencePoints="93" visitedSequencePoints="92" numBranchPoints="40" visitedBranchPoints="39" sequenceCoverage="98.92" branchCoverage="97.5" maxCyclomaticComplexity="40" minCyclomaticComplexity="40" visitedClasses="0" numClasses="0" visitedMethods="1" numMethods="1" />
              <MetadataToken />
              <Name>System.Object SpreadsheetUtilities.Formula::Evaluate(System.Func`2&lt;System.String,System.Double&gt;)</Name>
              <FileRef uid="1" />
              <SequencePoints>
                <SequencePoint vc="15" uspid="214" ordinal="0" sl="214" sc="1" el="214" ec="2" bec="0" bev="0" fileid="1" />
                <SequencePoint vc="15" uspid="216" ordinal="1" sl="216" sc="1" el="216" ec="2" bec="0" bev="0" fileid="1" />
                <SequencePoint vc="15" uspid="217" ordinal="2" sl="217" sc="1" el="217" ec="2" bec="0" bev="0" fileid="1" />
                <SequencePoint vc="15" uspid="218" ordinal="3" sl="218" sc="1" el="218" ec="2" bec="0" bev="0" fileid="1" />
                <SequencePoint vc="201" uspid="220" ordinal="4" sl="220" sc="1" el="220" ec="2" bec="0" bev="0" fileid="1" />
                <SequencePoint vc="79" uspid="221" ordinal="5" sl="221" sc="1" el="221" ec="2" bec="0" bev="0" fileid="1" />
                <SequencePoint vc="79" uspid="222" ordinal="6" sl="222" sc="1" el="222" ec="2" bec="0" bev="0" fileid="1" />
                <SequencePoint vc="41" uspid="223" ordinal="7" sl="223" sc="1" el="223" ec="2" bec="0" bev="0" fileid="1" />
                <SequencePoint vc="41" uspid="225" ordinal="8" sl="225" sc="1" el="225" ec="2" bec="0" bev="0" fileid="1" />
                <SequencePoint vc="31" uspid="226" ordinal="9" sl="226" sc="1" el="226" ec="2" bec="0" bev="0" fileid="1" />
                <SequencePoint vc="10" uspid="228" ordinal="10" sl="228" sc="1" el="228" ec="2" bec="0" bev="0" fileid="1" />
                <SequencePoint vc="10" uspid="230" ordinal="11" sl="230" sc="1" el="230" ec="2" bec="0" bev="0" fileid="1" />
                <SequencePoint vc="10" uspid="231" ordinal="12" sl="231" sc="1" el="231" ec="2" bec="0" bev="0" fileid="1" />
                <SequencePoint vc="9" uspid="232" ordinal="13" sl="232" sc="1" el="232" ec="2" bec="0" bev="0" fileid="1" />
                <SequencePoint vc="1" uspid="233" ordinal="14" sl="233" sc="1" el="233" ec="2" bec="0" bev="0" fileid="1" />
                <SequencePoint vc="1" uspid="234" ordinal="15" sl="234" sc="1" el="234" ec="2" bec="0" bev="0" fileid="1" />
                <SequencePoint vc="1" uspid="235" ordinal="16" sl="235" sc="1" el="235" ec="2" bec="0" bev="0" fileid="1" />
                <SequencePoint vc="9" uspid="237" ordinal="17" sl="237" sc="1" el="237" ec="2" bec="0" bev="0" fileid="1" />
                <SequencePoint vc="40" uspid="238" ordinal="18" sl="238" sc="1" el="238" ec="2" bec="0" bev="0" fileid="1" />
                <SequencePoint vc="40" uspid="239" ordinal="19" sl="239" sc="1" el="239" ec="2" bec="0" bev="0" fileid="1" />
                <SequencePoint vc="4" uspid="240" ordinal="20" sl="240" sc="1" el="240" ec="2" bec="0" bev="0" fileid="1" />
                <SequencePoint vc="4" uspid="241" ordinal="21" sl="241" sc="1" el="241" ec="2" bec="0" bev="0" fileid="1" />
                <SequencePoint vc="4" uspid="242" ordinal="22" sl="242" sc="1" el="242" ec="2" bec="0" bev="0" fileid="1" />
                <SequencePoint vc="4" uspid="243" ordinal="23" sl="243" sc="1" el="243" ec="2" bec="0" bev="0" fileid="1" />
                <SequencePoint vc="36" uspid="244" ordinal="24" sl="244" sc="1" el="244" ec="2" bec="0" bev="0" fileid="1" />
                <SequencePoint vc="4" uspid="245" ordinal="25" sl="245" sc="1" el="245" ec="2" bec="0" bev="0" fileid="1" />
                <SequencePoint vc="4" uspid="246" ordinal="26" sl="246" sc="1" el="246" ec="2" bec="0" bev="0" fileid="1" />
                <SequencePoint vc="1" uspid="247" ordinal="27" sl="247" sc="1" el="247" ec="2" bec="0" bev="0" fileid="1" />
                <SequencePoint vc="3" uspid="248" ordinal="28" sl="248" sc="1" el="248" ec="2" bec="0" bev="0" fileid="1" />
                <SequencePoint vc="3" uspid="249" ordinal="29" sl="249" sc="1" el="249" ec="2" bec="0" bev="0" fileid="1" />
                <SequencePoint vc="3" uspid="250" ordinal="30" sl="250" sc="1" el="250" ec="2" bec="0" bev="0" fileid="1" />
                <SequencePoint vc="39" uspid="251" ordinal="31" sl="251" sc="1" el="251" ec="2" bec="0" bev="0" fileid="1" />
                <SequencePoint vc="38" uspid="253" ordinal="32" sl="253" sc="1" el="253" ec="2" bec="0" bev="0" fileid="1" />
                <SequencePoint vc="38" uspid="254" ordinal="33" sl="254" sc="1" el="254" ec="2" bec="0" bev="0" fileid="1" />
                <SequencePoint vc="16" uspid="255" ordinal="34" sl="255" sc="1" el="255" ec="2" bec="0" bev="0" fileid="1" />
                <SequencePoint vc="16" uspid="256" ordinal="35" sl="256" sc="1" el="256" ec="2" bec="0" bev="0" fileid="1" />
                <SequencePoint vc="16" uspid="257" ordinal="36" sl="257" sc="1" el="257" ec="2" bec="0" bev="0" fileid="1" />
                <SequencePoint vc="22" uspid="259" ordinal="37" sl="259" sc="1" el="259" ec="2" bec="0" bev="0" fileid="1" />
                <SequencePoint vc="6" uspid="260" ordinal="38" sl="260" sc="1" el="260" ec="2" bec="0" bev="0" fileid="1" />
                <SequencePoint vc="6" uspid="261" ordinal="39" sl="261" sc="1" el="261" ec="2" bec="0" bev="0" fileid="1" />
                <SequencePoint vc="4" uspid="262" ordinal="40" sl="262" sc="1" el="262" ec="2" bec="0" bev="0" fileid="1" />
                <SequencePoint vc="4" uspid="263" ordinal="41" sl="263" sc="1" el="263" ec="2" bec="0" bev="0" fileid="1" />
                <SequencePoint vc="4" uspid="264" ordinal="42" sl="264" sc="1" el="264" ec="2" bec="0" bev="0" fileid="1" />
                <SequencePoint vc="4" uspid="265" ordinal="43" sl="265" sc="1" el="265" ec="2" bec="0" bev="0" fileid="1" />
                <SequencePoint vc="2" uspid="266" ordinal="44" sl="266" sc="1" el="266" ec="2" bec="0" bev="0" fileid="1" />
                <SequencePoint vc="2" uspid="267" ordinal="45" sl="267" sc="1" el="267" ec="2" bec="0" bev="0" fileid="1" />
                <SequencePoint vc="2" uspid="268" ordinal="46" sl="268" sc="1" el="268" ec="2" bec="0" bev="0" fileid="1" />
                <SequencePoint vc="2" uspid="269" ordinal="47" sl="269" sc="1" el="269" ec="2" bec="0" bev="0" fileid="1" />
                <SequencePoint vc="2" uspid="270" ordinal="48" sl="270" sc="1" el="270" ec="2" bec="0" bev="0" fileid="1" />
                <SequencePoint vc="6" uspid="272" ordinal="49" sl="272" sc="1" el="272" ec="2" bec="0" bev="0" fileid="1" />
                <SequencePoint vc="6" uspid="274" ordinal="50" sl="274" sc="1" el="274" ec="2" bec="0" bev="0" fileid="1" />
                <SequencePoint vc="1" uspid="275" ordinal="51" sl="275" sc="1" el="275" ec="2" bec="0" bev="0" fileid="1" />
                <SequencePoint vc="1" uspid="276" ordinal="52" sl="276" sc="1" el="276" ec="2" bec="0" bev="0" fileid="1" />
                <SequencePoint vc="1" uspid="277" ordinal="53" sl="277" sc="1" el="277" ec="2" bec="0" bev="0" fileid="1" />
                <SequencePoint vc="1" uspid="278" ordinal="54" sl="278" sc="1" el="278" ec="2" bec="0" bev="0" fileid="1" />
                <SequencePoint vc="5" uspid="279" ordinal="55" sl="279" sc="1" el="279" ec="2" bec="0" bev="0" fileid="1" />
                <SequencePoint vc="1" uspid="280" ordinal="56" sl="280" sc="1" el="280" ec="2" bec="0" bev="0" fileid="1" />
                <SequencePoint vc="1" uspid="281" ordinal="57" sl="281" sc="1" el="281" ec="2" bec="0" bev="0" fileid="1" />
                <SequencePoint vc="0" uspid="282" ordinal="58" sl="282" sc="1" el="282" ec="2" bec="0" bev="0" fileid="1" />
                <SequencePoint vc="1" uspid="283" ordinal="59" sl="283" sc="1" el="283" ec="2" bec="0" bev="0" fileid="1" />
                <SequencePoint vc="1" uspid="284" ordinal="60" sl="284" sc="1" el="284" ec="2" bec="0" bev="0" fileid="1" />
                <SequencePoint vc="1" uspid="285" ordinal="61" sl="285" sc="1" el="285" ec="2" bec="0" bev="0" fileid="1" />
                <SequencePoint vc="6" uspid="286" ordinal="62" sl="286" sc="1" el="286" ec="2" bec="0" bev="0" fileid="1" />
                <SequencePoint vc="16" uspid="288" ordinal="63" sl="288" sc="1" el="288" ec="2" bec="0" bev="0" fileid="1" />
                <SequencePoint vc="16" uspid="289" ordinal="64" sl="289" sc="1" el="289" ec="2" bec="0" bev="0" fileid="1" />
                <SequencePoint vc="1" uspid="290" ordinal="65" sl="290" sc="1" el="290" ec="2" bec="0" bev="0" fileid="1" />
                <SequencePoint vc="1" uspid="291" ordinal="66" sl="291" sc="1" el="291" ec="2" bec="0" bev="0" fileid="1" />
                <SequencePoint vc="1" uspid="292" ordinal="67" sl="292" sc="1" el="292" ec="2" bec="0" bev="0" fileid="1" />
                <SequencePoint vc="1" uspid="293" ordinal="68" sl="293" sc="1" el="293" ec="2" bec="0" bev="0" fileid="1" />
                <SequencePoint vc="15" uspid="294" ordinal="69" sl="294" sc="1" el="294" ec="2" bec="0" bev="0" fileid="1" />
                <SequencePoint vc="1" uspid="295" ordinal="70" sl="295" sc="1" el="295" ec="2" bec="0" bev="0" fileid="1" />
                <SequencePoint vc="1" uspid="296" ordinal="71" sl="296" sc="1" el="296" ec="2" bec="0" bev="0" fileid="1" />
                <SequencePoint vc="1" uspid="297" ordinal="72" sl="297" sc="1" el="297" ec="2" bec="0" bev="0" fileid="1" />
                <SequencePoint vc="1" uspid="298" ordinal="73" sl="298" sc="1" el="298" ec="2" bec="0" bev="0" fileid="1" />
                <SequencePoint vc="16" uspid="299" ordinal="74" sl="299" sc="1" el="299" ec="2" bec="0" bev="0" fileid="1" />
                <SequencePoint vc="16" uspid="300" ordinal="75" sl="300" sc="1" el="300" ec="2" bec="0" bev="0" fileid="1" />
                <SequencePoint vc="38" uspid="301" ordinal="76" sl="301" sc="1" el="301" ec="2" bec="0" bev="0" fileid="1" />
                <SequencePoint vc="77" uspid="302" ordinal="77" sl="302" sc="1" el="302" ec="2" bec="0" bev="0" fileid="1" />
                <SequencePoint vc="13" uspid="304" ordinal="78" sl="304" sc="1" el="304" ec="2" bec="0" bev="0" fileid="1" />
                <SequencePoint vc="8" uspid="305" ordinal="79" sl="305" sc="1" el="305" ec="2" bec="0" bev="0" fileid="1" />
                <SequencePoint vc="8" uspid="306" ordinal="80" sl="306" sc="1" el="306" ec="2" bec="0" bev="0" fileid="1" />
                <SequencePoint vc="7" uspid="307" ordinal="81" sl="307" sc="1" el="307" ec="2" bec="0" bev="0" fileid="1" />
                <SequencePoint vc="7" uspid="308" ordinal="82" sl="308" sc="1" el="308" ec="2" bec="0" bev="0" fileid="1" />
                <SequencePoint vc="7" uspid="309" ordinal="83" sl="309" sc="1" el="309" ec="2" bec="0" bev="0" fileid="1" />
                <SequencePoint vc="7" uspid="310" ordinal="84" sl="310" sc="1" el="310" ec="2" bec="0" bev="0" fileid="1" />
                <SequencePoint vc="1" uspid="311" ordinal="85" sl="311" sc="1" el="311" ec="2" bec="0" bev="0" fileid="1" />
                <SequencePoint vc="1" uspid="312" ordinal="86" sl="312" sc="1" el="312" ec="2" bec="0" bev="0" fileid="1" />
                <SequencePoint vc="1" uspid="313" ordinal="87" sl="313" sc="1" el="313" ec="2" bec="0" bev="0" fileid="1" />
                <SequencePoint vc="1" uspid="314" ordinal="88" sl="314" sc="1" el="314" ec="2" bec="0" bev="0" fileid="1" />
                <SequencePoint vc="1" uspid="315" ordinal="89" sl="315" sc="1" el="315" ec="2" bec="0" bev="0" fileid="1" />
                <SequencePoint vc="8" uspid="316" ordinal="90" sl="316" sc="1" el="316" ec="2" bec="0" bev="0" fileid="1" />
                <SequencePoint vc="13" uspid="318" ordinal="91" sl="318" sc="1" el="318" ec="2" bec="0" bev="0" fileid="1" />
                <SequencePoint vc="15" uspid="319" ordinal="92" sl="319" sc="1" el="319" ec="2" bec="0" bev="0" fileid="1" />
              </SequencePoints>
              <BranchPoints>
                <BranchPoint vc="79" uspid="220" ordinal="33" path="1" offset="713" offsetend="109" sl="220" fileid="1" />
                <BranchPoint vc="41" uspid="222" ordinal="0" path="0" offset="138" offsetend="143" sl="222" fileid="1" />
                <BranchPoint vc="31" uspid="225" ordinal="2" path="0" offset="157" offsetend="159" sl="225" fileid="1" />
                <BranchPoint vc="10" uspid="225" ordinal="3" path="1" offset="157" offsetend="165" sl="225" fileid="1" />
                <BranchPoint vc="4" uspid="239" ordinal="4" path="0" offset="229" offsetend="231" sl="239" fileid="1" />
                <BranchPoint vc="36" uspid="239" ordinal="5" path="1" offset="229" offsetend="249" sl="239" fileid="1" />
                <BranchPoint vc="4" uspid="244" ordinal="6" path="0" offset="264" offsetend="266" sl="244" fileid="1" />
                <BranchPoint vc="1" uspid="246" ordinal="8" path="0" offset="295" offsetend="297" sl="246" fileid="1" />
                <BranchPoint vc="3" uspid="246" ordinal="9" path="1" offset="295" offsetend="319" sl="246" fileid="1" />
                <BranchPoint vc="39" uspid="244" ordinal="7" path="1" offset="264" offsetend="334" sl="244" fileid="1" />
                <BranchPoint vc="38" uspid="222" ordinal="1" path="1" offset="138" offsetend="340" sl="222" fileid="1" />
                <BranchPoint vc="33" uspid="254" ordinal="10" path="0" offset="353" offsetend="355" sl="254" fileid="1" />
                <BranchPoint vc="28" uspid="254" ordinal="12" path="0" offset="367" offsetend="369" sl="254" fileid="1" />
                <BranchPoint vc="10" uspid="254" ordinal="11" path="1" offset="353" offsetend="383" sl="254" fileid="1" />
                <BranchPoint vc="10" uspid="254" ordinal="13" path="1" offset="367" offsetend="383" sl="254" fileid="1" />
                <BranchPoint vc="16" uspid="254" ordinal="14" path="0" offset="388" offsetend="390" sl="254" fileid="1" />
                <BranchPoint vc="22" uspid="254" ordinal="15" path="1" offset="388" offsetend="406" sl="254" fileid="1" />
                <BranchPoint vc="6" uspid="259" ordinal="16" path="0" offset="422" offsetend="427" sl="259" fileid="1" />
                <BranchPoint vc="4" uspid="261" ordinal="18" path="0" offset="443" offsetend="445" sl="261" fileid="1" />
                <BranchPoint vc="2" uspid="261" ordinal="19" path="1" offset="443" offsetend="463" sl="261" fileid="1" />
                <BranchPoint vc="2" uspid="266" ordinal="20" path="0" offset="478" offsetend="480" sl="266" fileid="1" />
                <BranchPoint vc="6" uspid="266" ordinal="21" path="1" offset="478" offsetend="496" sl="266" fileid="1" />
                <BranchPoint vc="1" uspid="274" ordinal="22" path="0" offset="518" offsetend="520" sl="274" fileid="1" />
                <BranchPoint vc="5" uspid="274" ordinal="23" path="1" offset="518" offsetend="538" sl="274" fileid="1" />
                <BranchPoint vc="1" uspid="279" ordinal="24" path="0" offset="553" offsetend="555" sl="279" fileid="1" />
                <BranchPoint vc="0" uspid="281" ordinal="26" path="0" offset="584" offsetend="586" sl="281" fileid="1" />
                <BranchPoint vc="1" uspid="281" ordinal="27" path="1" offset="584" offsetend="608" sl="281" fileid="1" />
                <BranchPoint vc="6" uspid="279" ordinal="25" path="1" offset="553" offsetend="623" sl="279" fileid="1" />
                <BranchPoint vc="16" uspid="259" ordinal="17" path="1" offset="422" offsetend="626" sl="259" fileid="1" />
                <BranchPoint vc="1" uspid="289" ordinal="28" path="0" offset="642" offsetend="644" sl="289" fileid="1" />
                <BranchPoint vc="15" uspid="289" ordinal="29" path="1" offset="642" offsetend="662" sl="289" fileid="1" />
                <BranchPoint vc="1" uspid="294" ordinal="30" path="0" offset="677" offsetend="679" sl="294" fileid="1" />
                <BranchPoint vc="16" uspid="294" ordinal="31" path="1" offset="677" offsetend="695" sl="294" fileid="1" />
                <BranchPoint vc="13" uspid="220" ordinal="32" path="0" offset="713" offsetend="718" sl="220" fileid="1" />
                <BranchPoint vc="8" uspid="304" ordinal="34" path="0" offset="754" offsetend="756" sl="304" fileid="1" />
                <BranchPoint vc="7" uspid="306" ordinal="36" path="0" offset="772" offsetend="774" sl="306" fileid="1" />
                <BranchPoint vc="1" uspid="306" ordinal="37" path="1" offset="772" offsetend="792" sl="306" fileid="1" />
                <BranchPoint vc="1" uspid="311" ordinal="38" path="0" offset="807" offsetend="809" sl="311" fileid="1" />
                <BranchPoint vc="8" uspid="311" ordinal="39" path="1" offset="807" offsetend="825" sl="311" fileid="1" />
                <BranchPoint vc="13" uspid="304" ordinal="35" path="1" offset="754" offsetend="826" sl="304" fileid="1" />
              </BranchPoints>
              <MethodPoint vc="92" uspid="0" p8:type="SequencePoint" ordinal="2" offset="2" sc="0" sl="214" ec="1" el="319" bec="0" bev="0" fileid="1" xmlns:p8="xsi" />
            </Method>
            <Method cyclomaticComplexity="8" nPathComplexity="0" sequenceCoverage="100" branchCoverage="100" isConstructor="False" isGetter="False" isSetter="False" isStatic="True">
              <Summary numSequencePoints="12" visitedSequencePoints="12" numBranchPoints="8" visitedBranchPoints="8" sequenceCoverage="100" branchCoverage="100" maxCyclomaticComplexity="8" minCyclomaticComplexity="8" visitedClasses="0" numClasses="0" visitedMethods="1" numMethods="1" />
              <MetadataToken />
              <Name>System.Collections.Generic.IEnumerable`1&lt;System.String&gt; SpreadsheetUtilities.Formula::GetVariables()</Name>
              <FileRef uid="1" />
              <SequencePoints>
                <SequencePoint vc="1" uspid="333" ordinal="0" sl="333" sc="1" el="333" ec="2" bec="0" bev="0" fileid="1" />
                <SequencePoint vc="1" uspid="334" ordinal="1" sl="334" sc="1" el="334" ec="2" bec="0" bev="0" fileid="1" />
                <SequencePoint vc="1" uspid="335" ordinal="2" sl="335" sc="1" el="335" ec="2" bec="0" bev="0" fileid="1" />
                <SequencePoint vc="9" uspid="336" ordinal="3" sl="336" sc="1" el="336" ec="2" bec="0" bev="0" fileid="1" />
                <SequencePoint vc="3" uspid="337" ordinal="4" sl="337" sc="1" el="337" ec="2" bec="0" bev="0" fileid="1" />
                <SequencePoint vc="3" uspid="339" ordinal="5" sl="339" sc="1" el="339" ec="2" bec="0" bev="0" fileid="1" />
                <SequencePoint vc="2" uspid="340" ordinal="6" sl="340" sc="1" el="340" ec="2" bec="0" bev="0" fileid="1" />
                <SequencePoint vc="2" uspid="341" ordinal="7" sl="341" sc="1" el="341" ec="2" bec="0" bev="0" fileid="1" />
                <SequencePoint vc="2" uspid="342" ordinal="8" sl="342" sc="1" el="342" ec="2" bec="0" bev="0" fileid="1" />
                <SequencePoint vc="3" uspid="343" ordinal="9" sl="343" sc="1" el="343" ec="2" bec="0" bev="0" fileid="1" />
                <SequencePoint vc="1" uspid="344" ordinal="10" sl="344" sc="1" el="344" ec="2" bec="0" bev="0" fileid="1" />
                <SequencePoint vc="1" uspid="345" ordinal="11" sl="345" sc="1" el="345" ec="2" bec="0" bev="0" fileid="1" />
              </SequencePoints>
              <BranchPoints>
                <BranchPoint vc="3" uspid="336" ordinal="7" path="1" offset="173" offsetend="100" sl="336" fileid="1" />
                <BranchPoint vc="3" uspid="339" ordinal="0" path="0" offset="121" offsetend="123" sl="339" fileid="1" />
                <BranchPoint vc="2" uspid="339" ordinal="2" path="0" offset="130" offsetend="132" sl="339" fileid="1" />
                <BranchPoint vc="1" uspid="339" ordinal="1" path="1" offset="121" offsetend="144" sl="339" fileid="1" />
                <BranchPoint vc="1" uspid="339" ordinal="3" path="1" offset="130" offsetend="144" sl="339" fileid="1" />
                <BranchPoint vc="2" uspid="339" ordinal="4" path="0" offset="149" offsetend="151" sl="339" fileid="1" />
                <BranchPoint vc="3" uspid="339" ordinal="5" path="1" offset="149" offsetend="166" sl="339" fileid="1" />
                <BranchPoint vc="1" uspid="336" ordinal="6" path="0" offset="173" offsetend="175" sl="336" fileid="1" />
              </BranchPoints>
              <MethodPoint vc="12" uspid="0" p8:type="SequencePoint" ordinal="3" offset="3" sc="0" sl="333" ec="1" el="345" bec="0" bev="0" fileid="1" xmlns:p8="xsi" />
            </Method>
            <Method cyclomaticComplexity="2" nPathComplexity="0" sequenceCoverage="100" branchCoverage="100" isConstructor="False" isGetter="False" isSetter="False" isStatic="True">
              <Summary numSequencePoints="8" visitedSequencePoints="8" numBranchPoints="2" visitedBranchPoints="2" sequenceCoverage="100" branchCoverage="100" maxCyclomaticComplexity="2" minCyclomaticComplexity="2" visitedClasses="0" numClasses="0" visitedMethods="1" numMethods="1" />
              <MetadataToken />
              <Name>System.String SpreadsheetUtilities.Formula::ToString()</Name>
              <FileRef uid="1" />
              <SequencePoints>
                <SequencePoint vc="18" uspid="358" ordinal="0" sl="358" sc="1" el="358" ec="2" bec="0" bev="0" fileid="1" />
                <SequencePoint vc="18" uspid="360" ordinal="1" sl="360" sc="1" el="360" ec="2" bec="0" bev="0" fileid="1" />
                <SequencePoint vc="162" uspid="361" ordinal="2" sl="361" sc="1" el="361" ec="2" bec="0" bev="0" fileid="1" />
                <SequencePoint vc="54" uspid="362" ordinal="3" sl="362" sc="1" el="362" ec="2" bec="0" bev="0" fileid="1" />
                <SequencePoint vc="54" uspid="363" ordinal="4" sl="363" sc="1" el="363" ec="2" bec="0" bev="0" fileid="1" />
                <SequencePoint vc="54" uspid="364" ordinal="5" sl="364" sc="1" el="364" ec="2" bec="0" bev="0" fileid="1" />
                <SequencePoint vc="18" uspid="365" ordinal="6" sl="365" sc="1" el="365" ec="2" bec="0" bev="0" fileid="1" />
                <SequencePoint vc="18" uspid="366" ordinal="7" sl="366" sc="1" el="366" ec="2" bec="0" bev="0" fileid="1" />
              </SequencePoints>
              <BranchPoints>
                <BranchPoint vc="54" uspid="361" ordinal="1" path="1" offset="50" offsetend="22" sl="361" fileid="1" />
                <BranchPoint vc="18" uspid="361" ordinal="0" path="0" offset="50" offsetend="52" sl="361" fileid="1" />
              </BranchPoints>
              <MethodPoint vc="8" uspid="0" p8:type="SequencePoint" ordinal="4" offset="4" sc="0" sl="358" ec="1" el="366" bec="0" bev="0" fileid="1" xmlns:p8="xsi" />
            </Method>
            <Method cyclomaticComplexity="6" nPathComplexity="0" sequenceCoverage="100" branchCoverage="83.33" isConstructor="False" isGetter="False" isSetter="False" isStatic="True">
              <Summary numSequencePoints="7" visitedSequencePoints="7" numBranchPoints="6" visitedBranchPoints="5" sequenceCoverage="100" branchCoverage="83.33" maxCyclomaticComplexity="6" minCyclomaticComplexity="6" visitedClasses="0" numClasses="0" visitedMethods="1" numMethods="1" />
              <MetadataToken />
              <Name>System.Boolean SpreadsheetUtilities.Formula::Equals(System.Object)</Name>
              <FileRef uid="1" />
              <SequencePoints>
                <SequencePoint vc="6" uspid="389" ordinal="0" sl="389" sc="1" el="389" ec="2" bec="0" bev="0" fileid="1" />
                <SequencePoint vc="6" uspid="390" ordinal="1" sl="390" sc="1" el="390" ec="2" bec="0" bev="0" fileid="1" />
                <SequencePoint vc="1" uspid="391" ordinal="2" sl="391" sc="1" el="391" ec="2" bec="0" bev="0" fileid="1" />
                <SequencePoint vc="5" uspid="393" ordinal="3" sl="393" sc="1" el="393" ec="2" bec="0" bev="0" fileid="1" />
                <SequencePoint vc="3" uspid="394" ordinal="4" sl="394" sc="1" el="394" ec="2" bec="0" bev="0" fileid="1" />
                <SequencePoint vc="2" uspid="395" ordinal="5" sl="395" sc="1" el="395" ec="2" bec="0" bev="0" fileid="1" />
                <SequencePoint vc="6" uspid="396" ordinal="6" sl="396" sc="1" el="396" ec="2" bec="0" bev="0" fileid="1" />
              </SequencePoints>
              <BranchPoints>
                <BranchPoint vc="1" uspid="390" ordinal="0" path="0" offset="15" offsetend="17" sl="390" fileid="1" />
                <BranchPoint vc="5" uspid="390" ordinal="1" path="1" offset="15" offsetend="21" sl="390" fileid="1" />
                <BranchPoint vc="5" uspid="393" ordinal="2" path="0" offset="22" offsetend="24" sl="393" fileid="1" />
                <BranchPoint vc="0" uspid="393" ordinal="3" path="1" offset="22" offsetend="43" sl="393" fileid="1" />
                <BranchPoint vc="3" uspid="393" ordinal="4" path="0" offset="46" offsetend="48" sl="393" fileid="1" />
                <BranchPoint vc="2" uspid="393" ordinal="5" path="1" offset="46" offsetend="52" sl="393" fileid="1" />
              </BranchPoints>
              <MethodPoint vc="7" uspid="0" p8:type="SequencePoint" ordinal="5" offset="5" sc="0" sl="389" ec="1" el="396" bec="0" bev="0" fileid="1" xmlns:p8="xsi" />
            </Method>
            <Method cyclomaticComplexity="14" nPathComplexity="0" sequenceCoverage="100" branchCoverage="92.85" isConstructor="False" isGetter="False" isSetter="False" isStatic="True">
              <Summary numSequencePoints="11" visitedSequencePoints="11" numBranchPoints="14" visitedBranchPoints="13" sequenceCoverage="100" branchCoverage="92.85" maxCyclomaticComplexity="14" minCyclomaticComplexity="14" visitedClasses="0" numClasses="0" visitedMethods="1" numMethods="1" />
              <MetadataToken />
              <Name>System.Boolean SpreadsheetUtilities.Formula::op_Equality(SpreadsheetUtilities.Formula,SpreadsheetUtilities.Formula)</Name>
              <FileRef uid="1" />
              <SequencePoints>
                <SequencePoint vc="5" uspid="404" ordinal="0" sl="404" sc="1" el="404" ec="2" bec="0" bev="0" fileid="1" />
                <SequencePoint vc="5" uspid="405" ordinal="1" sl="405" sc="1" el="405" ec="2" bec="0" bev="0" fileid="1" />
                <SequencePoint vc="1" uspid="406" ordinal="2" sl="406" sc="1" el="406" ec="2" bec="0" bev="0" fileid="1" />
                <SequencePoint vc="4" uspid="407" ordinal="3" sl="407" sc="1" el="407" ec="2" bec="0" bev="0" fileid="1" />
                <SequencePoint vc="1" uspid="408" ordinal="4" sl="408" sc="1" el="408" ec="2" bec="0" bev="0" fileid="1" />
                <SequencePoint vc="3" uspid="409" ordinal="5" sl="409" sc="1" el="409" ec="2" bec="0" bev="0" fileid="1" />
                <SequencePoint vc="1" uspid="410" ordinal="6" sl="410" sc="1" el="410" ec="2" bec="0" bev="0" fileid="1" />
                <SequencePoint vc="2" uspid="411" ordinal="7" sl="411" sc="1" el="411" ec="2" bec="0" bev="0" fileid="1" />
                <SequencePoint vc="1" uspid="412" ordinal="8" sl="412" sc="1" el="412" ec="2" bec="0" bev="0" fileid="1" />
                <SequencePoint vc="1" uspid="413" ordinal="9" sl="413" sc="1" el="413" ec="2" bec="0" bev="0" fileid="1" />
                <SequencePoint vc="5" uspid="414" ordinal="10" sl="414" sc="1" el="414" ec="2" bec="0" bev="0" fileid="1" />
              </SequencePoints>
              <BranchPoints>
                <BranchPoint vc="2" uspid="405" ordinal="0" path="0" offset="2" offsetend="4" sl="405" fileid="1" />
                <BranchPoint vc="3" uspid="405" ordinal="1" path="1" offset="2" offsetend="10" sl="405" fileid="1" />
                <BranchPoint vc="1" uspid="405" ordinal="2" path="0" offset="13" offsetend="15" sl="405" fileid="1" />
                <BranchPoint vc="4" uspid="405" ordinal="3" path="1" offset="13" offsetend="19" sl="405" fileid="1" />
                <BranchPoint vc="1" uspid="407" ordinal="4" path="0" offset="20" offsetend="22" sl="407" fileid="1" />
                <BranchPoint vc="3" uspid="407" ordinal="5" path="1" offset="20" offsetend="28" sl="407" fileid="1" />
                <BranchPoint vc="1" uspid="407" ordinal="6" path="0" offset="31" offsetend="33" sl="407" fileid="1" />
                <BranchPoint vc="3" uspid="407" ordinal="7" path="1" offset="31" offsetend="37" sl="407" fileid="1" />
                <BranchPoint vc="3" uspid="409" ordinal="8" path="0" offset="38" offsetend="40" sl="409" fileid="1" />
                <BranchPoint vc="0" uspid="409" ordinal="9" path="1" offset="38" offsetend="46" sl="409" fileid="1" />
                <BranchPoint vc="1" uspid="409" ordinal="10" path="0" offset="49" offsetend="51" sl="409" fileid="1" />
                <BranchPoint vc="2" uspid="409" ordinal="11" path="1" offset="49" offsetend="55" sl="409" fileid="1" />
                <BranchPoint vc="1" uspid="411" ordinal="12" path="0" offset="66" offsetend="68" sl="411" fileid="1" />
                <BranchPoint vc="1" uspid="411" ordinal="13" path="1" offset="66" offsetend="72" sl="411" fileid="1" />
              </BranchPoints>
              <MethodPoint vc="11" uspid="0" p8:type="SequencePoint" ordinal="6" offset="6" sc="0" sl="404" ec="1" el="414" bec="0" bev="0" fileid="1" xmlns:p8="xsi" />
            </Method>
            <Method cyclomaticComplexity="14" nPathComplexity="0" sequenceCoverage="100" branchCoverage="100" isConstructor="False" isGetter="False" isSetter="False" isStatic="True">
              <Summary numSequencePoints="11" visitedSequencePoints="11" numBranchPoints="14" visitedBranchPoints="14" sequenceCoverage="100" branchCoverage="100" maxCyclomaticComplexity="14" minCyclomaticComplexity="14" visitedClasses="0" numClasses="0" visitedMethods="1" numMethods="1" />
              <MetadataToken />
              <Name>System.Boolean SpreadsheetUtilities.Formula::op_Inequality(SpreadsheetUtilities.Formula,SpreadsheetUtilities.Formula)</Name>
              <FileRef uid="1" />
              <SequencePoints>
                <SequencePoint vc="5" uspid="422" ordinal="0" sl="422" sc="1" el="422" ec="2" bec="0" bev="0" fileid="1" />
                <SequencePoint vc="5" uspid="423" ordinal="1" sl="423" sc="1" el="423" ec="2" bec="0" bev="0" fileid="1" />
                <SequencePoint vc="1" uspid="424" ordinal="2" sl="424" sc="1" el="424" ec="2" bec="0" bev="0" fileid="1" />
                <SequencePoint vc="4" uspid="425" ordinal="3" sl="425" sc="1" el="425" ec="2" bec="0" bev="0" fileid="1" />
                <SequencePoint vc="1" uspid="426" ordinal="4" sl="426" sc="1" el="426" ec="2" bec="0" bev="0" fileid="1" />
                <SequencePoint vc="3" uspid="427" ordinal="5" sl="427" sc="1" el="427" ec="2" bec="0" bev="0" fileid="1" />
                <SequencePoint vc="1" uspid="428" ordinal="6" sl="428" sc="1" el="428" ec="2" bec="0" bev="0" fileid="1" />
                <SequencePoint vc="2" uspid="429" ordinal="7" sl="429" sc="1" el="429" ec="2" bec="0" bev="0" fileid="1" />
                <SequencePoint vc="1" uspid="430" ordinal="8" sl="430" sc="1" el="430" ec="2" bec="0" bev="0" fileid="1" />
                <SequencePoint vc="1" uspid="431" ordinal="9" sl="431" sc="1" el="431" ec="2" bec="0" bev="0" fileid="1" />
                <SequencePoint vc="5" uspid="432" ordinal="10" sl="432" sc="1" el="432" ec="2" bec="0" bev="0" fileid="1" />
              </SequencePoints>
              <BranchPoints>
                <BranchPoint vc="2" uspid="423" ordinal="0" path="0" offset="2" offsetend="4" sl="423" fileid="1" />
                <BranchPoint vc="3" uspid="423" ordinal="1" path="1" offset="2" offsetend="10" sl="423" fileid="1" />
                <BranchPoint vc="1" uspid="423" ordinal="2" path="0" offset="13" offsetend="15" sl="423" fileid="1" />
                <BranchPoint vc="4" uspid="423" ordinal="3" path="1" offset="13" offsetend="19" sl="423" fileid="1" />
                <BranchPoint vc="3" uspid="425" ordinal="4" path="0" offset="20" offsetend="22" sl="425" fileid="1" />
                <BranchPoint vc="1" uspid="425" ordinal="5" path="1" offset="20" offsetend="28" sl="425" fileid="1" />
                <BranchPoint vc="1" uspid="425" ordinal="6" path="0" offset="31" offsetend="33" sl="425" fileid="1" />
                <BranchPoint vc="3" uspid="425" ordinal="7" path="1" offset="31" offsetend="37" sl="425" fileid="1" />
                <BranchPoint vc="1" uspid="427" ordinal="8" path="0" offset="38" offsetend="40" sl="427" fileid="1" />
                <BranchPoint vc="2" uspid="427" ordinal="9" path="1" offset="38" offsetend="46" sl="427" fileid="1" />
                <BranchPoint vc="1" uspid="427" ordinal="10" path="0" offset="49" offsetend="51" sl="427" fileid="1" />
                <BranchPoint vc="2" uspid="427" ordinal="11" path="1" offset="49" offsetend="55" sl="427" fileid="1" />
                <BranchPoint vc="1" uspid="429" ordinal="12" path="0" offset="69" offsetend="71" sl="429" fileid="1" />
                <BranchPoint vc="1" uspid="429" ordinal="13" path="1" offset="69" offsetend="75" sl="429" fileid="1" />
              </BranchPoints>
              <MethodPoint vc="11" uspid="0" p8:type="SequencePoint" ordinal="7" offset="7" sc="0" sl="422" ec="1" el="432" bec="0" bev="0" fileid="1" xmlns:p8="xsi" />
            </Method>
            <Method cyclomaticComplexity="2" nPathComplexity="0" sequenceCoverage="100" branchCoverage="100" isConstructor="False" isGetter="False" isSetter="False" isStatic="True">
              <Summary numSequencePoints="7" visitedSequencePoints="7" numBranchPoints="2" visitedBranchPoints="2" sequenceCoverage="100" branchCoverage="100" maxCyclomaticComplexity="2" minCyclomaticComplexity="2" visitedClasses="0" numClasses="0" visitedMethods="1" numMethods="1" />
              <MetadataToken />
              <Name>System.Int32 SpreadsheetUtilities.Formula::GetHashCode()</Name>
              <FileRef uid="1" />
              <SequencePoints>
                <SequencePoint vc="4" uspid="440" ordinal="0" sl="440" sc="1" el="440" ec="2" bec="0" bev="0" fileid="1" />
                <SequencePoint vc="4" uspid="443" ordinal="1" sl="443" sc="1" el="443" ec="2" bec="0" bev="0" fileid="1" />
                <SequencePoint vc="4" uspid="444" ordinal="2" sl="444" sc="1" el="444" ec="2" bec="0" bev="0" fileid="1" />
                <SequencePoint vc="36" uspid="445" ordinal="3" sl="445" sc="1" el="445" ec="2" bec="0" bev="0" fileid="1" />
                <SequencePoint vc="12" uspid="446" ordinal="4" sl="446" sc="1" el="446" ec="2" bec="0" bev="0" fileid="1" />
                <SequencePoint vc="4" uspid="447" ordinal="5" sl="447" sc="1" el="447" ec="2" bec="0" bev="0" fileid="1" />
                <SequencePoint vc="4" uspid="448" ordinal="6" sl="448" sc="1" el="448" ec="2" bec="0" bev="0" fileid="1" />
              </SequencePoints>
              <BranchPoints>
                <BranchPoint vc="12" uspid="445" ordinal="1" path="1" offset="63" offsetend="35" sl="445" fileid="1" />
                <BranchPoint vc="4" uspid="445" ordinal="0" path="0" offset="63" offsetend="65" sl="445" fileid="1" />
              </BranchPoints>
              <MethodPoint vc="7" uspid="0" p8:type="SequencePoint" ordinal="8" offset="8" sc="0" sl="440" ec="1" el="448" bec="0" bev="0" fileid="1" xmlns:p8="xsi" />
            </Method>
            <Method cyclomaticComplexity="4" nPathComplexity="0" sequenceCoverage="100" branchCoverage="100" isConstructor="True" isGetter="False" isSetter="False" isStatic="True">
              <Summary numSequencePoints="3" visitedSequencePoints="3" numBranchPoints="4" visitedBranchPoints="4" sequenceCoverage="100" branchCoverage="100" maxCyclomaticComplexity="4" minCyclomaticComplexity="4" visitedClasses="0" numClasses="0" visitedMethods="1" numMethods="1" />
              <MetadataToken />
              <Name>System.Void SpreadsheetUtilities.Formula::.ctor(System.String)</Name>
              <FileRef uid="1" />
              <SequencePoints>
                <SequencePoint vc="122" uspid="59" ordinal="0" sl="59" sc="1" el="59" ec="2" bec="0" bev="0" fileid="1" />
                <SequencePoint vc="28" uspid="60" ordinal="1" sl="60" sc="1" el="60" ec="2" bec="0" bev="0" fileid="1" />
                <SequencePoint vc="28" uspid="61" ordinal="2" sl="61" sc="1" el="61" ec="2" bec="0" bev="0" fileid="1" />
              </SequencePoints>
              <BranchPoints>
                <BranchPoint vc="1" uspid="59" ordinal="0" path="0" offset="8" offsetend="10" sl="59" fileid="1" />
                <BranchPoint vc="35" uspid="59" ordinal="1" path="1" offset="8" offsetend="33" sl="59" fileid="1" />
                <BranchPoint vc="1" uspid="59" ordinal="2" path="0" offset="39" offsetend="41" sl="59" fileid="1" />
                <BranchPoint vc="35" uspid="59" ordinal="3" path="1" offset="39" offsetend="64" sl="59" fileid="1" />
              </BranchPoints>
              <MethodPoint vc="3" uspid="0" p8:type="SequencePoint" ordinal="9" offset="9" sc="0" sl="59" ec="1" el="61" bec="0" bev="0" fileid="1" xmlns:p8="xsi" />
            </Method>
            <Method cyclomaticComplexity="26" nPathComplexity="0" sequenceCoverage="100" branchCoverage="100" isConstructor="True" isGetter="False" isSetter="False" isStatic="True">
              <Summary numSequencePoints="53" visitedSequencePoints="53" numBranchPoints="26" visitedBranchPoints="26" sequenceCoverage="100" branchCoverage="100" maxCyclomaticComplexity="26" minCyclomaticComplexity="26" visitedClasses="0" numClasses="0" visitedMethods="1" numMethods="1" />
              <MetadataToken />
              <Name>System.Void SpreadsheetUtilities.Formula::.ctor(System.String,System.Func`2&lt;System.String,System.String&gt;,System.Func`2&lt;System.String,System.Boolean&gt;)</Name>
              <FileRef uid="1" />
              <SequencePoints>
                <SequencePoint vc="36" uspid="85" ordinal="0" sl="85" sc="1" el="85" ec="2" bec="0" bev="0" fileid="1" />
                <SequencePoint vc="36" uspid="86" ordinal="1" sl="86" sc="1" el="86" ec="2" bec="0" bev="0" fileid="1" />
                <SequencePoint vc="36" uspid="88" ordinal="2" sl="88" sc="1" el="88" ec="2" bec="0" bev="0" fileid="1" />
                <SequencePoint vc="1" uspid="89" ordinal="3" sl="89" sc="1" el="89" ec="2" bec="0" bev="0" fileid="1" />
                <SequencePoint vc="35" uspid="91" ordinal="4" sl="91" sc="1" el="91" ec="2" bec="0" bev="0" fileid="1" />
                <SequencePoint vc="35" uspid="92" ordinal="5" sl="92" sc="1" el="92" ec="2" bec="0" bev="0" fileid="1" />
                <SequencePoint vc="35" uspid="93" ordinal="6" sl="93" sc="1" el="93" ec="2" bec="0" bev="0" fileid="1" />
                <SequencePoint vc="35" uspid="94" ordinal="7" sl="94" sc="1" el="94" ec="2" bec="0" bev="0" fileid="1" />
                <SequencePoint vc="396" uspid="96" ordinal="8" sl="96" sc="1" el="96" ec="2" bec="0" bev="0" fileid="1" />
                <SequencePoint vc="148" uspid="97" ordinal="9" sl="97" sc="1" el="97" ec="2" bec="0" bev="0" fileid="1" />
                <SequencePoint vc="148" uspid="99" ordinal="10" sl="99" sc="1" el="99" ec="2" bec="0" bev="0" fileid="1" />
                <SequencePoint vc="79" uspid="100" ordinal="11" sl="100" sc="1" el="100" ec="2" bec="0" bev="0" fileid="1" />
                <SequencePoint vc="79" uspid="101" ordinal="12" sl="101" sc="1" el="101" ec="2" bec="0" bev="0" fileid="1" />
                <SequencePoint vc="49" uspid="102" ordinal="13" sl="102" sc="1" el="102" ec="2" bec="0" bev="0" fileid="1" />
                <SequencePoint vc="49" uspid="103" ordinal="14" sl="103" sc="1" el="103" ec="2" bec="0" bev="0" fileid="1" />
                <SequencePoint vc="49" uspid="104" ordinal="15" sl="104" sc="1" el="104" ec="2" bec="0" bev="0" fileid="1" />
                <SequencePoint vc="30" uspid="106" ordinal="16" sl="106" sc="1" el="106" ec="2" bec="0" bev="0" fileid="1" />
                <SequencePoint vc="30" uspid="107" ordinal="17" sl="107" sc="1" el="107" ec="2" bec="0" bev="0" fileid="1" />
                <SequencePoint vc="29" uspid="108" ordinal="18" sl="108" sc="1" el="108" ec="2" bec="0" bev="0" fileid="1" />
                <SequencePoint vc="1" uspid="110" ordinal="19" sl="110" sc="1" el="110" ec="2" bec="0" bev="0" fileid="1" />
                <SequencePoint vc="29" uspid="111" ordinal="20" sl="111" sc="1" el="111" ec="2" bec="0" bev="0" fileid="1" />
                <SequencePoint vc="78" uspid="112" ordinal="21" sl="112" sc="1" el="112" ec="2" bec="0" bev="0" fileid="1" />
                <SequencePoint vc="69" uspid="114" ordinal="22" sl="114" sc="1" el="114" ec="2" bec="0" bev="0" fileid="1" />
                <SequencePoint vc="69" uspid="115" ordinal="23" sl="115" sc="1" el="115" ec="2" bec="0" bev="0" fileid="1" />
                <SequencePoint vc="11" uspid="116" ordinal="24" sl="116" sc="1" el="116" ec="2" bec="0" bev="0" fileid="1" />
                <SequencePoint vc="11" uspid="117" ordinal="25" sl="117" sc="1" el="117" ec="2" bec="0" bev="0" fileid="1" />
                <SequencePoint vc="11" uspid="118" ordinal="26" sl="118" sc="1" el="118" ec="2" bec="0" bev="0" fileid="1" />
                <SequencePoint vc="11" uspid="119" ordinal="27" sl="119" sc="1" el="119" ec="2" bec="0" bev="0" fileid="1" />
                <SequencePoint vc="58" uspid="122" ordinal="28" sl="122" sc="1" el="122" ec="2" bec="0" bev="0" fileid="1" />
                <SequencePoint vc="1" uspid="123" ordinal="29" sl="123" sc="1" el="123" ec="2" bec="0" bev="0" fileid="1" />
                <SequencePoint vc="1" uspid="124" ordinal="30" sl="124" sc="1" el="124" ec="2" bec="0" bev="0" fileid="1" />
                <SequencePoint vc="57" uspid="127" ordinal="31" sl="127" sc="1" el="127" ec="2" bec="0" bev="0" fileid="1" />
                <SequencePoint vc="11" uspid="128" ordinal="32" sl="128" sc="1" el="128" ec="2" bec="0" bev="0" fileid="1" />
                <SequencePoint vc="11" uspid="129" ordinal="33" sl="129" sc="1" el="129" ec="2" bec="0" bev="0" fileid="1" />
                <SequencePoint vc="11" uspid="130" ordinal="34" sl="130" sc="1" el="130" ec="2" bec="0" bev="0" fileid="1" />
                <SequencePoint vc="11" uspid="133" ordinal="35" sl="133" sc="1" el="133" ec="2" bec="0" bev="0" fileid="1" />
                <SequencePoint vc="1" uspid="134" ordinal="36" sl="134" sc="1" el="134" ec="2" bec="0" bev="0" fileid="1" />
                <SequencePoint vc="10" uspid="135" ordinal="37" sl="135" sc="1" el="135" ec="2" bec="0" bev="0" fileid="1" />
                <SequencePoint vc="46" uspid="137" ordinal="38" sl="137" sc="1" el="137" ec="2" bec="0" bev="0" fileid="1" />
                <SequencePoint vc="46" uspid="138" ordinal="39" sl="138" sc="1" el="138" ec="2" bec="0" bev="0" fileid="1" />
                <SequencePoint vc="46" uspid="139" ordinal="40" sl="139" sc="1" el="139" ec="2" bec="0" bev="0" fileid="1" />
                <SequencePoint vc="67" uspid="140" ordinal="41" sl="140" sc="1" el="140" ec="2" bec="0" bev="0" fileid="1" />
                <SequencePoint vc="145" uspid="141" ordinal="42" sl="141" sc="1" el="141" ec="2" bec="0" bev="0" fileid="1" />
                <SequencePoint vc="1" uspid="142" ordinal="43" sl="142" sc="1" el="142" ec="2" bec="0" bev="0" fileid="1" />
                <SequencePoint vc="144" uspid="143" ordinal="44" sl="143" sc="1" el="143" ec="2" bec="0" bev="0" fileid="1" />
                <SequencePoint vc="1" uspid="144" ordinal="45" sl="144" sc="1" el="144" ec="2" bec="0" bev="0" fileid="1" />
                <SequencePoint vc="143" uspid="145" ordinal="46" sl="145" sc="1" el="145" ec="2" bec="0" bev="0" fileid="1" />
                <SequencePoint vc="30" uspid="147" ordinal="47" sl="147" sc="1" el="147" ec="2" bec="0" bev="0" fileid="1" />
                <SequencePoint vc="1" uspid="148" ordinal="48" sl="148" sc="1" el="148" ec="2" bec="0" bev="0" fileid="1" />
                <SequencePoint vc="29" uspid="149" ordinal="49" sl="149" sc="1" el="149" ec="2" bec="0" bev="0" fileid="1" />
                <SequencePoint vc="1" uspid="150" ordinal="50" sl="150" sc="1" el="150" ec="2" bec="0" bev="0" fileid="1" />
                <SequencePoint vc="28" uspid="151" ordinal="51" sl="151" sc="1" el="151" ec="2" bec="0" bev="0" fileid="1" />
                <SequencePoint vc="28" uspid="152" ordinal="52" sl="152" sc="1" el="152" ec="2" bec="0" bev="0" fileid="1" />
              </SequencePoints>
              <BranchPoints>
                <BranchPoint vc="1" uspid="88" ordinal="0" path="0" offset="18" offsetend="20" sl="88" fileid="1" />
                <BranchPoint vc="35" uspid="88" ordinal="1" path="1" offset="18" offsetend="31" sl="88" fileid="1" />
                <BranchPoint vc="148" uspid="96" ordinal="21" path="1" offset="448" offsetend="138" sl="96" fileid="1" />
                <BranchPoint vc="79" uspid="99" ordinal="2" path="0" offset="163" offsetend="165" sl="99" fileid="1" />
                <BranchPoint vc="49" uspid="101" ordinal="4" path="0" offset="179" offsetend="181" sl="101" fileid="1" />
                <BranchPoint vc="30" uspid="101" ordinal="5" path="1" offset="179" offsetend="199" sl="101" fileid="1" />
                <BranchPoint vc="29" uspid="107" ordinal="6" path="0" offset="218" offsetend="220" sl="107" fileid="1" />
                <BranchPoint vc="1" uspid="107" ordinal="7" path="1" offset="218" offsetend="237" sl="107" fileid="1" />
                <BranchPoint vc="69" uspid="99" ordinal="3" path="1" offset="163" offsetend="255" sl="99" fileid="1" />
                <BranchPoint vc="11" uspid="115" ordinal="8" path="0" offset="272" offsetend="274" sl="115" fileid="1" />
                <BranchPoint vc="58" uspid="115" ordinal="9" path="1" offset="272" offsetend="291" sl="115" fileid="1" />
                <BranchPoint vc="1" uspid="122" ordinal="10" path="0" offset="304" offsetend="306" sl="122" fileid="1" />
                <BranchPoint vc="57" uspid="122" ordinal="11" path="1" offset="304" offsetend="318" sl="122" fileid="1" />
                <BranchPoint vc="11" uspid="127" ordinal="12" path="0" offset="334" offsetend="336" sl="127" fileid="1" />
                <BranchPoint vc="1" uspid="133" ordinal="14" path="0" offset="358" offsetend="360" sl="133" fileid="1" />
                <BranchPoint vc="10" uspid="133" ordinal="15" path="1" offset="358" offsetend="371" sl="133" fileid="1" />
                <BranchPoint vc="46" uspid="127" ordinal="13" path="1" offset="334" offsetend="374" sl="127" fileid="1" />
                <BranchPoint vc="1" uspid="141" ordinal="16" path="0" offset="400" offsetend="402" sl="141" fileid="1" />
                <BranchPoint vc="144" uspid="141" ordinal="17" path="1" offset="400" offsetend="413" sl="141" fileid="1" />
                <BranchPoint vc="1" uspid="143" ordinal="18" path="0" offset="427" offsetend="429" sl="143" fileid="1" />
                <BranchPoint vc="143" uspid="143" ordinal="19" path="1" offset="427" offsetend="440" sl="143" fileid="1" />
                <BranchPoint vc="30" uspid="96" ordinal="20" path="0" offset="448" offsetend="453" sl="96" fileid="1" />
                <BranchPoint vc="1" uspid="147" ordinal="22" path="0" offset="479" offsetend="481" sl="147" fileid="1" />
                <BranchPoint vc="29" uspid="147" ordinal="23" path="1" offset="479" offsetend="492" sl="147" fileid="1" />
                <BranchPoint vc="1" uspid="149" ordinal="24" path="0" offset="505" offsetend="507" sl="149" fileid="1" />
                <BranchPoint vc="28" uspid="149" ordinal="25" path="1" offset="505" offsetend="518" sl="149" fileid="1" />
              </BranchPoints>
              <MethodPoint vc="53" uspid="0" p8:type="SequencePoint" ordinal="10" offset="10" sc="0" sl="85" ec="1" el="152" bec="0" bev="0" fileid="1" xmlns:p8="xsi" />
            </Method>
          </Methods>
        </Class>
        <Class>
          <Summary numSequencePoints="17" visitedSequencePoints="17" numBranchPoints="6" visitedBranchPoints="5" sequenceCoverage="100" branchCoverage="83.33" maxCyclomaticComplexity="6" minCyclomaticComplexity="6" visitedClasses="1" numClasses="1" visitedMethods="1" numMethods="1" />
          <FullName>SpreadsheetUtilities.Formula/&lt;GetTokens&gt;d__12</FullName>
          <Methods>
            <Method cyclomaticComplexity="6" nPathComplexity="0" sequenceCoverage="100" branchCoverage="83.33" isConstructor="False" isGetter="False" isSetter="False" isStatic="True">
              <Summary numSequencePoints="17" visitedSequencePoints="17" numBranchPoints="6" visitedBranchPoints="5" sequenceCoverage="100" branchCoverage="83.33" maxCyclomaticComplexity="6" minCyclomaticComplexity="6" visitedClasses="0" numClasses="0" visitedMethods="1" numMethods="1" />
              <MetadataToken />
              <Name>System.Boolean SpreadsheetUtilities.Formula/&lt;GetTokens&gt;d__12::MoveNext()</Name>
              <FileRef uid="1" />
              <SequencePoints>
                <SequencePoint vc="35" uspid="457" ordinal="0" sl="457" sc="1" el="457" ec="2" bec="0" bev="0" fileid="1" />
                <SequencePoint vc="35" uspid="459" ordinal="1" sl="459" sc="1" el="459" ec="2" bec="0" bev="0" fileid="1" />
                <SequencePoint vc="35" uspid="460" ordinal="2" sl="460" sc="1" el="460" ec="2" bec="0" bev="0" fileid="1" />
                <SequencePoint vc="35" uspid="461" ordinal="3" sl="461" sc="1" el="461" ec="2" bec="0" bev="0" fileid="1" />
                <SequencePoint vc="35" uspid="462" ordinal="4" sl="462" sc="1" el="462" ec="2" bec="0" bev="0" fileid="1" />
                <SequencePoint vc="35" uspid="463" ordinal="5" sl="463" sc="1" el="463" ec="2" bec="0" bev="0" fileid="1" />
                <SequencePoint vc="35" uspid="464" ordinal="6" sl="464" sc="1" el="464" ec="2" bec="0" bev="0" fileid="1" />
                <SequencePoint vc="35" uspid="467" ordinal="7" sl="467" sc="1" el="467" ec="2" bec="0" bev="0" fileid="1" />
                <SequencePoint vc="35" uspid="468" ordinal="8" sl="468" sc="1" el="468" ec="2" bec="0" bev="0" fileid="1" />
                <SequencePoint vc="868" uspid="471" ordinal="9" sl="471" sc="1" el="471" ec="2" bec="0" bev="0" fileid="1" />
                <SequencePoint vc="384" uspid="472" ordinal="10" sl="472" sc="1" el="472" ec="2" bec="0" bev="0" fileid="1" />
                <SequencePoint vc="384" uspid="473" ordinal="11" sl="473" sc="1" el="473" ec="2" bec="0" bev="0" fileid="1" />
                <SequencePoint vc="148" uspid="474" ordinal="12" sl="474" sc="1" el="474" ec="2" bec="0" bev="0" fileid="1" />
                <SequencePoint vc="148" uspid="475" ordinal="13" sl="475" sc="1" el="475" ec="2" bec="0" bev="0" fileid="1" />
                <SequencePoint vc="143" uspid="476" ordinal="14" sl="476" sc="1" el="476" ec="2" bec="0" bev="0" fileid="1" />
                <SequencePoint vc="379" uspid="477" ordinal="15" sl="477" sc="1" el="477" ec="2" bec="0" bev="0" fileid="1" />
                <SequencePoint vc="30" uspid="479" ordinal="16" sl="479" sc="1" el="479" ec="2" bec="0" bev="0" fileid="1" />
              </SequencePoints>
              <BranchPoints>
                <BranchPoint vc="0" uspid="457" ordinal="0" path="0" offset="14" offsetend="25" sl="457" fileid="1" />
                <BranchPoint vc="384" uspid="471" ordinal="5" path="1" offset="323" offsetend="212" sl="471" fileid="1" />
                <BranchPoint vc="148" uspid="473" ordinal="2" path="0" offset="255" offsetend="257" sl="473" fileid="1" />
                <BranchPoint vc="143" uspid="457" ordinal="1" path="1" offset="14" offsetend="279" sl="457" fileid="1" />
                <BranchPoint vc="379" uspid="473" ordinal="3" path="1" offset="255" offsetend="287" sl="473" fileid="1" />
                <BranchPoint vc="30" uspid="471" ordinal="4" path="0" offset="323" offsetend="325" sl="471" fileid="1" />
              </BranchPoints>
              <MethodPoint vc="17" uspid="0" p8:type="SequencePoint" ordinal="0" offset="0" sc="0" sl="457" ec="1" el="479" bec="0" bev="0" fileid="1" xmlns:p8="xsi" />
            </Method>
          </Methods>
        </Class>
        <Class>
          <Summary numSequencePoints="3" visitedSequencePoints="3" numBranchPoints="0" visitedBranchPoints="0" sequenceCoverage="100" branchCoverage="100" maxCyclomaticComplexity="1" minCyclomaticComplexity="1" visitedClasses="1" numClasses="1" visitedMethods="1" numMethods="1" />
          <FullName>SpreadsheetUtilities.FormulaFormatException</FullName>
          <Methods>
            <Method cyclomaticComplexity="1" nPathComplexity="0" sequenceCoverage="100" branchCoverage="100" isConstructor="True" isGetter="False" isSetter="False" isStatic="True">
              <Summary numSequencePoints="3" visitedSequencePoints="3" numBranchPoints="0" visitedBranchPoints="0" sequenceCoverage="100" branchCoverage="100" maxCyclomaticComplexity="1" minCyclomaticComplexity="1" visitedClasses="0" numClasses="0" visitedMethods="1" numMethods="1" />
              <MetadataToken />
              <Name>System.Void SpreadsheetUtilities.FormulaFormatException::.ctor(System.String)</Name>
              <FileRef uid="1" />
              <SequencePoints>
                <SequencePoint vc="8" uspid="491" ordinal="0" sl="491" sc="1" el="491" ec="2" bec="0" bev="0" fileid="1" />
                <SequencePoint vc="8" uspid="492" ordinal="1" sl="492" sc="1" el="492" ec="2" bec="0" bev="0" fileid="1" />
                <SequencePoint vc="8" uspid="493" ordinal="2" sl="493" sc="1" el="493" ec="2" bec="0" bev="0" fileid="1" />
              </SequencePoints>
              <BranchPoints />
              <MethodPoint vc="3" uspid="0" p8:type="SequencePoint" ordinal="0" offset="0" sc="0" sl="491" ec="1" el="493" bec="0" bev="0" fileid="1" xmlns:p8="xsi" />
            </Method>
          </Methods>
        </Class>
        <Class>
          <Summary numSequencePoints="5" visitedSequencePoints="4" numBranchPoints="0" visitedBranchPoints="0" sequenceCoverage="80" branchCoverage="100" maxCyclomaticComplexity="1" minCyclomaticComplexity="1" visitedClasses="1" numClasses="1" visitedMethods="1" numMethods="2" />
          <FullName>SpreadsheetUtilities.FormulaError</FullName>
          <Methods>
            <Method cyclomaticComplexity="1" nPathComplexity="0" sequenceCoverage="0" branchCoverage="100" isConstructor="False" isGetter="True" isSetter="False" isStatic="True">
              <Summary numSequencePoints="1" visitedSequencePoints="0" numBranchPoints="0" visitedBranchPoints="0" sequenceCoverage="0" branchCoverage="100" maxCyclomaticComplexity="1" minCyclomaticComplexity="1" visitedClasses="0" numClasses="0" visitedMethods="0" numMethods="1" />
              <MetadataToken />
              <Name>System.String SpreadsheetUtilities.FormulaError::get_Reason()</Name>
              <FileRef uid="1" />
              <SequencePoints>
                <SequencePoint vc="0" uspid="514" ordinal="0" sl="514" sc="1" el="514" ec="2" bec="0" bev="0" fileid="1" />
              </SequencePoints>
              <BranchPoints />
              <MethodPoint vc="0" uspid="0" p8:type="SequencePoint" ordinal="0" offset="0" sc="0" sl="514" ec="1" el="514" bec="0" bev="0" fileid="1" xmlns:p8="xsi" />
            </Method>
            <Method cyclomaticComplexity="1" nPathComplexity="0" sequenceCoverage="100" branchCoverage="100" isConstructor="True" isGetter="False" isSetter="False" isStatic="True">
              <Summary numSequencePoints="4" visitedSequencePoints="4" numBranchPoints="0" visitedBranchPoints="0" sequenceCoverage="100" branchCoverage="100" maxCyclomaticComplexity="1" minCyclomaticComplexity="1" visitedClasses="0" numClasses="0" visitedMethods="1" numMethods="1" />
              <MetadataToken />
              <Name>System.Void SpreadsheetUtilities.FormulaError::.ctor(System.String)</Name>
              <FileRef uid="1" />
              <SequencePoints>
                <SequencePoint vc="4" uspid="506" ordinal="0" sl="506" sc="1" el="506" ec="2" bec="0" bev="0" fileid="1" />
                <SequencePoint vc="4" uspid="507" ordinal="1" sl="507" sc="1" el="507" ec="2" bec="0" bev="0" fileid="1" />
                <SequencePoint vc="4" uspid="508" ordinal="2" sl="508" sc="1" el="508" ec="2" bec="0" bev="0" fileid="1" />
                <SequencePoint vc="4" uspid="509" ordinal="3" sl="509" sc="1" el="509" ec="2" bec="0" bev="0" fileid="1" />
              </SequencePoints>
              <BranchPoints />
              <MethodPoint vc="4" uspid="0" p8:type="SequencePoint" ordinal="1" offset="1" sc="0" sl="506" ec="1" el="509" bec="0" bev="0" fileid="1" xmlns:p8="xsi" />
            </Method>
          </Methods>
        </Class>
        <Class>
          <Summary numSequencePoints="53" visitedSequencePoints="44" numBranchPoints="16" visitedBranchPoints="11" sequenceCoverage="83.01" branchCoverage="68.75" maxCyclomaticComplexity="4" minCyclomaticComplexity="2" visitedClasses="1" numClasses="1" visitedMethods="6" numMethods="6" />
          <FullName>SpreadsheetUtilities.extensions</FullName>
          <Methods>
            <Method cyclomaticComplexity="2" nPathComplexity="0" sequenceCoverage="100" branchCoverage="100" isConstructor="False" isGetter="False" isSetter="False" isStatic="True">
              <Summary numSequencePoints="6" visitedSequencePoints="6" numBranchPoints="2" visitedBranchPoints="2" sequenceCoverage="100" branchCoverage="100" maxCyclomaticComplexity="2" minCyclomaticComplexity="2" visitedClasses="0" numClasses="0" visitedMethods="1" numMethods="1" />
              <MetadataToken />
              <Name>System.Boolean SpreadsheetUtilities.extensions::lastTokenIsValid(System.Collections.ArrayList)</Name>
              <FileRef uid="1" />
              <SequencePoints>
                <SequencePoint vc="29" uspid="528" ordinal="0" sl="528" sc="1" el="528" ec="2" bec="0" bev="0" fileid="1" />
                <SequencePoint vc="29" uspid="529" ordinal="1" sl="529" sc="1" el="529" ec="2" bec="0" bev="0" fileid="1" />
                <SequencePoint vc="29" uspid="530" ordinal="2" sl="530" sc="1" el="530" ec="2" bec="0" bev="0" fileid="1" />
                <SequencePoint vc="1" uspid="531" ordinal="3" sl="531" sc="1" el="531" ec="2" bec="0" bev="0" fileid="1" />
                <SequencePoint vc="28" uspid="532" ordinal="4" sl="532" sc="1" el="532" ec="2" bec="0" bev="0" fileid="1" />
                <SequencePoint vc="29" uspid="533" ordinal="5" sl="533" sc="1" el="533" ec="2" bec="0" bev="0" fileid="1" />
              </SequencePoints>
              <BranchPoints>
                <BranchPoint vc="1" uspid="530" ordinal="0" path="0" offset="89" offsetend="91" sl="530" fileid="1" />
                <BranchPoint vc="28" uspid="530" ordinal="1" path="1" offset="89" offsetend="95" sl="530" fileid="1" />
              </BranchPoints>
              <MethodPoint vc="6" uspid="0" p8:type="SequencePoint" ordinal="0" offset="0" sc="0" sl="528" ec="1" el="533" bec="0" bev="0" fileid="1" xmlns:p8="xsi" />
            </Method>
            <Method cyclomaticComplexity="4" nPathComplexity="0" sequenceCoverage="100" branchCoverage="100" isConstructor="False" isGetter="False" isSetter="False" isStatic="True">
              <Summary numSequencePoints="5" visitedSequencePoints="5" numBranchPoints="4" visitedBranchPoints="4" sequenceCoverage="100" branchCoverage="100" maxCyclomaticComplexity="4" minCyclomaticComplexity="4" visitedClasses="0" numClasses="0" visitedMethods="1" numMethods="1" />
              <MetadataToken />
              <Name>System.Boolean SpreadsheetUtilities.extensions::hasOnTop(System.Collections.Generic.Stack`1&lt;System.String&gt;,System.String)</Name>
              <FileRef uid="1" />
              <SequencePoints>
                <SequencePoint vc="135" uspid="542" ordinal="0" sl="542" sc="1" el="542" ec="2" bec="0" bev="0" fileid="1" />
                <SequencePoint vc="135" uspid="543" ordinal="1" sl="543" sc="1" el="543" ec="2" bec="0" bev="0" fileid="1" />
                <SequencePoint vc="26" uspid="544" ordinal="2" sl="544" sc="1" el="544" ec="2" bec="0" bev="0" fileid="1" />
                <SequencePoint vc="109" uspid="545" ordinal="3" sl="545" sc="1" el="545" ec="2" bec="0" bev="0" fileid="1" />
                <SequencePoint vc="135" uspid="546" ordinal="4" sl="546" sc="1" el="546" ec="2" bec="0" bev="0" fileid="1" />
              </SequencePoints>
              <BranchPoints>
                <BranchPoint vc="91" uspid="543" ordinal="0" path="0" offset="8" offsetend="10" sl="543" fileid="1" />
                <BranchPoint vc="44" uspid="543" ordinal="1" path="1" offset="8" offsetend="24" sl="543" fileid="1" />
                <BranchPoint vc="26" uspid="543" ordinal="2" path="0" offset="27" offsetend="29" sl="543" fileid="1" />
                <BranchPoint vc="109" uspid="543" ordinal="3" path="1" offset="27" offsetend="33" sl="543" fileid="1" />
              </BranchPoints>
              <MethodPoint vc="5" uspid="0" p8:type="SequencePoint" ordinal="1" offset="1" sc="0" sl="542" ec="1" el="546" bec="0" bev="0" fileid="1" xmlns:p8="xsi" />
            </Method>
            <Method cyclomaticComplexity="2" nPathComplexity="0" sequenceCoverage="80" branchCoverage="50" isConstructor="False" isGetter="False" isSetter="False" isStatic="True">
              <Summary numSequencePoints="10" visitedSequencePoints="8" numBranchPoints="2" visitedBranchPoints="1" sequenceCoverage="80" branchCoverage="50" maxCyclomaticComplexity="2" minCyclomaticComplexity="2" visitedClasses="0" numClasses="0" visitedMethods="1" numMethods="1" />
              <MetadataToken />
              <Name>System.Void SpreadsheetUtilities.extensions::addTopValues(System.Collections.Generic.Stack`1&lt;System.Double&gt;)</Name>
              <FileRef uid="1" />
              <SequencePoints>
                <SequencePoint vc="12" uspid="552" ordinal="0" sl="552" sc="1" el="552" ec="2" bec="0" bev="0" fileid="1" />
                <SequencePoint vc="12" uspid="553" ordinal="1" sl="553" sc="1" el="553" ec="2" bec="0" bev="0" fileid="1" />
                <SequencePoint vc="12" uspid="554" ordinal="2" sl="554" sc="1" el="554" ec="2" bec="0" bev="0" fileid="1" />
                <SequencePoint vc="12" uspid="556" ordinal="3" sl="556" sc="1" el="556" ec="2" bec="0" bev="0" fileid="1" />
                <SequencePoint vc="12" uspid="557" ordinal="4" sl="557" sc="1" el="557" ec="2" bec="0" bev="0" fileid="1" />
                <SequencePoint vc="12" uspid="558" ordinal="5" sl="558" sc="1" el="558" ec="2" bec="0" bev="0" fileid="1" />
                <SequencePoint vc="12" uspid="559" ordinal="6" sl="559" sc="1" el="559" ec="2" bec="0" bev="0" fileid="1" />
                <SequencePoint vc="0" uspid="561" ordinal="7" sl="561" sc="1" el="561" ec="2" bec="0" bev="0" fileid="1" />
                <SequencePoint vc="0" uspid="562" ordinal="8" sl="562" sc="1" el="562" ec="2" bec="0" bev="0" fileid="1" />
                <SequencePoint vc="12" uspid="564" ordinal="9" sl="564" sc="1" el="564" ec="2" bec="0" bev="0" fileid="1" />
              </SequencePoints>
              <BranchPoints>
                <BranchPoint vc="12" uspid="553" ordinal="0" path="0" offset="12" offsetend="14" sl="553" fileid="1" />
                <BranchPoint vc="0" uspid="553" ordinal="1" path="1" offset="12" offsetend="42" sl="553" fileid="1" />
              </BranchPoints>
              <MethodPoint vc="8" uspid="0" p8:type="SequencePoint" ordinal="2" offset="2" sc="0" sl="552" ec="1" el="564" bec="0" bev="0" fileid="1" xmlns:p8="xsi" />
            </Method>
            <Method cyclomaticComplexity="2" nPathComplexity="0" sequenceCoverage="80" branchCoverage="50" isConstructor="False" isGetter="False" isSetter="False" isStatic="True">
              <Summary numSequencePoints="10" visitedSequencePoints="8" numBranchPoints="2" visitedBranchPoints="1" sequenceCoverage="80" branchCoverage="50" maxCyclomaticComplexity="2" minCyclomaticComplexity="2" visitedClasses="0" numClasses="0" visitedMethods="1" numMethods="1" />
              <MetadataToken />
              <Name>System.Void SpreadsheetUtilities.extensions::subtractTopValues(System.Collections.Generic.Stack`1&lt;System.Double&gt;)</Name>
              <FileRef uid="1" />
              <SequencePoints>
                <SequencePoint vc="4" uspid="570" ordinal="0" sl="570" sc="1" el="570" ec="2" bec="0" bev="0" fileid="1" />
                <SequencePoint vc="4" uspid="571" ordinal="1" sl="571" sc="1" el="571" ec="2" bec="0" bev="0" fileid="1" />
                <SequencePoint vc="4" uspid="572" ordinal="2" sl="572" sc="1" el="572" ec="2" bec="0" bev="0" fileid="1" />
                <SequencePoint vc="4" uspid="574" ordinal="3" sl="574" sc="1" el="574" ec="2" bec="0" bev="0" fileid="1" />
                <SequencePoint vc="4" uspid="575" ordinal="4" sl="575" sc="1" el="575" ec="2" bec="0" bev="0" fileid="1" />
                <SequencePoint vc="4" uspid="576" ordinal="5" sl="576" sc="1" el="576" ec="2" bec="0" bev="0" fileid="1" />
                <SequencePoint vc="4" uspid="577" ordinal="6" sl="577" sc="1" el="577" ec="2" bec="0" bev="0" fileid="1" />
                <SequencePoint vc="0" uspid="579" ordinal="7" sl="579" sc="1" el="579" ec="2" bec="0" bev="0" fileid="1" />
                <SequencePoint vc="0" uspid="580" ordinal="8" sl="580" sc="1" el="580" ec="2" bec="0" bev="0" fileid="1" />
                <SequencePoint vc="4" uspid="582" ordinal="9" sl="582" sc="1" el="582" ec="2" bec="0" bev="0" fileid="1" />
              </SequencePoints>
              <BranchPoints>
                <BranchPoint vc="4" uspid="571" ordinal="0" path="0" offset="12" offsetend="14" sl="571" fileid="1" />
                <BranchPoint vc="0" uspid="571" ordinal="1" path="1" offset="12" offsetend="42" sl="571" fileid="1" />
              </BranchPoints>
              <MethodPoint vc="8" uspid="0" p8:type="SequencePoint" ordinal="3" offset="3" sc="0" sl="570" ec="1" el="582" bec="0" bev="0" fileid="1" xmlns:p8="xsi" />
            </Method>
            <Method cyclomaticComplexity="4" nPathComplexity="0" sequenceCoverage="75" branchCoverage="50" isConstructor="False" isGetter="False" isSetter="False" isStatic="True">
              <Summary numSequencePoints="12" visitedSequencePoints="9" numBranchPoints="4" visitedBranchPoints="2" sequenceCoverage="75" branchCoverage="50" maxCyclomaticComplexity="4" minCyclomaticComplexity="4" visitedClasses="0" numClasses="0" visitedMethods="1" numMethods="1" />
              <MetadataToken />
              <Name>System.Void SpreadsheetUtilities.extensions::divideTopValues(System.Collections.Generic.Stack`1&lt;System.Double&gt;)</Name>
              <FileRef uid="1" />
              <SequencePoints>
                <SequencePoint vc="4" uspid="588" ordinal="0" sl="588" sc="1" el="588" ec="2" bec="0" bev="0" fileid="1" />
                <SequencePoint vc="4" uspid="589" ordinal="1" sl="589" sc="1" el="589" ec="2" bec="0" bev="0" fileid="1" />
                <SequencePoint vc="4" uspid="590" ordinal="2" sl="590" sc="1" el="590" ec="2" bec="0" bev="0" fileid="1" />
                <SequencePoint vc="4" uspid="592" ordinal="3" sl="592" sc="1" el="592" ec="2" bec="0" bev="0" fileid="1" />
                <SequencePoint vc="4" uspid="593" ordinal="4" sl="593" sc="1" el="593" ec="2" bec="0" bev="0" fileid="1" />
                <SequencePoint vc="4" uspid="595" ordinal="5" sl="595" sc="1" el="595" ec="2" bec="0" bev="0" fileid="1" />
                <SequencePoint vc="0" uspid="596" ordinal="6" sl="596" sc="1" el="596" ec="2" bec="0" bev="0" fileid="1" />
                <SequencePoint vc="4" uspid="598" ordinal="7" sl="598" sc="1" el="598" ec="2" bec="0" bev="0" fileid="1" />
                <SequencePoint vc="4" uspid="599" ordinal="8" sl="599" sc="1" el="599" ec="2" bec="0" bev="0" fileid="1" />
                <SequencePoint vc="0" uspid="601" ordinal="9" sl="601" sc="1" el="601" ec="2" bec="0" bev="0" fileid="1" />
                <SequencePoint vc="0" uspid="602" ordinal="10" sl="602" sc="1" el="602" ec="2" bec="0" bev="0" fileid="1" />
                <SequencePoint vc="4" uspid="604" ordinal="11" sl="604" sc="1" el="604" ec="2" bec="0" bev="0" fileid="1" />
              </SequencePoints>
              <BranchPoints>
                <BranchPoint vc="4" uspid="589" ordinal="0" path="0" offset="12" offsetend="14" sl="589" fileid="1" />
                <BranchPoint vc="0" uspid="595" ordinal="2" path="0" offset="47" offsetend="49" sl="595" fileid="1" />
                <BranchPoint vc="4" uspid="595" ordinal="3" path="1" offset="47" offsetend="60" sl="595" fileid="1" />
                <BranchPoint vc="0" uspid="589" ordinal="1" path="1" offset="12" offsetend="73" sl="589" fileid="1" />
              </BranchPoints>
              <MethodPoint vc="9" uspid="0" p8:type="SequencePoint" ordinal="4" offset="4" sc="0" sl="588" ec="1" el="604" bec="0" bev="0" fileid="1" xmlns:p8="xsi" />
            </Method>
            <Method cyclomaticComplexity="2" nPathComplexity="0" sequenceCoverage="80" branchCoverage="50" isConstructor="False" isGetter="False" isSetter="False" isStatic="True">
              <Summary numSequencePoints="10" visitedSequencePoints="8" numBranchPoints="2" visitedBranchPoints="1" sequenceCoverage="80" branchCoverage="50" maxCyclomaticComplexity="2" minCyclomaticComplexity="2" visitedClasses="0" numClasses="0" visitedMethods="1" numMethods="1" />
              <MetadataToken />
              <Name>System.Void SpreadsheetUtilities.extensions::multiplyTopValues(System.Collections.Generic.Stack`1&lt;System.Double&gt;)</Name>
              <FileRef uid="1" />
              <SequencePoints>
                <SequencePoint vc="5" uspid="610" ordinal="0" sl="610" sc="1" el="610" ec="2" bec="0" bev="0" fileid="1" />
                <SequencePoint vc="5" uspid="611" ordinal="1" sl="611" sc="1" el="611" ec="2" bec="0" bev="0" fileid="1" />
                <SequencePoint vc="5" uspid="612" ordinal="2" sl="612" sc="1" el="612" ec="2" bec="0" bev="0" fileid="1" />
                <SequencePoint vc="5" uspid="614" ordinal="3" sl="614" sc="1" el="614" ec="2" bec="0" bev="0" fileid="1" />
                <SequencePoint vc="5" uspid="615" ordinal="4" sl="615" sc="1" el="615" ec="2" bec="0" bev="0" fileid="1" />
                <SequencePoint vc="5" uspid="616" ordinal="5" sl="616" sc="1" el="616" ec="2" bec="0" bev="0" fileid="1" />
                <SequencePoint vc="5" uspid="617" ordinal="6" sl="617" sc="1" el="617" ec="2" bec="0" bev="0" fileid="1" />
                <SequencePoint vc="0" uspid="619" ordinal="7" sl="619" sc="1" el="619" ec="2" bec="0" bev="0" fileid="1" />
                <SequencePoint vc="0" uspid="620" ordinal="8" sl="620" sc="1" el="620" ec="2" bec="0" bev="0" fileid="1" />
                <SequencePoint vc="5" uspid="622" ordinal="9" sl="622" sc="1" el="622" ec="2" bec="0" bev="0" fileid="1" />
              </SequencePoints>
              <BranchPoints>
                <BranchPoint vc="5" uspid="611" ordinal="0" path="0" offset="12" offsetend="14" sl="611" fileid="1" />
                <BranchPoint vc="0" uspid="611" ordinal="1" path="1" offset="12" offsetend="42" sl="611" fileid="1" />
              </BranchPoints>
              <MethodPoint vc="8" uspid="0" p8:type="SequencePoint" ordinal="5" offset="5" sc="0" sl="610" ec="1" el="622" bec="0" bev="0" fileid="1" xmlns:p8="xsi" />
            </Method>
          </Methods>
        </Class>
      </Classes>
    </Module>
  </Modules>
</CoverageSession>